=======================================================================================
| Kingdomino AI Experiment
|--------------------------------------------------------------------------------------
|
| Player strategy: UCT_TR_C01
| Opponent strategy: FULL_GREEDY
|
| Max search time: 0.5 (s)
| Max playouts: 0
| Runs: 10
|
| System: Mac 2.70GHz
| Output file: kdom_exp-20180111-131633-rev-99eaab3-cpu-2.70GHz/kdom_exp_UCT_TR_C01_vs_FULL_GREEDY_T0.5_P0.m
|
| Executing: 'java -jar out/kdom-exp.jar UCT_TR_C01 FULL_GREEDY 0.5 0 kdom_exp-20180111-131633-rev-99eaab3-cpu-2.70GHz/kdom_exp_UCT_TR_C01_vs_FULL_GREEDY_T0.5_P0.m'
| Git Revision: 99eaab3
---------------------------------------------------------------------------------------

---------------------------------------------------------------------------------------
| Experiment Run 1/10
---------------------------------------------------------------------------------------


---------------------------------------------------------------------------------------
| Experiment Run 2/10
---------------------------------------------------------------------------------------


---------------------------------------------------------------------------------------
| Experiment Run 3/10
---------------------------------------------------------------------------------------


---------------------------------------------------------------------------------------
| Experiment Run 4/10
---------------------------------------------------------------------------------------


---------------------------------------------------------------------------------------
| Experiment Run 5/10
---------------------------------------------------------------------------------------


---------------------------------------------------------------------------------------
| Experiment Run 6/10
---------------------------------------------------------------------------------------


---------------------------------------------------------------------------------------
| Experiment Run 7/10
---------------------------------------------------------------------------------------


---------------------------------------------------------------------------------------
| Experiment Run 8/10
---------------------------------------------------------------------------------------


---------------------------------------------------------------------------------------
| Experiment Run 9/10
---------------------------------------------------------------------------------------


---------------------------------------------------------------------------------------
| Experiment Run 10/10
---------------------------------------------------------------------------------------


---------------------------------------------------------------------------------------
| Experiment done!
---------------------------------------------------------------------------------------
