=======================================================================================
| Kingdomino AI Experiment
|--------------------------------------------------------------------------------------
|
| Player strategy: UCT_TR_C0_3_W0_0
| Opponent strategy: FULL_GREEDY
|
| Max search time: 1 (s)
| Max playouts: 0
| Runs: 200
|
| System: Linux 3.20GHz
| Output file: kdom_exp-20180118-072314-rev-9b54a81-cpu-3.20GHz/kdom_exp_UCT_TR_C0_3_W0_0_vs_FULL_GREEDY_T1_P0.dat
|
| Executing: 'java -jar out/kdom-exp.jar UCT_TR_C0_3_W0_0 FULL_GREEDY 1 0 kdom_exp-20180118-072314-rev-9b54a81-cpu-3.20GHz/kdom_exp_UCT_TR_C0_3_W0_0_vs_FULL_GREEDY_T1_P0.tmp'
| Git Revision: 9b54a81
---------------------------------------------------------------------------------------

---------------------------------------------------------------------------------------
| Experiment Run 1/200
---------------------------------------------------------------------------------------


---------------------------------------------------------------------------------------
| Experiment Run 2/200
---------------------------------------------------------------------------------------


---------------------------------------------------------------------------------------
| Experiment Run 3/200
---------------------------------------------------------------------------------------


---------------------------------------------------------------------------------------
| Experiment Run 4/200
---------------------------------------------------------------------------------------


---------------------------------------------------------------------------------------
| Experiment Run 5/200
---------------------------------------------------------------------------------------


---------------------------------------------------------------------------------------
| Experiment Run 6/200
---------------------------------------------------------------------------------------


---------------------------------------------------------------------------------------
| Experiment Run 7/200
---------------------------------------------------------------------------------------


---------------------------------------------------------------------------------------
| Experiment Run 8/200
---------------------------------------------------------------------------------------


---------------------------------------------------------------------------------------
| Experiment Run 9/200
---------------------------------------------------------------------------------------


---------------------------------------------------------------------------------------
| Experiment Run 10/200
---------------------------------------------------------------------------------------


---------------------------------------------------------------------------------------
| Experiment Run 11/200
---------------------------------------------------------------------------------------


---------------------------------------------------------------------------------------
| Experiment Run 12/200
---------------------------------------------------------------------------------------


---------------------------------------------------------------------------------------
| Experiment Run 13/200
---------------------------------------------------------------------------------------


---------------------------------------------------------------------------------------
| Experiment Run 14/200
---------------------------------------------------------------------------------------


---------------------------------------------------------------------------------------
| Experiment Run 15/200
---------------------------------------------------------------------------------------


---------------------------------------------------------------------------------------
| Experiment Run 16/200
---------------------------------------------------------------------------------------


---------------------------------------------------------------------------------------
| Experiment Run 17/200
---------------------------------------------------------------------------------------


---------------------------------------------------------------------------------------
| Experiment Run 18/200
---------------------------------------------------------------------------------------


---------------------------------------------------------------------------------------
| Experiment Run 19/200
---------------------------------------------------------------------------------------


---------------------------------------------------------------------------------------
| Experiment Run 20/200
---------------------------------------------------------------------------------------


---------------------------------------------------------------------------------------
| Experiment Run 21/200
---------------------------------------------------------------------------------------


---------------------------------------------------------------------------------------
| Experiment Run 22/200
---------------------------------------------------------------------------------------


---------------------------------------------------------------------------------------
| Experiment Run 23/200
---------------------------------------------------------------------------------------


---------------------------------------------------------------------------------------
| Experiment Run 24/200
---------------------------------------------------------------------------------------


---------------------------------------------------------------------------------------
| Experiment Run 25/200
---------------------------------------------------------------------------------------


---------------------------------------------------------------------------------------
| Experiment Run 26/200
---------------------------------------------------------------------------------------


---------------------------------------------------------------------------------------
| Experiment Run 27/200
---------------------------------------------------------------------------------------


---------------------------------------------------------------------------------------
| Experiment Run 28/200
---------------------------------------------------------------------------------------


---------------------------------------------------------------------------------------
| Experiment Run 29/200
---------------------------------------------------------------------------------------


---------------------------------------------------------------------------------------
| Experiment Run 30/200
---------------------------------------------------------------------------------------


---------------------------------------------------------------------------------------
| Experiment Run 31/200
---------------------------------------------------------------------------------------


---------------------------------------------------------------------------------------
| Experiment Run 32/200
---------------------------------------------------------------------------------------


---------------------------------------------------------------------------------------
| Experiment Run 33/200
---------------------------------------------------------------------------------------


---------------------------------------------------------------------------------------
| Experiment Run 34/200
---------------------------------------------------------------------------------------


---------------------------------------------------------------------------------------
| Experiment Run 35/200
---------------------------------------------------------------------------------------


---------------------------------------------------------------------------------------
| Experiment Run 36/200
---------------------------------------------------------------------------------------


---------------------------------------------------------------------------------------
| Experiment Run 37/200
---------------------------------------------------------------------------------------


---------------------------------------------------------------------------------------
| Experiment Run 38/200
---------------------------------------------------------------------------------------


---------------------------------------------------------------------------------------
| Experiment Run 39/200
---------------------------------------------------------------------------------------


---------------------------------------------------------------------------------------
| Experiment Run 40/200
---------------------------------------------------------------------------------------


---------------------------------------------------------------------------------------
| Experiment Run 41/200
---------------------------------------------------------------------------------------


---------------------------------------------------------------------------------------
| Experiment Run 42/200
---------------------------------------------------------------------------------------


---------------------------------------------------------------------------------------
| Experiment Run 43/200
---------------------------------------------------------------------------------------


---------------------------------------------------------------------------------------
| Experiment Run 44/200
---------------------------------------------------------------------------------------


---------------------------------------------------------------------------------------
| Experiment Run 45/200
---------------------------------------------------------------------------------------


---------------------------------------------------------------------------------------
| Experiment Run 46/200
---------------------------------------------------------------------------------------


---------------------------------------------------------------------------------------
| Experiment Run 47/200
---------------------------------------------------------------------------------------


---------------------------------------------------------------------------------------
| Experiment Run 48/200
---------------------------------------------------------------------------------------


---------------------------------------------------------------------------------------
| Experiment Run 49/200
---------------------------------------------------------------------------------------


---------------------------------------------------------------------------------------
| Experiment Run 50/200
---------------------------------------------------------------------------------------


---------------------------------------------------------------------------------------
| Experiment Run 51/200
---------------------------------------------------------------------------------------


---------------------------------------------------------------------------------------
| Experiment Run 52/200
---------------------------------------------------------------------------------------


---------------------------------------------------------------------------------------
| Experiment Run 53/200
---------------------------------------------------------------------------------------


---------------------------------------------------------------------------------------
| Experiment Run 54/200
---------------------------------------------------------------------------------------


---------------------------------------------------------------------------------------
| Experiment Run 55/200
---------------------------------------------------------------------------------------


---------------------------------------------------------------------------------------
| Experiment Run 56/200
---------------------------------------------------------------------------------------


---------------------------------------------------------------------------------------
| Experiment Run 57/200
---------------------------------------------------------------------------------------


---------------------------------------------------------------------------------------
| Experiment Run 58/200
---------------------------------------------------------------------------------------


---------------------------------------------------------------------------------------
| Experiment Run 59/200
---------------------------------------------------------------------------------------


---------------------------------------------------------------------------------------
| Experiment Run 60/200
---------------------------------------------------------------------------------------


---------------------------------------------------------------------------------------
| Experiment Run 61/200
---------------------------------------------------------------------------------------


---------------------------------------------------------------------------------------
| Experiment Run 62/200
---------------------------------------------------------------------------------------


---------------------------------------------------------------------------------------
| Experiment Run 63/200
---------------------------------------------------------------------------------------


---------------------------------------------------------------------------------------
| Experiment Run 64/200
---------------------------------------------------------------------------------------


---------------------------------------------------------------------------------------
| Experiment Run 65/200
---------------------------------------------------------------------------------------


---------------------------------------------------------------------------------------
| Experiment Run 66/200
---------------------------------------------------------------------------------------


---------------------------------------------------------------------------------------
| Experiment Run 67/200
---------------------------------------------------------------------------------------


---------------------------------------------------------------------------------------
| Experiment Run 68/200
---------------------------------------------------------------------------------------


---------------------------------------------------------------------------------------
| Experiment Run 69/200
---------------------------------------------------------------------------------------


---------------------------------------------------------------------------------------
| Experiment Run 70/200
---------------------------------------------------------------------------------------


---------------------------------------------------------------------------------------
| Experiment Run 71/200
---------------------------------------------------------------------------------------


---------------------------------------------------------------------------------------
| Experiment Run 72/200
---------------------------------------------------------------------------------------


---------------------------------------------------------------------------------------
| Experiment Run 73/200
---------------------------------------------------------------------------------------


---------------------------------------------------------------------------------------
| Experiment Run 74/200
---------------------------------------------------------------------------------------


---------------------------------------------------------------------------------------
| Experiment Run 75/200
---------------------------------------------------------------------------------------


---------------------------------------------------------------------------------------
| Experiment Run 76/200
---------------------------------------------------------------------------------------


---------------------------------------------------------------------------------------
| Experiment Run 77/200
---------------------------------------------------------------------------------------


---------------------------------------------------------------------------------------
| Experiment Run 78/200
---------------------------------------------------------------------------------------


---------------------------------------------------------------------------------------
| Experiment Run 79/200
---------------------------------------------------------------------------------------


---------------------------------------------------------------------------------------
| Experiment Run 80/200
---------------------------------------------------------------------------------------


---------------------------------------------------------------------------------------
| Experiment Run 81/200
---------------------------------------------------------------------------------------


---------------------------------------------------------------------------------------
| Experiment Run 82/200
---------------------------------------------------------------------------------------


---------------------------------------------------------------------------------------
| Experiment Run 83/200
---------------------------------------------------------------------------------------


---------------------------------------------------------------------------------------
| Experiment Run 84/200
---------------------------------------------------------------------------------------


---------------------------------------------------------------------------------------
| Experiment Run 85/200
---------------------------------------------------------------------------------------


---------------------------------------------------------------------------------------
| Experiment Run 86/200
---------------------------------------------------------------------------------------


---------------------------------------------------------------------------------------
| Experiment Run 87/200
---------------------------------------------------------------------------------------


---------------------------------------------------------------------------------------
| Experiment Run 88/200
---------------------------------------------------------------------------------------


---------------------------------------------------------------------------------------
| Experiment Run 89/200
---------------------------------------------------------------------------------------


---------------------------------------------------------------------------------------
| Experiment Run 90/200
---------------------------------------------------------------------------------------


---------------------------------------------------------------------------------------
| Experiment Run 91/200
---------------------------------------------------------------------------------------


---------------------------------------------------------------------------------------
| Experiment Run 92/200
---------------------------------------------------------------------------------------


---------------------------------------------------------------------------------------
| Experiment Run 93/200
---------------------------------------------------------------------------------------


---------------------------------------------------------------------------------------
| Experiment Run 94/200
---------------------------------------------------------------------------------------


---------------------------------------------------------------------------------------
| Experiment Run 95/200
---------------------------------------------------------------------------------------


---------------------------------------------------------------------------------------
| Experiment Run 96/200
---------------------------------------------------------------------------------------


---------------------------------------------------------------------------------------
| Experiment Run 97/200
---------------------------------------------------------------------------------------


---------------------------------------------------------------------------------------
| Experiment Run 98/200
---------------------------------------------------------------------------------------


---------------------------------------------------------------------------------------
| Experiment Run 99/200
---------------------------------------------------------------------------------------


---------------------------------------------------------------------------------------
| Experiment Run 100/200
---------------------------------------------------------------------------------------


---------------------------------------------------------------------------------------
| Experiment Run 101/200
---------------------------------------------------------------------------------------


---------------------------------------------------------------------------------------
| Experiment Run 102/200
---------------------------------------------------------------------------------------


---------------------------------------------------------------------------------------
| Experiment Run 103/200
---------------------------------------------------------------------------------------


---------------------------------------------------------------------------------------
| Experiment Run 104/200
---------------------------------------------------------------------------------------


---------------------------------------------------------------------------------------
| Experiment Run 105/200
---------------------------------------------------------------------------------------


---------------------------------------------------------------------------------------
| Experiment Run 106/200
---------------------------------------------------------------------------------------


---------------------------------------------------------------------------------------
| Experiment Run 107/200
---------------------------------------------------------------------------------------


---------------------------------------------------------------------------------------
| Experiment Run 108/200
---------------------------------------------------------------------------------------


---------------------------------------------------------------------------------------
| Experiment Run 109/200
---------------------------------------------------------------------------------------


---------------------------------------------------------------------------------------
| Experiment Run 110/200
---------------------------------------------------------------------------------------


---------------------------------------------------------------------------------------
| Experiment Run 111/200
---------------------------------------------------------------------------------------


---------------------------------------------------------------------------------------
| Experiment Run 112/200
---------------------------------------------------------------------------------------


---------------------------------------------------------------------------------------
| Experiment Run 113/200
---------------------------------------------------------------------------------------


---------------------------------------------------------------------------------------
| Experiment Run 114/200
---------------------------------------------------------------------------------------


---------------------------------------------------------------------------------------
| Experiment Run 115/200
---------------------------------------------------------------------------------------


---------------------------------------------------------------------------------------
| Experiment Run 116/200
---------------------------------------------------------------------------------------


---------------------------------------------------------------------------------------
| Experiment Run 117/200
---------------------------------------------------------------------------------------


---------------------------------------------------------------------------------------
| Experiment Run 118/200
---------------------------------------------------------------------------------------


---------------------------------------------------------------------------------------
| Experiment Run 119/200
---------------------------------------------------------------------------------------


---------------------------------------------------------------------------------------
| Experiment Run 120/200
---------------------------------------------------------------------------------------


---------------------------------------------------------------------------------------
| Experiment Run 121/200
---------------------------------------------------------------------------------------


---------------------------------------------------------------------------------------
| Experiment Run 122/200
---------------------------------------------------------------------------------------


---------------------------------------------------------------------------------------
| Experiment Run 123/200
---------------------------------------------------------------------------------------


---------------------------------------------------------------------------------------
| Experiment Run 124/200
---------------------------------------------------------------------------------------


---------------------------------------------------------------------------------------
| Experiment Run 125/200
---------------------------------------------------------------------------------------


---------------------------------------------------------------------------------------
| Experiment Run 126/200
---------------------------------------------------------------------------------------


---------------------------------------------------------------------------------------
| Experiment Run 127/200
---------------------------------------------------------------------------------------


---------------------------------------------------------------------------------------
| Experiment Run 128/200
---------------------------------------------------------------------------------------


---------------------------------------------------------------------------------------
| Experiment Run 129/200
---------------------------------------------------------------------------------------


---------------------------------------------------------------------------------------
| Experiment Run 130/200
---------------------------------------------------------------------------------------


---------------------------------------------------------------------------------------
| Experiment Run 131/200
---------------------------------------------------------------------------------------


---------------------------------------------------------------------------------------
| Experiment Run 132/200
---------------------------------------------------------------------------------------


---------------------------------------------------------------------------------------
| Experiment Run 133/200
---------------------------------------------------------------------------------------


---------------------------------------------------------------------------------------
| Experiment Run 134/200
---------------------------------------------------------------------------------------


---------------------------------------------------------------------------------------
| Experiment Run 135/200
---------------------------------------------------------------------------------------


---------------------------------------------------------------------------------------
| Experiment Run 136/200
---------------------------------------------------------------------------------------


---------------------------------------------------------------------------------------
| Experiment Run 137/200
---------------------------------------------------------------------------------------


---------------------------------------------------------------------------------------
| Experiment Run 138/200
---------------------------------------------------------------------------------------


---------------------------------------------------------------------------------------
| Experiment Run 139/200
---------------------------------------------------------------------------------------


---------------------------------------------------------------------------------------
| Experiment Run 140/200
---------------------------------------------------------------------------------------


---------------------------------------------------------------------------------------
| Experiment Run 141/200
---------------------------------------------------------------------------------------


---------------------------------------------------------------------------------------
| Experiment Run 142/200
---------------------------------------------------------------------------------------


---------------------------------------------------------------------------------------
| Experiment Run 143/200
---------------------------------------------------------------------------------------


---------------------------------------------------------------------------------------
| Experiment Run 144/200
---------------------------------------------------------------------------------------


---------------------------------------------------------------------------------------
| Experiment Run 145/200
---------------------------------------------------------------------------------------


---------------------------------------------------------------------------------------
| Experiment Run 146/200
---------------------------------------------------------------------------------------


---------------------------------------------------------------------------------------
| Experiment Run 147/200
---------------------------------------------------------------------------------------


---------------------------------------------------------------------------------------
| Experiment Run 148/200
---------------------------------------------------------------------------------------


---------------------------------------------------------------------------------------
| Experiment Run 149/200
---------------------------------------------------------------------------------------


---------------------------------------------------------------------------------------
| Experiment Run 150/200
---------------------------------------------------------------------------------------


---------------------------------------------------------------------------------------
| Experiment Run 151/200
---------------------------------------------------------------------------------------


---------------------------------------------------------------------------------------
| Experiment Run 152/200
---------------------------------------------------------------------------------------


---------------------------------------------------------------------------------------
| Experiment Run 153/200
---------------------------------------------------------------------------------------


---------------------------------------------------------------------------------------
| Experiment Run 154/200
---------------------------------------------------------------------------------------


---------------------------------------------------------------------------------------
| Experiment Run 155/200
---------------------------------------------------------------------------------------


---------------------------------------------------------------------------------------
| Experiment Run 156/200
---------------------------------------------------------------------------------------


---------------------------------------------------------------------------------------
| Experiment Run 157/200
---------------------------------------------------------------------------------------


---------------------------------------------------------------------------------------
| Experiment Run 158/200
---------------------------------------------------------------------------------------


---------------------------------------------------------------------------------------
| Experiment Run 159/200
---------------------------------------------------------------------------------------


---------------------------------------------------------------------------------------
| Experiment Run 160/200
---------------------------------------------------------------------------------------


---------------------------------------------------------------------------------------
| Experiment Run 161/200
---------------------------------------------------------------------------------------


---------------------------------------------------------------------------------------
| Experiment Run 162/200
---------------------------------------------------------------------------------------


---------------------------------------------------------------------------------------
| Experiment Run 163/200
---------------------------------------------------------------------------------------


---------------------------------------------------------------------------------------
| Experiment Run 164/200
---------------------------------------------------------------------------------------


---------------------------------------------------------------------------------------
| Experiment Run 165/200
---------------------------------------------------------------------------------------


---------------------------------------------------------------------------------------
| Experiment Run 166/200
---------------------------------------------------------------------------------------


---------------------------------------------------------------------------------------
| Experiment Run 167/200
---------------------------------------------------------------------------------------


---------------------------------------------------------------------------------------
| Experiment Run 168/200
---------------------------------------------------------------------------------------


---------------------------------------------------------------------------------------
| Experiment Run 169/200
---------------------------------------------------------------------------------------


---------------------------------------------------------------------------------------
| Experiment Run 170/200
---------------------------------------------------------------------------------------


---------------------------------------------------------------------------------------
| Experiment Run 171/200
---------------------------------------------------------------------------------------


---------------------------------------------------------------------------------------
| Experiment Run 172/200
---------------------------------------------------------------------------------------


---------------------------------------------------------------------------------------
| Experiment Run 173/200
---------------------------------------------------------------------------------------


---------------------------------------------------------------------------------------
| Experiment Run 174/200
---------------------------------------------------------------------------------------


---------------------------------------------------------------------------------------
| Experiment Run 175/200
---------------------------------------------------------------------------------------


---------------------------------------------------------------------------------------
| Experiment Run 176/200
---------------------------------------------------------------------------------------


---------------------------------------------------------------------------------------
| Experiment Run 177/200
---------------------------------------------------------------------------------------


---------------------------------------------------------------------------------------
| Experiment Run 178/200
---------------------------------------------------------------------------------------


---------------------------------------------------------------------------------------
| Experiment Run 179/200
---------------------------------------------------------------------------------------


---------------------------------------------------------------------------------------
| Experiment Run 180/200
---------------------------------------------------------------------------------------


---------------------------------------------------------------------------------------
| Experiment Run 181/200
---------------------------------------------------------------------------------------


---------------------------------------------------------------------------------------
| Experiment Run 182/200
---------------------------------------------------------------------------------------


---------------------------------------------------------------------------------------
| Experiment Run 183/200
---------------------------------------------------------------------------------------


---------------------------------------------------------------------------------------
| Experiment Run 184/200
---------------------------------------------------------------------------------------


---------------------------------------------------------------------------------------
| Experiment Run 185/200
---------------------------------------------------------------------------------------


---------------------------------------------------------------------------------------
| Experiment Run 186/200
---------------------------------------------------------------------------------------


---------------------------------------------------------------------------------------
| Experiment Run 187/200
---------------------------------------------------------------------------------------


---------------------------------------------------------------------------------------
| Experiment Run 188/200
---------------------------------------------------------------------------------------


---------------------------------------------------------------------------------------
| Experiment Run 189/200
---------------------------------------------------------------------------------------


---------------------------------------------------------------------------------------
| Experiment Run 190/200
---------------------------------------------------------------------------------------


---------------------------------------------------------------------------------------
| Experiment Run 191/200
---------------------------------------------------------------------------------------


---------------------------------------------------------------------------------------
| Experiment Run 192/200
---------------------------------------------------------------------------------------


---------------------------------------------------------------------------------------
| Experiment Run 193/200
---------------------------------------------------------------------------------------


---------------------------------------------------------------------------------------
| Experiment Run 194/200
---------------------------------------------------------------------------------------


---------------------------------------------------------------------------------------
| Experiment Run 195/200
---------------------------------------------------------------------------------------


---------------------------------------------------------------------------------------
| Experiment Run 196/200
---------------------------------------------------------------------------------------


---------------------------------------------------------------------------------------
| Experiment Run 197/200
---------------------------------------------------------------------------------------


---------------------------------------------------------------------------------------
| Experiment Run 198/200
---------------------------------------------------------------------------------------


---------------------------------------------------------------------------------------
| Experiment Run 199/200
---------------------------------------------------------------------------------------


---------------------------------------------------------------------------------------
| Experiment Run 200/200
---------------------------------------------------------------------------------------


---------------------------------------------------------------------------------------
| Experiment done!
---------------------------------------------------------------------------------------
