=======================================================================================
| Kingdomino AI Experiment
|--------------------------------------------------------------------------------------
|
| Player strategy: UCTW_FG_C0_6_W0_6
| Opponent strategy: FULL_GREEDY
|
| Max search time: 2.0 (s)
| Max playouts: 0
| Runs: 200
|
| System: Linux 3.20GHz
| Output file: kdom_exp-20180225-001530-rev-f2aa1c3-cpu-3.20GHz/kdom_exp_UCTW_FG_C0_6_W0_6_vs_FULL_GREEDY_G200_T2.0_P0.dat
|
| Executing: 'java -jar out/kdom-exp.jar UCTW_FG_C0_6_W0_6 FULL_GREEDY 2.0 0 kdom_exp-20180225-001530-rev-f2aa1c3-cpu-3.20GHz/kdom_exp_UCTW_FG_C0_6_W0_6_vs_FULL_GREEDY_G200_T2.0_P0.tmp'
| Git Revision: f2aa1c3
|
| Start time: 2018-02-25_14:18:23
---------------------------------------------------------------------------------------

---------------------------------------------------------------------------------------
| Experiment Run 1/200 [2018-02-25_14:18:23]
---------------------------------------------------------------------------------------


---------------------------------------------------------------------------------------
| Experiment Run 2/200 [2018-02-25_14:19:22]
---------------------------------------------------------------------------------------


---------------------------------------------------------------------------------------
| Experiment Run 3/200 [2018-02-25_14:20:14]
---------------------------------------------------------------------------------------


---------------------------------------------------------------------------------------
| Experiment Run 4/200 [2018-02-25_14:21:04]
---------------------------------------------------------------------------------------


---------------------------------------------------------------------------------------
| Experiment Run 5/200 [2018-02-25_14:22:09]
---------------------------------------------------------------------------------------


---------------------------------------------------------------------------------------
| Experiment Run 6/200 [2018-02-25_14:23:08]
---------------------------------------------------------------------------------------


---------------------------------------------------------------------------------------
| Experiment Run 7/200 [2018-02-25_14:24:08]
---------------------------------------------------------------------------------------


---------------------------------------------------------------------------------------
| Experiment Run 8/200 [2018-02-25_14:25:11]
---------------------------------------------------------------------------------------


---------------------------------------------------------------------------------------
| Experiment Run 9/200 [2018-02-25_14:26:09]
---------------------------------------------------------------------------------------


---------------------------------------------------------------------------------------
| Experiment Run 10/200 [2018-02-25_14:27:03]
---------------------------------------------------------------------------------------


---------------------------------------------------------------------------------------
| Experiment Run 11/200 [2018-02-25_14:28:06]
---------------------------------------------------------------------------------------


---------------------------------------------------------------------------------------
| Experiment Run 12/200 [2018-02-25_14:29:10]
---------------------------------------------------------------------------------------


---------------------------------------------------------------------------------------
| Experiment Run 13/200 [2018-02-25_14:30:06]
---------------------------------------------------------------------------------------


---------------------------------------------------------------------------------------
| Experiment Run 14/200 [2018-02-25_14:30:57]
---------------------------------------------------------------------------------------


---------------------------------------------------------------------------------------
| Experiment Run 15/200 [2018-02-25_14:31:55]
---------------------------------------------------------------------------------------


---------------------------------------------------------------------------------------
| Experiment Run 16/200 [2018-02-25_14:32:50]
---------------------------------------------------------------------------------------


---------------------------------------------------------------------------------------
| Experiment Run 17/200 [2018-02-25_14:33:39]
---------------------------------------------------------------------------------------


---------------------------------------------------------------------------------------
| Experiment Run 18/200 [2018-02-25_14:34:32]
---------------------------------------------------------------------------------------


---------------------------------------------------------------------------------------
| Experiment Run 19/200 [2018-02-25_14:35:26]
---------------------------------------------------------------------------------------


---------------------------------------------------------------------------------------
| Experiment Run 20/200 [2018-02-25_14:36:26]
---------------------------------------------------------------------------------------


---------------------------------------------------------------------------------------
| Experiment Run 21/200 [2018-02-25_14:37:21]
---------------------------------------------------------------------------------------


---------------------------------------------------------------------------------------
| Experiment Run 22/200 [2018-02-25_14:38:18]
---------------------------------------------------------------------------------------


---------------------------------------------------------------------------------------
| Experiment Run 23/200 [2018-02-25_14:39:17]
---------------------------------------------------------------------------------------


---------------------------------------------------------------------------------------
| Experiment Run 24/200 [2018-02-25_14:40:07]
---------------------------------------------------------------------------------------


---------------------------------------------------------------------------------------
| Experiment Run 25/200 [2018-02-25_14:41:07]
---------------------------------------------------------------------------------------


---------------------------------------------------------------------------------------
| Experiment Run 26/200 [2018-02-25_14:42:06]
---------------------------------------------------------------------------------------


---------------------------------------------------------------------------------------
| Experiment Run 27/200 [2018-02-25_14:43:16]
---------------------------------------------------------------------------------------


---------------------------------------------------------------------------------------
| Experiment Run 28/200 [2018-02-25_14:44:22]
---------------------------------------------------------------------------------------


---------------------------------------------------------------------------------------
| Experiment Run 29/200 [2018-02-25_14:45:16]
---------------------------------------------------------------------------------------


---------------------------------------------------------------------------------------
| Experiment Run 30/200 [2018-02-25_14:46:08]
---------------------------------------------------------------------------------------


---------------------------------------------------------------------------------------
| Experiment Run 31/200 [2018-02-25_14:47:13]
---------------------------------------------------------------------------------------


---------------------------------------------------------------------------------------
| Experiment Run 32/200 [2018-02-25_14:48:05]
---------------------------------------------------------------------------------------


---------------------------------------------------------------------------------------
| Experiment Run 33/200 [2018-02-25_14:49:12]
---------------------------------------------------------------------------------------


---------------------------------------------------------------------------------------
| Experiment Run 34/200 [2018-02-25_14:50:04]
---------------------------------------------------------------------------------------


---------------------------------------------------------------------------------------
| Experiment Run 35/200 [2018-02-25_14:51:03]
---------------------------------------------------------------------------------------


---------------------------------------------------------------------------------------
| Experiment Run 36/200 [2018-02-25_14:52:02]
---------------------------------------------------------------------------------------


---------------------------------------------------------------------------------------
| Experiment Run 37/200 [2018-02-25_14:53:07]
---------------------------------------------------------------------------------------


---------------------------------------------------------------------------------------
| Experiment Run 38/200 [2018-02-25_14:54:03]
---------------------------------------------------------------------------------------


---------------------------------------------------------------------------------------
| Experiment Run 39/200 [2018-02-25_14:55:01]
---------------------------------------------------------------------------------------


---------------------------------------------------------------------------------------
| Experiment Run 40/200 [2018-02-25_14:56:03]
---------------------------------------------------------------------------------------


---------------------------------------------------------------------------------------
| Experiment Run 41/200 [2018-02-25_14:57:03]
---------------------------------------------------------------------------------------


---------------------------------------------------------------------------------------
| Experiment Run 42/200 [2018-02-25_14:57:59]
---------------------------------------------------------------------------------------


---------------------------------------------------------------------------------------
| Experiment Run 43/200 [2018-02-25_14:58:57]
---------------------------------------------------------------------------------------


---------------------------------------------------------------------------------------
| Experiment Run 44/200 [2018-02-25_14:59:48]
---------------------------------------------------------------------------------------


---------------------------------------------------------------------------------------
| Experiment Run 45/200 [2018-02-25_15:01:00]
---------------------------------------------------------------------------------------


---------------------------------------------------------------------------------------
| Experiment Run 46/200 [2018-02-25_15:02:03]
---------------------------------------------------------------------------------------


---------------------------------------------------------------------------------------
| Experiment Run 47/200 [2018-02-25_15:02:57]
---------------------------------------------------------------------------------------


---------------------------------------------------------------------------------------
| Experiment Run 48/200 [2018-02-25_15:03:47]
---------------------------------------------------------------------------------------


---------------------------------------------------------------------------------------
| Experiment Run 49/200 [2018-02-25_15:04:39]
---------------------------------------------------------------------------------------


---------------------------------------------------------------------------------------
| Experiment Run 50/200 [2018-02-25_15:05:38]
---------------------------------------------------------------------------------------


---------------------------------------------------------------------------------------
| Experiment Run 51/200 [2018-02-25_15:06:34]
---------------------------------------------------------------------------------------


---------------------------------------------------------------------------------------
| Experiment Run 52/200 [2018-02-25_15:07:40]
---------------------------------------------------------------------------------------


---------------------------------------------------------------------------------------
| Experiment Run 53/200 [2018-02-25_15:08:34]
---------------------------------------------------------------------------------------


---------------------------------------------------------------------------------------
| Experiment Run 54/200 [2018-02-25_15:09:33]
---------------------------------------------------------------------------------------


---------------------------------------------------------------------------------------
| Experiment Run 55/200 [2018-02-25_15:10:29]
---------------------------------------------------------------------------------------


---------------------------------------------------------------------------------------
| Experiment Run 56/200 [2018-02-25_15:11:19]
---------------------------------------------------------------------------------------


---------------------------------------------------------------------------------------
| Experiment Run 57/200 [2018-02-25_15:12:15]
---------------------------------------------------------------------------------------


---------------------------------------------------------------------------------------
| Experiment Run 58/200 [2018-02-25_15:13:15]
---------------------------------------------------------------------------------------


---------------------------------------------------------------------------------------
| Experiment Run 59/200 [2018-02-25_15:14:06]
---------------------------------------------------------------------------------------


---------------------------------------------------------------------------------------
| Experiment Run 60/200 [2018-02-25_15:14:56]
---------------------------------------------------------------------------------------


---------------------------------------------------------------------------------------
| Experiment Run 61/200 [2018-02-25_15:15:56]
---------------------------------------------------------------------------------------


---------------------------------------------------------------------------------------
| Experiment Run 62/200 [2018-02-25_15:17:04]
---------------------------------------------------------------------------------------


---------------------------------------------------------------------------------------
| Experiment Run 63/200 [2018-02-25_15:17:53]
---------------------------------------------------------------------------------------


---------------------------------------------------------------------------------------
| Experiment Run 64/200 [2018-02-25_15:18:59]
---------------------------------------------------------------------------------------


---------------------------------------------------------------------------------------
| Experiment Run 65/200 [2018-02-25_15:19:47]
---------------------------------------------------------------------------------------


---------------------------------------------------------------------------------------
| Experiment Run 66/200 [2018-02-25_15:20:55]
---------------------------------------------------------------------------------------


---------------------------------------------------------------------------------------
| Experiment Run 67/200 [2018-02-25_15:21:46]
---------------------------------------------------------------------------------------


---------------------------------------------------------------------------------------
| Experiment Run 68/200 [2018-02-25_15:22:50]
---------------------------------------------------------------------------------------


---------------------------------------------------------------------------------------
| Experiment Run 69/200 [2018-02-25_15:23:53]
---------------------------------------------------------------------------------------


---------------------------------------------------------------------------------------
| Experiment Run 70/200 [2018-02-25_15:24:47]
---------------------------------------------------------------------------------------


---------------------------------------------------------------------------------------
| Experiment Run 71/200 [2018-02-25_15:25:46]
---------------------------------------------------------------------------------------


---------------------------------------------------------------------------------------
| Experiment Run 72/200 [2018-02-25_15:26:40]
---------------------------------------------------------------------------------------


---------------------------------------------------------------------------------------
| Experiment Run 73/200 [2018-02-25_15:27:42]
---------------------------------------------------------------------------------------


---------------------------------------------------------------------------------------
| Experiment Run 74/200 [2018-02-25_15:28:43]
---------------------------------------------------------------------------------------


---------------------------------------------------------------------------------------
| Experiment Run 75/200 [2018-02-25_15:29:52]
---------------------------------------------------------------------------------------


---------------------------------------------------------------------------------------
| Experiment Run 76/200 [2018-02-25_15:30:41]
---------------------------------------------------------------------------------------


---------------------------------------------------------------------------------------
| Experiment Run 77/200 [2018-02-25_15:31:42]
---------------------------------------------------------------------------------------


---------------------------------------------------------------------------------------
| Experiment Run 78/200 [2018-02-25_15:32:42]
---------------------------------------------------------------------------------------


---------------------------------------------------------------------------------------
| Experiment Run 79/200 [2018-02-25_15:33:45]
---------------------------------------------------------------------------------------


---------------------------------------------------------------------------------------
| Experiment Run 80/200 [2018-02-25_15:34:44]
---------------------------------------------------------------------------------------


---------------------------------------------------------------------------------------
| Experiment Run 81/200 [2018-02-25_15:35:37]
---------------------------------------------------------------------------------------


---------------------------------------------------------------------------------------
| Experiment Run 82/200 [2018-02-25_15:36:43]
---------------------------------------------------------------------------------------


---------------------------------------------------------------------------------------
| Experiment Run 83/200 [2018-02-25_15:37:36]
---------------------------------------------------------------------------------------


---------------------------------------------------------------------------------------
| Experiment Run 84/200 [2018-02-25_15:38:28]
---------------------------------------------------------------------------------------


---------------------------------------------------------------------------------------
| Experiment Run 85/200 [2018-02-25_15:39:28]
---------------------------------------------------------------------------------------


---------------------------------------------------------------------------------------
| Experiment Run 86/200 [2018-02-25_15:40:28]
---------------------------------------------------------------------------------------


---------------------------------------------------------------------------------------
| Experiment Run 87/200 [2018-02-25_15:41:33]
---------------------------------------------------------------------------------------


---------------------------------------------------------------------------------------
| Experiment Run 88/200 [2018-02-25_15:42:28]
---------------------------------------------------------------------------------------


---------------------------------------------------------------------------------------
| Experiment Run 89/200 [2018-02-25_15:43:31]
---------------------------------------------------------------------------------------


---------------------------------------------------------------------------------------
| Experiment Run 90/200 [2018-02-25_15:44:33]
---------------------------------------------------------------------------------------


---------------------------------------------------------------------------------------
| Experiment Run 91/200 [2018-02-25_15:45:31]
---------------------------------------------------------------------------------------


---------------------------------------------------------------------------------------
| Experiment Run 92/200 [2018-02-25_15:46:28]
---------------------------------------------------------------------------------------


---------------------------------------------------------------------------------------
| Experiment Run 93/200 [2018-02-25_15:47:28]
---------------------------------------------------------------------------------------


---------------------------------------------------------------------------------------
| Experiment Run 94/200 [2018-02-25_15:48:22]
---------------------------------------------------------------------------------------


---------------------------------------------------------------------------------------
| Experiment Run 95/200 [2018-02-25_15:49:27]
---------------------------------------------------------------------------------------


---------------------------------------------------------------------------------------
| Experiment Run 96/200 [2018-02-25_15:50:36]
---------------------------------------------------------------------------------------


---------------------------------------------------------------------------------------
| Experiment Run 97/200 [2018-02-25_15:51:28]
---------------------------------------------------------------------------------------


---------------------------------------------------------------------------------------
| Experiment Run 98/200 [2018-02-25_15:52:26]
---------------------------------------------------------------------------------------


---------------------------------------------------------------------------------------
| Experiment Run 99/200 [2018-02-25_15:53:27]
---------------------------------------------------------------------------------------


---------------------------------------------------------------------------------------
| Experiment Run 100/200 [2018-02-25_15:54:27]
---------------------------------------------------------------------------------------


---------------------------------------------------------------------------------------
| Experiment Run 101/200 [2018-02-25_15:55:44]
---------------------------------------------------------------------------------------


---------------------------------------------------------------------------------------
| Experiment Run 102/200 [2018-02-25_15:56:39]
---------------------------------------------------------------------------------------


---------------------------------------------------------------------------------------
| Experiment Run 103/200 [2018-02-25_15:57:40]
---------------------------------------------------------------------------------------


---------------------------------------------------------------------------------------
| Experiment Run 104/200 [2018-02-25_15:58:42]
---------------------------------------------------------------------------------------


---------------------------------------------------------------------------------------
| Experiment Run 105/200 [2018-02-25_15:59:35]
---------------------------------------------------------------------------------------


---------------------------------------------------------------------------------------
| Experiment Run 106/200 [2018-02-25_16:00:57]
---------------------------------------------------------------------------------------


---------------------------------------------------------------------------------------
| Experiment Run 107/200 [2018-02-25_16:01:57]
---------------------------------------------------------------------------------------


---------------------------------------------------------------------------------------
| Experiment Run 108/200 [2018-02-25_16:02:59]
---------------------------------------------------------------------------------------


---------------------------------------------------------------------------------------
| Experiment Run 109/200 [2018-02-25_16:04:06]
---------------------------------------------------------------------------------------


---------------------------------------------------------------------------------------
| Experiment Run 110/200 [2018-02-25_16:05:02]
---------------------------------------------------------------------------------------


---------------------------------------------------------------------------------------
| Experiment Run 111/200 [2018-02-25_16:06:01]
---------------------------------------------------------------------------------------


---------------------------------------------------------------------------------------
| Experiment Run 112/200 [2018-02-25_16:07:04]
---------------------------------------------------------------------------------------


---------------------------------------------------------------------------------------
| Experiment Run 113/200 [2018-02-25_16:07:57]
---------------------------------------------------------------------------------------


---------------------------------------------------------------------------------------
| Experiment Run 114/200 [2018-02-25_16:09:02]
---------------------------------------------------------------------------------------


---------------------------------------------------------------------------------------
| Experiment Run 115/200 [2018-02-25_16:10:03]
---------------------------------------------------------------------------------------


---------------------------------------------------------------------------------------
| Experiment Run 116/200 [2018-02-25_16:11:02]
---------------------------------------------------------------------------------------


---------------------------------------------------------------------------------------
| Experiment Run 117/200 [2018-02-25_16:11:59]
---------------------------------------------------------------------------------------


---------------------------------------------------------------------------------------
| Experiment Run 118/200 [2018-02-25_16:12:52]
---------------------------------------------------------------------------------------


---------------------------------------------------------------------------------------
| Experiment Run 119/200 [2018-02-25_16:13:44]
---------------------------------------------------------------------------------------


---------------------------------------------------------------------------------------
| Experiment Run 120/200 [2018-02-25_16:14:35]
---------------------------------------------------------------------------------------


---------------------------------------------------------------------------------------
| Experiment Run 121/200 [2018-02-25_16:15:36]
---------------------------------------------------------------------------------------


---------------------------------------------------------------------------------------
| Experiment Run 122/200 [2018-02-25_16:16:43]
---------------------------------------------------------------------------------------


---------------------------------------------------------------------------------------
| Experiment Run 123/200 [2018-02-25_16:17:42]
---------------------------------------------------------------------------------------


---------------------------------------------------------------------------------------
| Experiment Run 124/200 [2018-02-25_16:18:38]
---------------------------------------------------------------------------------------


---------------------------------------------------------------------------------------
| Experiment Run 125/200 [2018-02-25_16:19:37]
---------------------------------------------------------------------------------------


---------------------------------------------------------------------------------------
| Experiment Run 126/200 [2018-02-25_16:20:34]
---------------------------------------------------------------------------------------


---------------------------------------------------------------------------------------
| Experiment Run 127/200 [2018-02-25_16:21:28]
---------------------------------------------------------------------------------------


---------------------------------------------------------------------------------------
| Experiment Run 128/200 [2018-02-25_16:22:35]
---------------------------------------------------------------------------------------


---------------------------------------------------------------------------------------
| Experiment Run 129/200 [2018-02-25_16:23:33]
---------------------------------------------------------------------------------------


---------------------------------------------------------------------------------------
| Experiment Run 130/200 [2018-02-25_16:24:45]
---------------------------------------------------------------------------------------


---------------------------------------------------------------------------------------
| Experiment Run 131/200 [2018-02-25_16:25:54]
---------------------------------------------------------------------------------------


---------------------------------------------------------------------------------------
| Experiment Run 132/200 [2018-02-25_16:26:56]
---------------------------------------------------------------------------------------


---------------------------------------------------------------------------------------
| Experiment Run 133/200 [2018-02-25_16:27:56]
---------------------------------------------------------------------------------------


---------------------------------------------------------------------------------------
| Experiment Run 134/200 [2018-02-25_16:28:47]
---------------------------------------------------------------------------------------


---------------------------------------------------------------------------------------
| Experiment Run 135/200 [2018-02-25_16:29:55]
---------------------------------------------------------------------------------------


---------------------------------------------------------------------------------------
| Experiment Run 136/200 [2018-02-25_16:30:58]
---------------------------------------------------------------------------------------


---------------------------------------------------------------------------------------
| Experiment Run 137/200 [2018-02-25_16:32:06]
---------------------------------------------------------------------------------------


---------------------------------------------------------------------------------------
| Experiment Run 138/200 [2018-02-25_16:33:00]
---------------------------------------------------------------------------------------


---------------------------------------------------------------------------------------
| Experiment Run 139/200 [2018-02-25_16:33:52]
---------------------------------------------------------------------------------------


---------------------------------------------------------------------------------------
| Experiment Run 140/200 [2018-02-25_16:34:58]
---------------------------------------------------------------------------------------


---------------------------------------------------------------------------------------
| Experiment Run 141/200 [2018-02-25_16:35:59]
---------------------------------------------------------------------------------------


---------------------------------------------------------------------------------------
| Experiment Run 142/200 [2018-02-25_16:36:49]
---------------------------------------------------------------------------------------


---------------------------------------------------------------------------------------
| Experiment Run 143/200 [2018-02-25_16:37:53]
---------------------------------------------------------------------------------------


---------------------------------------------------------------------------------------
| Experiment Run 144/200 [2018-02-25_16:38:54]
---------------------------------------------------------------------------------------


---------------------------------------------------------------------------------------
| Experiment Run 145/200 [2018-02-25_16:39:46]
---------------------------------------------------------------------------------------


---------------------------------------------------------------------------------------
| Experiment Run 146/200 [2018-02-25_16:40:39]
---------------------------------------------------------------------------------------


---------------------------------------------------------------------------------------
| Experiment Run 147/200 [2018-02-25_16:41:40]
---------------------------------------------------------------------------------------


---------------------------------------------------------------------------------------
| Experiment Run 148/200 [2018-02-25_16:42:32]
---------------------------------------------------------------------------------------


---------------------------------------------------------------------------------------
| Experiment Run 149/200 [2018-02-25_16:43:25]
---------------------------------------------------------------------------------------


---------------------------------------------------------------------------------------
| Experiment Run 150/200 [2018-02-25_16:44:24]
---------------------------------------------------------------------------------------


---------------------------------------------------------------------------------------
| Experiment Run 151/200 [2018-02-25_16:45:24]
---------------------------------------------------------------------------------------


---------------------------------------------------------------------------------------
| Experiment Run 152/200 [2018-02-25_16:46:30]
---------------------------------------------------------------------------------------


---------------------------------------------------------------------------------------
| Experiment Run 153/200 [2018-02-25_16:47:31]
---------------------------------------------------------------------------------------


---------------------------------------------------------------------------------------
| Experiment Run 154/200 [2018-02-25_16:48:24]
---------------------------------------------------------------------------------------


---------------------------------------------------------------------------------------
| Experiment Run 155/200 [2018-02-25_16:49:32]
---------------------------------------------------------------------------------------


---------------------------------------------------------------------------------------
| Experiment Run 156/200 [2018-02-25_16:50:23]
---------------------------------------------------------------------------------------


---------------------------------------------------------------------------------------
| Experiment Run 157/200 [2018-02-25_16:51:17]
---------------------------------------------------------------------------------------


---------------------------------------------------------------------------------------
| Experiment Run 158/200 [2018-02-25_16:52:20]
---------------------------------------------------------------------------------------


---------------------------------------------------------------------------------------
| Experiment Run 159/200 [2018-02-25_16:53:14]
---------------------------------------------------------------------------------------


---------------------------------------------------------------------------------------
| Experiment Run 160/200 [2018-02-25_16:54:26]
---------------------------------------------------------------------------------------


---------------------------------------------------------------------------------------
| Experiment Run 161/200 [2018-02-25_16:55:30]
---------------------------------------------------------------------------------------


---------------------------------------------------------------------------------------
| Experiment Run 162/200 [2018-02-25_16:56:27]
---------------------------------------------------------------------------------------


---------------------------------------------------------------------------------------
| Experiment Run 163/200 [2018-02-25_16:57:25]
---------------------------------------------------------------------------------------


---------------------------------------------------------------------------------------
| Experiment Run 164/200 [2018-02-25_16:58:26]
---------------------------------------------------------------------------------------


---------------------------------------------------------------------------------------
| Experiment Run 165/200 [2018-02-25_16:59:33]
---------------------------------------------------------------------------------------


---------------------------------------------------------------------------------------
| Experiment Run 166/200 [2018-02-25_17:00:29]
---------------------------------------------------------------------------------------


---------------------------------------------------------------------------------------
| Experiment Run 167/200 [2018-02-25_17:01:27]
---------------------------------------------------------------------------------------


---------------------------------------------------------------------------------------
| Experiment Run 168/200 [2018-02-25_17:02:21]
---------------------------------------------------------------------------------------


---------------------------------------------------------------------------------------
| Experiment Run 169/200 [2018-02-25_17:03:29]
---------------------------------------------------------------------------------------


---------------------------------------------------------------------------------------
| Experiment Run 170/200 [2018-02-25_17:04:28]
---------------------------------------------------------------------------------------


---------------------------------------------------------------------------------------
| Experiment Run 171/200 [2018-02-25_17:05:28]
---------------------------------------------------------------------------------------


---------------------------------------------------------------------------------------
| Experiment Run 172/200 [2018-02-25_17:06:21]
---------------------------------------------------------------------------------------


---------------------------------------------------------------------------------------
| Experiment Run 173/200 [2018-02-25_17:07:22]
---------------------------------------------------------------------------------------


---------------------------------------------------------------------------------------
| Experiment Run 174/200 [2018-02-25_17:08:21]
---------------------------------------------------------------------------------------


---------------------------------------------------------------------------------------
| Experiment Run 175/200 [2018-02-25_17:09:23]
---------------------------------------------------------------------------------------


---------------------------------------------------------------------------------------
| Experiment Run 176/200 [2018-02-25_17:10:19]
---------------------------------------------------------------------------------------


---------------------------------------------------------------------------------------
| Experiment Run 177/200 [2018-02-25_17:11:18]
---------------------------------------------------------------------------------------


---------------------------------------------------------------------------------------
| Experiment Run 178/200 [2018-02-25_17:12:21]
---------------------------------------------------------------------------------------


---------------------------------------------------------------------------------------
| Experiment Run 179/200 [2018-02-25_17:13:23]
---------------------------------------------------------------------------------------


---------------------------------------------------------------------------------------
| Experiment Run 180/200 [2018-02-25_17:14:22]
---------------------------------------------------------------------------------------


---------------------------------------------------------------------------------------
| Experiment Run 181/200 [2018-02-25_17:15:32]
---------------------------------------------------------------------------------------


---------------------------------------------------------------------------------------
| Experiment Run 182/200 [2018-02-25_17:16:44]
---------------------------------------------------------------------------------------


---------------------------------------------------------------------------------------
| Experiment Run 183/200 [2018-02-25_17:17:48]
---------------------------------------------------------------------------------------


---------------------------------------------------------------------------------------
| Experiment Run 184/200 [2018-02-25_17:18:50]
---------------------------------------------------------------------------------------


---------------------------------------------------------------------------------------
| Experiment Run 185/200 [2018-02-25_17:19:57]
---------------------------------------------------------------------------------------


---------------------------------------------------------------------------------------
| Experiment Run 186/200 [2018-02-25_17:21:05]
---------------------------------------------------------------------------------------


---------------------------------------------------------------------------------------
| Experiment Run 187/200 [2018-02-25_17:22:01]
---------------------------------------------------------------------------------------


---------------------------------------------------------------------------------------
| Experiment Run 188/200 [2018-02-25_17:22:57]
---------------------------------------------------------------------------------------


---------------------------------------------------------------------------------------
| Experiment Run 189/200 [2018-02-25_17:24:02]
---------------------------------------------------------------------------------------


---------------------------------------------------------------------------------------
| Experiment Run 190/200 [2018-02-25_17:25:13]
---------------------------------------------------------------------------------------


---------------------------------------------------------------------------------------
| Experiment Run 191/200 [2018-02-25_17:26:08]
---------------------------------------------------------------------------------------


---------------------------------------------------------------------------------------
| Experiment Run 192/200 [2018-02-25_17:27:04]
---------------------------------------------------------------------------------------


---------------------------------------------------------------------------------------
| Experiment Run 193/200 [2018-02-25_17:28:03]
---------------------------------------------------------------------------------------


---------------------------------------------------------------------------------------
| Experiment Run 194/200 [2018-02-25_17:29:16]
---------------------------------------------------------------------------------------


---------------------------------------------------------------------------------------
| Experiment Run 195/200 [2018-02-25_17:30:23]
---------------------------------------------------------------------------------------


---------------------------------------------------------------------------------------
| Experiment Run 196/200 [2018-02-25_17:31:21]
---------------------------------------------------------------------------------------


---------------------------------------------------------------------------------------
| Experiment Run 197/200 [2018-02-25_17:32:29]
---------------------------------------------------------------------------------------


---------------------------------------------------------------------------------------
| Experiment Run 198/200 [2018-02-25_17:33:33]
---------------------------------------------------------------------------------------


---------------------------------------------------------------------------------------
| Experiment Run 199/200 [2018-02-25_17:34:22]
---------------------------------------------------------------------------------------


---------------------------------------------------------------------------------------
| Experiment Run 200/200 [2018-02-25_17:35:20]
---------------------------------------------------------------------------------------


---------------------------------------------------------------------------------------
| Experiment done! [2018-02-25_17:36:21]
---------------------------------------------------------------------------------------
