=======================================================================================
| Kingdomino AI Experiment
|--------------------------------------------------------------------------------------
|
| Player strategy: UCT_FG_C0_3
| Opponent strategy: FULL_GREEDY
|
| Max search time: 0.5 (s)
| Max playouts: 0
| Runs: 200
|
| System: Linux 3.20GHz
| Output file: kdom_exp-20180207-092817-rev-cbbd929-cpu-3.20GHz/kdom_exp_UCT_FG_C0_3_vs_FULL_GREEDY_G200_T0.5_P0.dat
|
| Executing: 'java -jar out/kdom-exp.jar UCT_FG_C0_3 FULL_GREEDY 0.5 0 kdom_exp-20180207-092817-rev-cbbd929-cpu-3.20GHz/kdom_exp_UCT_FG_C0_3_vs_FULL_GREEDY_G200_T0.5_P0.tmp'
| Git Revision: cbbd929
|
| Start time: 20180208-022805
---------------------------------------------------------------------------------------

---------------------------------------------------------------------------------------
| Experiment Run 1/200 [20180208-022805]
---------------------------------------------------------------------------------------


---------------------------------------------------------------------------------------
| Experiment Run 2/200 [20180208-022818]
---------------------------------------------------------------------------------------


---------------------------------------------------------------------------------------
| Experiment Run 3/200 [20180208-022831]
---------------------------------------------------------------------------------------


---------------------------------------------------------------------------------------
| Experiment Run 4/200 [20180208-022843]
---------------------------------------------------------------------------------------


---------------------------------------------------------------------------------------
| Experiment Run 5/200 [20180208-022856]
---------------------------------------------------------------------------------------


---------------------------------------------------------------------------------------
| Experiment Run 6/200 [20180208-022909]
---------------------------------------------------------------------------------------


---------------------------------------------------------------------------------------
| Experiment Run 7/200 [20180208-022922]
---------------------------------------------------------------------------------------


---------------------------------------------------------------------------------------
| Experiment Run 8/200 [20180208-022935]
---------------------------------------------------------------------------------------


---------------------------------------------------------------------------------------
| Experiment Run 9/200 [20180208-022949]
---------------------------------------------------------------------------------------


---------------------------------------------------------------------------------------
| Experiment Run 10/200 [20180208-023002]
---------------------------------------------------------------------------------------


---------------------------------------------------------------------------------------
| Experiment Run 11/200 [20180208-023015]
---------------------------------------------------------------------------------------


---------------------------------------------------------------------------------------
| Experiment Run 12/200 [20180208-023028]
---------------------------------------------------------------------------------------


---------------------------------------------------------------------------------------
| Experiment Run 13/200 [20180208-023041]
---------------------------------------------------------------------------------------


---------------------------------------------------------------------------------------
| Experiment Run 14/200 [20180208-023054]
---------------------------------------------------------------------------------------


---------------------------------------------------------------------------------------
| Experiment Run 15/200 [20180208-023107]
---------------------------------------------------------------------------------------


---------------------------------------------------------------------------------------
| Experiment Run 16/200 [20180208-023120]
---------------------------------------------------------------------------------------


---------------------------------------------------------------------------------------
| Experiment Run 17/200 [20180208-023133]
---------------------------------------------------------------------------------------


---------------------------------------------------------------------------------------
| Experiment Run 18/200 [20180208-023146]
---------------------------------------------------------------------------------------


---------------------------------------------------------------------------------------
| Experiment Run 19/200 [20180208-023159]
---------------------------------------------------------------------------------------


---------------------------------------------------------------------------------------
| Experiment Run 20/200 [20180208-023212]
---------------------------------------------------------------------------------------


---------------------------------------------------------------------------------------
| Experiment Run 21/200 [20180208-023224]
---------------------------------------------------------------------------------------


---------------------------------------------------------------------------------------
| Experiment Run 22/200 [20180208-023238]
---------------------------------------------------------------------------------------


---------------------------------------------------------------------------------------
| Experiment Run 23/200 [20180208-023250]
---------------------------------------------------------------------------------------


---------------------------------------------------------------------------------------
| Experiment Run 24/200 [20180208-023303]
---------------------------------------------------------------------------------------


---------------------------------------------------------------------------------------
| Experiment Run 25/200 [20180208-023316]
---------------------------------------------------------------------------------------


---------------------------------------------------------------------------------------
| Experiment Run 26/200 [20180208-023329]
---------------------------------------------------------------------------------------


---------------------------------------------------------------------------------------
| Experiment Run 27/200 [20180208-023342]
---------------------------------------------------------------------------------------


---------------------------------------------------------------------------------------
| Experiment Run 28/200 [20180208-023355]
---------------------------------------------------------------------------------------


---------------------------------------------------------------------------------------
| Experiment Run 29/200 [20180208-023407]
---------------------------------------------------------------------------------------


---------------------------------------------------------------------------------------
| Experiment Run 30/200 [20180208-023421]
---------------------------------------------------------------------------------------


---------------------------------------------------------------------------------------
| Experiment Run 31/200 [20180208-023433]
---------------------------------------------------------------------------------------


---------------------------------------------------------------------------------------
| Experiment Run 32/200 [20180208-023446]
---------------------------------------------------------------------------------------


---------------------------------------------------------------------------------------
| Experiment Run 33/200 [20180208-023459]
---------------------------------------------------------------------------------------


---------------------------------------------------------------------------------------
| Experiment Run 34/200 [20180208-023512]
---------------------------------------------------------------------------------------


---------------------------------------------------------------------------------------
| Experiment Run 35/200 [20180208-023525]
---------------------------------------------------------------------------------------


---------------------------------------------------------------------------------------
| Experiment Run 36/200 [20180208-023538]
---------------------------------------------------------------------------------------


---------------------------------------------------------------------------------------
| Experiment Run 37/200 [20180208-023551]
---------------------------------------------------------------------------------------


---------------------------------------------------------------------------------------
| Experiment Run 38/200 [20180208-023605]
---------------------------------------------------------------------------------------


---------------------------------------------------------------------------------------
| Experiment Run 39/200 [20180208-023617]
---------------------------------------------------------------------------------------


---------------------------------------------------------------------------------------
| Experiment Run 40/200 [20180208-023631]
---------------------------------------------------------------------------------------


---------------------------------------------------------------------------------------
| Experiment Run 41/200 [20180208-023644]
---------------------------------------------------------------------------------------


---------------------------------------------------------------------------------------
| Experiment Run 42/200 [20180208-023657]
---------------------------------------------------------------------------------------


---------------------------------------------------------------------------------------
| Experiment Run 43/200 [20180208-023710]
---------------------------------------------------------------------------------------


---------------------------------------------------------------------------------------
| Experiment Run 44/200 [20180208-023722]
---------------------------------------------------------------------------------------


---------------------------------------------------------------------------------------
| Experiment Run 45/200 [20180208-023736]
---------------------------------------------------------------------------------------


---------------------------------------------------------------------------------------
| Experiment Run 46/200 [20180208-023749]
---------------------------------------------------------------------------------------


---------------------------------------------------------------------------------------
| Experiment Run 47/200 [20180208-023801]
---------------------------------------------------------------------------------------


---------------------------------------------------------------------------------------
| Experiment Run 48/200 [20180208-023814]
---------------------------------------------------------------------------------------


---------------------------------------------------------------------------------------
| Experiment Run 49/200 [20180208-023827]
---------------------------------------------------------------------------------------


---------------------------------------------------------------------------------------
| Experiment Run 50/200 [20180208-023839]
---------------------------------------------------------------------------------------


---------------------------------------------------------------------------------------
| Experiment Run 51/200 [20180208-023853]
---------------------------------------------------------------------------------------


---------------------------------------------------------------------------------------
| Experiment Run 52/200 [20180208-023906]
---------------------------------------------------------------------------------------


---------------------------------------------------------------------------------------
| Experiment Run 53/200 [20180208-023918]
---------------------------------------------------------------------------------------


---------------------------------------------------------------------------------------
| Experiment Run 54/200 [20180208-023931]
---------------------------------------------------------------------------------------


---------------------------------------------------------------------------------------
| Experiment Run 55/200 [20180208-023944]
---------------------------------------------------------------------------------------


---------------------------------------------------------------------------------------
| Experiment Run 56/200 [20180208-023956]
---------------------------------------------------------------------------------------


---------------------------------------------------------------------------------------
| Experiment Run 57/200 [20180208-024009]
---------------------------------------------------------------------------------------


---------------------------------------------------------------------------------------
| Experiment Run 58/200 [20180208-024022]
---------------------------------------------------------------------------------------


---------------------------------------------------------------------------------------
| Experiment Run 59/200 [20180208-024035]
---------------------------------------------------------------------------------------


---------------------------------------------------------------------------------------
| Experiment Run 60/200 [20180208-024048]
---------------------------------------------------------------------------------------


---------------------------------------------------------------------------------------
| Experiment Run 61/200 [20180208-024100]
---------------------------------------------------------------------------------------


---------------------------------------------------------------------------------------
| Experiment Run 62/200 [20180208-024113]
---------------------------------------------------------------------------------------


---------------------------------------------------------------------------------------
| Experiment Run 63/200 [20180208-024126]
---------------------------------------------------------------------------------------


---------------------------------------------------------------------------------------
| Experiment Run 64/200 [20180208-024139]
---------------------------------------------------------------------------------------


---------------------------------------------------------------------------------------
| Experiment Run 65/200 [20180208-024152]
---------------------------------------------------------------------------------------


---------------------------------------------------------------------------------------
| Experiment Run 66/200 [20180208-024206]
---------------------------------------------------------------------------------------


---------------------------------------------------------------------------------------
| Experiment Run 67/200 [20180208-024219]
---------------------------------------------------------------------------------------


---------------------------------------------------------------------------------------
| Experiment Run 68/200 [20180208-024231]
---------------------------------------------------------------------------------------


---------------------------------------------------------------------------------------
| Experiment Run 69/200 [20180208-024244]
---------------------------------------------------------------------------------------


---------------------------------------------------------------------------------------
| Experiment Run 70/200 [20180208-024257]
---------------------------------------------------------------------------------------


---------------------------------------------------------------------------------------
| Experiment Run 71/200 [20180208-024310]
---------------------------------------------------------------------------------------


---------------------------------------------------------------------------------------
| Experiment Run 72/200 [20180208-024323]
---------------------------------------------------------------------------------------


---------------------------------------------------------------------------------------
| Experiment Run 73/200 [20180208-024336]
---------------------------------------------------------------------------------------


---------------------------------------------------------------------------------------
| Experiment Run 74/200 [20180208-024349]
---------------------------------------------------------------------------------------


---------------------------------------------------------------------------------------
| Experiment Run 75/200 [20180208-024402]
---------------------------------------------------------------------------------------


---------------------------------------------------------------------------------------
| Experiment Run 76/200 [20180208-024415]
---------------------------------------------------------------------------------------


---------------------------------------------------------------------------------------
| Experiment Run 77/200 [20180208-024428]
---------------------------------------------------------------------------------------


---------------------------------------------------------------------------------------
| Experiment Run 78/200 [20180208-024441]
---------------------------------------------------------------------------------------


---------------------------------------------------------------------------------------
| Experiment Run 79/200 [20180208-024454]
---------------------------------------------------------------------------------------


---------------------------------------------------------------------------------------
| Experiment Run 80/200 [20180208-024507]
---------------------------------------------------------------------------------------


---------------------------------------------------------------------------------------
| Experiment Run 81/200 [20180208-024521]
---------------------------------------------------------------------------------------


---------------------------------------------------------------------------------------
| Experiment Run 82/200 [20180208-024537]
---------------------------------------------------------------------------------------


---------------------------------------------------------------------------------------
| Experiment Run 83/200 [20180208-024550]
---------------------------------------------------------------------------------------


---------------------------------------------------------------------------------------
| Experiment Run 84/200 [20180208-024603]
---------------------------------------------------------------------------------------


---------------------------------------------------------------------------------------
| Experiment Run 85/200 [20180208-024616]
---------------------------------------------------------------------------------------


---------------------------------------------------------------------------------------
| Experiment Run 86/200 [20180208-024629]
---------------------------------------------------------------------------------------


---------------------------------------------------------------------------------------
| Experiment Run 87/200 [20180208-024642]
---------------------------------------------------------------------------------------


---------------------------------------------------------------------------------------
| Experiment Run 88/200 [20180208-024654]
---------------------------------------------------------------------------------------


---------------------------------------------------------------------------------------
| Experiment Run 89/200 [20180208-024707]
---------------------------------------------------------------------------------------


---------------------------------------------------------------------------------------
| Experiment Run 90/200 [20180208-024720]
---------------------------------------------------------------------------------------


---------------------------------------------------------------------------------------
| Experiment Run 91/200 [20180208-024733]
---------------------------------------------------------------------------------------


---------------------------------------------------------------------------------------
| Experiment Run 92/200 [20180208-024745]
---------------------------------------------------------------------------------------


---------------------------------------------------------------------------------------
| Experiment Run 93/200 [20180208-024758]
---------------------------------------------------------------------------------------


---------------------------------------------------------------------------------------
| Experiment Run 94/200 [20180208-024811]
---------------------------------------------------------------------------------------


---------------------------------------------------------------------------------------
| Experiment Run 95/200 [20180208-024824]
---------------------------------------------------------------------------------------


---------------------------------------------------------------------------------------
| Experiment Run 96/200 [20180208-024837]
---------------------------------------------------------------------------------------


---------------------------------------------------------------------------------------
| Experiment Run 97/200 [20180208-024850]
---------------------------------------------------------------------------------------


---------------------------------------------------------------------------------------
| Experiment Run 98/200 [20180208-024902]
---------------------------------------------------------------------------------------


---------------------------------------------------------------------------------------
| Experiment Run 99/200 [20180208-024916]
---------------------------------------------------------------------------------------


---------------------------------------------------------------------------------------
| Experiment Run 100/200 [20180208-024930]
---------------------------------------------------------------------------------------


---------------------------------------------------------------------------------------
| Experiment Run 101/200 [20180208-024943]
---------------------------------------------------------------------------------------


---------------------------------------------------------------------------------------
| Experiment Run 102/200 [20180208-024956]
---------------------------------------------------------------------------------------


---------------------------------------------------------------------------------------
| Experiment Run 103/200 [20180208-025009]
---------------------------------------------------------------------------------------


---------------------------------------------------------------------------------------
| Experiment Run 104/200 [20180208-025022]
---------------------------------------------------------------------------------------


---------------------------------------------------------------------------------------
| Experiment Run 105/200 [20180208-025035]
---------------------------------------------------------------------------------------


---------------------------------------------------------------------------------------
| Experiment Run 106/200 [20180208-025048]
---------------------------------------------------------------------------------------


---------------------------------------------------------------------------------------
| Experiment Run 107/200 [20180208-025101]
---------------------------------------------------------------------------------------


---------------------------------------------------------------------------------------
| Experiment Run 108/200 [20180208-025114]
---------------------------------------------------------------------------------------


---------------------------------------------------------------------------------------
| Experiment Run 109/200 [20180208-025126]
---------------------------------------------------------------------------------------


---------------------------------------------------------------------------------------
| Experiment Run 110/200 [20180208-025139]
---------------------------------------------------------------------------------------


---------------------------------------------------------------------------------------
| Experiment Run 111/200 [20180208-025152]
---------------------------------------------------------------------------------------


---------------------------------------------------------------------------------------
| Experiment Run 112/200 [20180208-025205]
---------------------------------------------------------------------------------------


---------------------------------------------------------------------------------------
| Experiment Run 113/200 [20180208-025218]
---------------------------------------------------------------------------------------


---------------------------------------------------------------------------------------
| Experiment Run 114/200 [20180208-025231]
---------------------------------------------------------------------------------------


---------------------------------------------------------------------------------------
| Experiment Run 115/200 [20180208-025244]
---------------------------------------------------------------------------------------


---------------------------------------------------------------------------------------
| Experiment Run 116/200 [20180208-025257]
---------------------------------------------------------------------------------------


---------------------------------------------------------------------------------------
| Experiment Run 117/200 [20180208-025310]
---------------------------------------------------------------------------------------


---------------------------------------------------------------------------------------
| Experiment Run 118/200 [20180208-025322]
---------------------------------------------------------------------------------------


---------------------------------------------------------------------------------------
| Experiment Run 119/200 [20180208-025336]
---------------------------------------------------------------------------------------


---------------------------------------------------------------------------------------
| Experiment Run 120/200 [20180208-025349]
---------------------------------------------------------------------------------------


---------------------------------------------------------------------------------------
| Experiment Run 121/200 [20180208-025402]
---------------------------------------------------------------------------------------


---------------------------------------------------------------------------------------
| Experiment Run 122/200 [20180208-025415]
---------------------------------------------------------------------------------------


---------------------------------------------------------------------------------------
| Experiment Run 123/200 [20180208-025428]
---------------------------------------------------------------------------------------


---------------------------------------------------------------------------------------
| Experiment Run 124/200 [20180208-025441]
---------------------------------------------------------------------------------------


---------------------------------------------------------------------------------------
| Experiment Run 125/200 [20180208-025453]
---------------------------------------------------------------------------------------


---------------------------------------------------------------------------------------
| Experiment Run 126/200 [20180208-025506]
---------------------------------------------------------------------------------------


---------------------------------------------------------------------------------------
| Experiment Run 127/200 [20180208-025519]
---------------------------------------------------------------------------------------


---------------------------------------------------------------------------------------
| Experiment Run 128/200 [20180208-025532]
---------------------------------------------------------------------------------------


---------------------------------------------------------------------------------------
| Experiment Run 129/200 [20180208-025545]
---------------------------------------------------------------------------------------


---------------------------------------------------------------------------------------
| Experiment Run 130/200 [20180208-025558]
---------------------------------------------------------------------------------------


---------------------------------------------------------------------------------------
| Experiment Run 131/200 [20180208-025610]
---------------------------------------------------------------------------------------


---------------------------------------------------------------------------------------
| Experiment Run 132/200 [20180208-025623]
---------------------------------------------------------------------------------------


---------------------------------------------------------------------------------------
| Experiment Run 133/200 [20180208-025636]
---------------------------------------------------------------------------------------


---------------------------------------------------------------------------------------
| Experiment Run 134/200 [20180208-025649]
---------------------------------------------------------------------------------------


---------------------------------------------------------------------------------------
| Experiment Run 135/200 [20180208-025702]
---------------------------------------------------------------------------------------


---------------------------------------------------------------------------------------
| Experiment Run 136/200 [20180208-025716]
---------------------------------------------------------------------------------------


---------------------------------------------------------------------------------------
| Experiment Run 137/200 [20180208-025728]
---------------------------------------------------------------------------------------


---------------------------------------------------------------------------------------
| Experiment Run 138/200 [20180208-025741]
---------------------------------------------------------------------------------------


---------------------------------------------------------------------------------------
| Experiment Run 139/200 [20180208-025754]
---------------------------------------------------------------------------------------


---------------------------------------------------------------------------------------
| Experiment Run 140/200 [20180208-025807]
---------------------------------------------------------------------------------------


---------------------------------------------------------------------------------------
| Experiment Run 141/200 [20180208-025821]
---------------------------------------------------------------------------------------


---------------------------------------------------------------------------------------
| Experiment Run 142/200 [20180208-025834]
---------------------------------------------------------------------------------------


---------------------------------------------------------------------------------------
| Experiment Run 143/200 [20180208-025847]
---------------------------------------------------------------------------------------


---------------------------------------------------------------------------------------
| Experiment Run 144/200 [20180208-025900]
---------------------------------------------------------------------------------------


---------------------------------------------------------------------------------------
| Experiment Run 145/200 [20180208-025913]
---------------------------------------------------------------------------------------


---------------------------------------------------------------------------------------
| Experiment Run 146/200 [20180208-025926]
---------------------------------------------------------------------------------------


---------------------------------------------------------------------------------------
| Experiment Run 147/200 [20180208-025940]
---------------------------------------------------------------------------------------


---------------------------------------------------------------------------------------
| Experiment Run 148/200 [20180208-025953]
---------------------------------------------------------------------------------------


---------------------------------------------------------------------------------------
| Experiment Run 149/200 [20180208-030007]
---------------------------------------------------------------------------------------


---------------------------------------------------------------------------------------
| Experiment Run 150/200 [20180208-030020]
---------------------------------------------------------------------------------------


---------------------------------------------------------------------------------------
| Experiment Run 151/200 [20180208-030033]
---------------------------------------------------------------------------------------


---------------------------------------------------------------------------------------
| Experiment Run 152/200 [20180208-030046]
---------------------------------------------------------------------------------------


---------------------------------------------------------------------------------------
| Experiment Run 153/200 [20180208-030058]
---------------------------------------------------------------------------------------


---------------------------------------------------------------------------------------
| Experiment Run 154/200 [20180208-030111]
---------------------------------------------------------------------------------------


---------------------------------------------------------------------------------------
| Experiment Run 155/200 [20180208-030125]
---------------------------------------------------------------------------------------


---------------------------------------------------------------------------------------
| Experiment Run 156/200 [20180208-030138]
---------------------------------------------------------------------------------------


---------------------------------------------------------------------------------------
| Experiment Run 157/200 [20180208-030151]
---------------------------------------------------------------------------------------


---------------------------------------------------------------------------------------
| Experiment Run 158/200 [20180208-030205]
---------------------------------------------------------------------------------------


---------------------------------------------------------------------------------------
| Experiment Run 159/200 [20180208-030218]
---------------------------------------------------------------------------------------


---------------------------------------------------------------------------------------
| Experiment Run 160/200 [20180208-030231]
---------------------------------------------------------------------------------------


---------------------------------------------------------------------------------------
| Experiment Run 161/200 [20180208-030244]
---------------------------------------------------------------------------------------


---------------------------------------------------------------------------------------
| Experiment Run 162/200 [20180208-030257]
---------------------------------------------------------------------------------------


---------------------------------------------------------------------------------------
| Experiment Run 163/200 [20180208-030310]
---------------------------------------------------------------------------------------


---------------------------------------------------------------------------------------
| Experiment Run 164/200 [20180208-030323]
---------------------------------------------------------------------------------------


---------------------------------------------------------------------------------------
| Experiment Run 165/200 [20180208-030337]
---------------------------------------------------------------------------------------


---------------------------------------------------------------------------------------
| Experiment Run 166/200 [20180208-030350]
---------------------------------------------------------------------------------------


---------------------------------------------------------------------------------------
| Experiment Run 167/200 [20180208-030402]
---------------------------------------------------------------------------------------


---------------------------------------------------------------------------------------
| Experiment Run 168/200 [20180208-030415]
---------------------------------------------------------------------------------------


---------------------------------------------------------------------------------------
| Experiment Run 169/200 [20180208-030428]
---------------------------------------------------------------------------------------


---------------------------------------------------------------------------------------
| Experiment Run 170/200 [20180208-030440]
---------------------------------------------------------------------------------------


---------------------------------------------------------------------------------------
| Experiment Run 171/200 [20180208-030454]
---------------------------------------------------------------------------------------


---------------------------------------------------------------------------------------
| Experiment Run 172/200 [20180208-030506]
---------------------------------------------------------------------------------------


---------------------------------------------------------------------------------------
| Experiment Run 173/200 [20180208-030520]
---------------------------------------------------------------------------------------


---------------------------------------------------------------------------------------
| Experiment Run 174/200 [20180208-030533]
---------------------------------------------------------------------------------------


---------------------------------------------------------------------------------------
| Experiment Run 175/200 [20180208-030546]
---------------------------------------------------------------------------------------


---------------------------------------------------------------------------------------
| Experiment Run 176/200 [20180208-030558]
---------------------------------------------------------------------------------------


---------------------------------------------------------------------------------------
| Experiment Run 177/200 [20180208-030612]
---------------------------------------------------------------------------------------


---------------------------------------------------------------------------------------
| Experiment Run 178/200 [20180208-030625]
---------------------------------------------------------------------------------------


---------------------------------------------------------------------------------------
| Experiment Run 179/200 [20180208-030637]
---------------------------------------------------------------------------------------


---------------------------------------------------------------------------------------
| Experiment Run 180/200 [20180208-030650]
---------------------------------------------------------------------------------------


---------------------------------------------------------------------------------------
| Experiment Run 181/200 [20180208-030703]
---------------------------------------------------------------------------------------


---------------------------------------------------------------------------------------
| Experiment Run 182/200 [20180208-030716]
---------------------------------------------------------------------------------------


---------------------------------------------------------------------------------------
| Experiment Run 183/200 [20180208-030729]
---------------------------------------------------------------------------------------


---------------------------------------------------------------------------------------
| Experiment Run 184/200 [20180208-030742]
---------------------------------------------------------------------------------------


---------------------------------------------------------------------------------------
| Experiment Run 185/200 [20180208-030755]
---------------------------------------------------------------------------------------


---------------------------------------------------------------------------------------
| Experiment Run 186/200 [20180208-030807]
---------------------------------------------------------------------------------------


---------------------------------------------------------------------------------------
| Experiment Run 187/200 [20180208-030820]
---------------------------------------------------------------------------------------


---------------------------------------------------------------------------------------
| Experiment Run 188/200 [20180208-030833]
---------------------------------------------------------------------------------------


---------------------------------------------------------------------------------------
| Experiment Run 189/200 [20180208-030846]
---------------------------------------------------------------------------------------


---------------------------------------------------------------------------------------
| Experiment Run 190/200 [20180208-030858]
---------------------------------------------------------------------------------------


---------------------------------------------------------------------------------------
| Experiment Run 191/200 [20180208-030911]
---------------------------------------------------------------------------------------


---------------------------------------------------------------------------------------
| Experiment Run 192/200 [20180208-030924]
---------------------------------------------------------------------------------------


---------------------------------------------------------------------------------------
| Experiment Run 193/200 [20180208-030936]
---------------------------------------------------------------------------------------


---------------------------------------------------------------------------------------
| Experiment Run 194/200 [20180208-030949]
---------------------------------------------------------------------------------------


---------------------------------------------------------------------------------------
| Experiment Run 195/200 [20180208-031002]
---------------------------------------------------------------------------------------


---------------------------------------------------------------------------------------
| Experiment Run 196/200 [20180208-031015]
---------------------------------------------------------------------------------------


---------------------------------------------------------------------------------------
| Experiment Run 197/200 [20180208-031028]
---------------------------------------------------------------------------------------


---------------------------------------------------------------------------------------
| Experiment Run 198/200 [20180208-031040]
---------------------------------------------------------------------------------------


---------------------------------------------------------------------------------------
| Experiment Run 199/200 [20180208-031053]
---------------------------------------------------------------------------------------


---------------------------------------------------------------------------------------
| Experiment Run 200/200 [20180208-031106]
---------------------------------------------------------------------------------------


---------------------------------------------------------------------------------------
| Experiment done! [20180208-031119]
---------------------------------------------------------------------------------------
