=======================================================================================
| Kingdomino AI Experiment
|--------------------------------------------------------------------------------------
|
| Player strategy: UCT_TR_C0_2
| Opponent strategy: FULL_GREEDY
|
| Max search time: 0.1 (s)
| Max playouts: 0
| Runs: 200
|
| System: Linux 3.20GHz
| Output file: kdom_exp-20180207-092817-rev-cbbd929-cpu-3.20GHz/kdom_exp_UCT_TR_C0_2_vs_FULL_GREEDY_G200_T0.1_P0.dat
|
| Executing: 'java -jar out/kdom-exp.jar UCT_TR_C0_2 FULL_GREEDY 0.1 0 kdom_exp-20180207-092817-rev-cbbd929-cpu-3.20GHz/kdom_exp_UCT_TR_C0_2_vs_FULL_GREEDY_G200_T0.1_P0.tmp'
| Git Revision: cbbd929
|
| Start time: 20180207-095427
---------------------------------------------------------------------------------------

---------------------------------------------------------------------------------------
| Experiment Run 1/200 [20180207-095427]
---------------------------------------------------------------------------------------


---------------------------------------------------------------------------------------
| Experiment Run 2/200 [20180207-095435]
---------------------------------------------------------------------------------------


---------------------------------------------------------------------------------------
| Experiment Run 3/200 [20180207-095443]
---------------------------------------------------------------------------------------


---------------------------------------------------------------------------------------
| Experiment Run 4/200 [20180207-095451]
---------------------------------------------------------------------------------------


---------------------------------------------------------------------------------------
| Experiment Run 5/200 [20180207-095459]
---------------------------------------------------------------------------------------


---------------------------------------------------------------------------------------
| Experiment Run 6/200 [20180207-095506]
---------------------------------------------------------------------------------------


---------------------------------------------------------------------------------------
| Experiment Run 7/200 [20180207-095513]
---------------------------------------------------------------------------------------


---------------------------------------------------------------------------------------
| Experiment Run 8/200 [20180207-095521]
---------------------------------------------------------------------------------------


---------------------------------------------------------------------------------------
| Experiment Run 9/200 [20180207-095529]
---------------------------------------------------------------------------------------


---------------------------------------------------------------------------------------
| Experiment Run 10/200 [20180207-095537]
---------------------------------------------------------------------------------------


---------------------------------------------------------------------------------------
| Experiment Run 11/200 [20180207-095545]
---------------------------------------------------------------------------------------


---------------------------------------------------------------------------------------
| Experiment Run 12/200 [20180207-095553]
---------------------------------------------------------------------------------------


---------------------------------------------------------------------------------------
| Experiment Run 13/200 [20180207-095601]
---------------------------------------------------------------------------------------


---------------------------------------------------------------------------------------
| Experiment Run 14/200 [20180207-095609]
---------------------------------------------------------------------------------------


---------------------------------------------------------------------------------------
| Experiment Run 15/200 [20180207-095617]
---------------------------------------------------------------------------------------


---------------------------------------------------------------------------------------
| Experiment Run 16/200 [20180207-095624]
---------------------------------------------------------------------------------------


---------------------------------------------------------------------------------------
| Experiment Run 17/200 [20180207-095632]
---------------------------------------------------------------------------------------


---------------------------------------------------------------------------------------
| Experiment Run 18/200 [20180207-095640]
---------------------------------------------------------------------------------------


---------------------------------------------------------------------------------------
| Experiment Run 19/200 [20180207-095648]
---------------------------------------------------------------------------------------


---------------------------------------------------------------------------------------
| Experiment Run 20/200 [20180207-095656]
---------------------------------------------------------------------------------------


---------------------------------------------------------------------------------------
| Experiment Run 21/200 [20180207-095703]
---------------------------------------------------------------------------------------


---------------------------------------------------------------------------------------
| Experiment Run 22/200 [20180207-095711]
---------------------------------------------------------------------------------------


---------------------------------------------------------------------------------------
| Experiment Run 23/200 [20180207-095719]
---------------------------------------------------------------------------------------


---------------------------------------------------------------------------------------
| Experiment Run 24/200 [20180207-095728]
---------------------------------------------------------------------------------------


---------------------------------------------------------------------------------------
| Experiment Run 25/200 [20180207-095736]
---------------------------------------------------------------------------------------


---------------------------------------------------------------------------------------
| Experiment Run 26/200 [20180207-095744]
---------------------------------------------------------------------------------------


---------------------------------------------------------------------------------------
| Experiment Run 27/200 [20180207-095752]
---------------------------------------------------------------------------------------


---------------------------------------------------------------------------------------
| Experiment Run 28/200 [20180207-095800]
---------------------------------------------------------------------------------------


---------------------------------------------------------------------------------------
| Experiment Run 29/200 [20180207-095808]
---------------------------------------------------------------------------------------


---------------------------------------------------------------------------------------
| Experiment Run 30/200 [20180207-095816]
---------------------------------------------------------------------------------------


---------------------------------------------------------------------------------------
| Experiment Run 31/200 [20180207-095824]
---------------------------------------------------------------------------------------


---------------------------------------------------------------------------------------
| Experiment Run 32/200 [20180207-095831]
---------------------------------------------------------------------------------------


---------------------------------------------------------------------------------------
| Experiment Run 33/200 [20180207-095840]
---------------------------------------------------------------------------------------


---------------------------------------------------------------------------------------
| Experiment Run 34/200 [20180207-095847]
---------------------------------------------------------------------------------------


---------------------------------------------------------------------------------------
| Experiment Run 35/200 [20180207-095855]
---------------------------------------------------------------------------------------


---------------------------------------------------------------------------------------
| Experiment Run 36/200 [20180207-095903]
---------------------------------------------------------------------------------------


---------------------------------------------------------------------------------------
| Experiment Run 37/200 [20180207-095910]
---------------------------------------------------------------------------------------


---------------------------------------------------------------------------------------
| Experiment Run 38/200 [20180207-095918]
---------------------------------------------------------------------------------------


---------------------------------------------------------------------------------------
| Experiment Run 39/200 [20180207-095926]
---------------------------------------------------------------------------------------


---------------------------------------------------------------------------------------
| Experiment Run 40/200 [20180207-095934]
---------------------------------------------------------------------------------------


---------------------------------------------------------------------------------------
| Experiment Run 41/200 [20180207-095942]
---------------------------------------------------------------------------------------


---------------------------------------------------------------------------------------
| Experiment Run 42/200 [20180207-095949]
---------------------------------------------------------------------------------------


---------------------------------------------------------------------------------------
| Experiment Run 43/200 [20180207-095958]
---------------------------------------------------------------------------------------


---------------------------------------------------------------------------------------
| Experiment Run 44/200 [20180207-100006]
---------------------------------------------------------------------------------------


---------------------------------------------------------------------------------------
| Experiment Run 45/200 [20180207-100014]
---------------------------------------------------------------------------------------


---------------------------------------------------------------------------------------
| Experiment Run 46/200 [20180207-100022]
---------------------------------------------------------------------------------------


---------------------------------------------------------------------------------------
| Experiment Run 47/200 [20180207-100030]
---------------------------------------------------------------------------------------


---------------------------------------------------------------------------------------
| Experiment Run 48/200 [20180207-100038]
---------------------------------------------------------------------------------------


---------------------------------------------------------------------------------------
| Experiment Run 49/200 [20180207-100046]
---------------------------------------------------------------------------------------


---------------------------------------------------------------------------------------
| Experiment Run 50/200 [20180207-100054]
---------------------------------------------------------------------------------------


---------------------------------------------------------------------------------------
| Experiment Run 51/200 [20180207-100101]
---------------------------------------------------------------------------------------


---------------------------------------------------------------------------------------
| Experiment Run 52/200 [20180207-100109]
---------------------------------------------------------------------------------------


---------------------------------------------------------------------------------------
| Experiment Run 53/200 [20180207-100117]
---------------------------------------------------------------------------------------


---------------------------------------------------------------------------------------
| Experiment Run 54/200 [20180207-100125]
---------------------------------------------------------------------------------------


---------------------------------------------------------------------------------------
| Experiment Run 55/200 [20180207-100133]
---------------------------------------------------------------------------------------


---------------------------------------------------------------------------------------
| Experiment Run 56/200 [20180207-100141]
---------------------------------------------------------------------------------------


---------------------------------------------------------------------------------------
| Experiment Run 57/200 [20180207-100148]
---------------------------------------------------------------------------------------


---------------------------------------------------------------------------------------
| Experiment Run 58/200 [20180207-100156]
---------------------------------------------------------------------------------------


---------------------------------------------------------------------------------------
| Experiment Run 59/200 [20180207-100204]
---------------------------------------------------------------------------------------


---------------------------------------------------------------------------------------
| Experiment Run 60/200 [20180207-100212]
---------------------------------------------------------------------------------------


---------------------------------------------------------------------------------------
| Experiment Run 61/200 [20180207-100220]
---------------------------------------------------------------------------------------


---------------------------------------------------------------------------------------
| Experiment Run 62/200 [20180207-100228]
---------------------------------------------------------------------------------------


---------------------------------------------------------------------------------------
| Experiment Run 63/200 [20180207-100235]
---------------------------------------------------------------------------------------


---------------------------------------------------------------------------------------
| Experiment Run 64/200 [20180207-100243]
---------------------------------------------------------------------------------------


---------------------------------------------------------------------------------------
| Experiment Run 65/200 [20180207-100251]
---------------------------------------------------------------------------------------


---------------------------------------------------------------------------------------
| Experiment Run 66/200 [20180207-100259]
---------------------------------------------------------------------------------------


---------------------------------------------------------------------------------------
| Experiment Run 67/200 [20180207-100306]
---------------------------------------------------------------------------------------


---------------------------------------------------------------------------------------
| Experiment Run 68/200 [20180207-100314]
---------------------------------------------------------------------------------------


---------------------------------------------------------------------------------------
| Experiment Run 69/200 [20180207-100323]
---------------------------------------------------------------------------------------


---------------------------------------------------------------------------------------
| Experiment Run 70/200 [20180207-100330]
---------------------------------------------------------------------------------------


---------------------------------------------------------------------------------------
| Experiment Run 71/200 [20180207-100338]
---------------------------------------------------------------------------------------


---------------------------------------------------------------------------------------
| Experiment Run 72/200 [20180207-100345]
---------------------------------------------------------------------------------------


---------------------------------------------------------------------------------------
| Experiment Run 73/200 [20180207-100354]
---------------------------------------------------------------------------------------


---------------------------------------------------------------------------------------
| Experiment Run 74/200 [20180207-100401]
---------------------------------------------------------------------------------------


---------------------------------------------------------------------------------------
| Experiment Run 75/200 [20180207-100410]
---------------------------------------------------------------------------------------


---------------------------------------------------------------------------------------
| Experiment Run 76/200 [20180207-100418]
---------------------------------------------------------------------------------------


---------------------------------------------------------------------------------------
| Experiment Run 77/200 [20180207-100426]
---------------------------------------------------------------------------------------


---------------------------------------------------------------------------------------
| Experiment Run 78/200 [20180207-100433]
---------------------------------------------------------------------------------------


---------------------------------------------------------------------------------------
| Experiment Run 79/200 [20180207-100441]
---------------------------------------------------------------------------------------


---------------------------------------------------------------------------------------
| Experiment Run 80/200 [20180207-100449]
---------------------------------------------------------------------------------------


---------------------------------------------------------------------------------------
| Experiment Run 81/200 [20180207-100456]
---------------------------------------------------------------------------------------


---------------------------------------------------------------------------------------
| Experiment Run 82/200 [20180207-100504]
---------------------------------------------------------------------------------------


---------------------------------------------------------------------------------------
| Experiment Run 83/200 [20180207-100512]
---------------------------------------------------------------------------------------


---------------------------------------------------------------------------------------
| Experiment Run 84/200 [20180207-100520]
---------------------------------------------------------------------------------------


---------------------------------------------------------------------------------------
| Experiment Run 85/200 [20180207-100528]
---------------------------------------------------------------------------------------


---------------------------------------------------------------------------------------
| Experiment Run 86/200 [20180207-100535]
---------------------------------------------------------------------------------------


---------------------------------------------------------------------------------------
| Experiment Run 87/200 [20180207-100543]
---------------------------------------------------------------------------------------


---------------------------------------------------------------------------------------
| Experiment Run 88/200 [20180207-100550]
---------------------------------------------------------------------------------------


---------------------------------------------------------------------------------------
| Experiment Run 89/200 [20180207-100558]
---------------------------------------------------------------------------------------


---------------------------------------------------------------------------------------
| Experiment Run 90/200 [20180207-100606]
---------------------------------------------------------------------------------------


---------------------------------------------------------------------------------------
| Experiment Run 91/200 [20180207-100614]
---------------------------------------------------------------------------------------


---------------------------------------------------------------------------------------
| Experiment Run 92/200 [20180207-100622]
---------------------------------------------------------------------------------------


---------------------------------------------------------------------------------------
| Experiment Run 93/200 [20180207-100629]
---------------------------------------------------------------------------------------


---------------------------------------------------------------------------------------
| Experiment Run 94/200 [20180207-100637]
---------------------------------------------------------------------------------------


---------------------------------------------------------------------------------------
| Experiment Run 95/200 [20180207-100645]
---------------------------------------------------------------------------------------


---------------------------------------------------------------------------------------
| Experiment Run 96/200 [20180207-100653]
---------------------------------------------------------------------------------------


---------------------------------------------------------------------------------------
| Experiment Run 97/200 [20180207-100701]
---------------------------------------------------------------------------------------


---------------------------------------------------------------------------------------
| Experiment Run 98/200 [20180207-100708]
---------------------------------------------------------------------------------------


---------------------------------------------------------------------------------------
| Experiment Run 99/200 [20180207-100716]
---------------------------------------------------------------------------------------


---------------------------------------------------------------------------------------
| Experiment Run 100/200 [20180207-100723]
---------------------------------------------------------------------------------------


---------------------------------------------------------------------------------------
| Experiment Run 101/200 [20180207-100731]
---------------------------------------------------------------------------------------


---------------------------------------------------------------------------------------
| Experiment Run 102/200 [20180207-100738]
---------------------------------------------------------------------------------------


---------------------------------------------------------------------------------------
| Experiment Run 103/200 [20180207-100746]
---------------------------------------------------------------------------------------


---------------------------------------------------------------------------------------
| Experiment Run 104/200 [20180207-100753]
---------------------------------------------------------------------------------------


---------------------------------------------------------------------------------------
| Experiment Run 105/200 [20180207-100801]
---------------------------------------------------------------------------------------


---------------------------------------------------------------------------------------
| Experiment Run 106/200 [20180207-100809]
---------------------------------------------------------------------------------------


---------------------------------------------------------------------------------------
| Experiment Run 107/200 [20180207-100817]
---------------------------------------------------------------------------------------


---------------------------------------------------------------------------------------
| Experiment Run 108/200 [20180207-100825]
---------------------------------------------------------------------------------------


---------------------------------------------------------------------------------------
| Experiment Run 109/200 [20180207-100833]
---------------------------------------------------------------------------------------


---------------------------------------------------------------------------------------
| Experiment Run 110/200 [20180207-100841]
---------------------------------------------------------------------------------------


---------------------------------------------------------------------------------------
| Experiment Run 111/200 [20180207-100849]
---------------------------------------------------------------------------------------


---------------------------------------------------------------------------------------
| Experiment Run 112/200 [20180207-100857]
---------------------------------------------------------------------------------------


---------------------------------------------------------------------------------------
| Experiment Run 113/200 [20180207-100905]
---------------------------------------------------------------------------------------


---------------------------------------------------------------------------------------
| Experiment Run 114/200 [20180207-100913]
---------------------------------------------------------------------------------------


---------------------------------------------------------------------------------------
| Experiment Run 115/200 [20180207-100922]
---------------------------------------------------------------------------------------


---------------------------------------------------------------------------------------
| Experiment Run 116/200 [20180207-100930]
---------------------------------------------------------------------------------------


---------------------------------------------------------------------------------------
| Experiment Run 117/200 [20180207-100938]
---------------------------------------------------------------------------------------


---------------------------------------------------------------------------------------
| Experiment Run 118/200 [20180207-100945]
---------------------------------------------------------------------------------------


---------------------------------------------------------------------------------------
| Experiment Run 119/200 [20180207-100953]
---------------------------------------------------------------------------------------


---------------------------------------------------------------------------------------
| Experiment Run 120/200 [20180207-101000]
---------------------------------------------------------------------------------------


---------------------------------------------------------------------------------------
| Experiment Run 121/200 [20180207-101008]
---------------------------------------------------------------------------------------


---------------------------------------------------------------------------------------
| Experiment Run 122/200 [20180207-101015]
---------------------------------------------------------------------------------------


---------------------------------------------------------------------------------------
| Experiment Run 123/200 [20180207-101024]
---------------------------------------------------------------------------------------


---------------------------------------------------------------------------------------
| Experiment Run 124/200 [20180207-101032]
---------------------------------------------------------------------------------------


---------------------------------------------------------------------------------------
| Experiment Run 125/200 [20180207-101040]
---------------------------------------------------------------------------------------


---------------------------------------------------------------------------------------
| Experiment Run 126/200 [20180207-101049]
---------------------------------------------------------------------------------------


---------------------------------------------------------------------------------------
| Experiment Run 127/200 [20180207-101056]
---------------------------------------------------------------------------------------


---------------------------------------------------------------------------------------
| Experiment Run 128/200 [20180207-101105]
---------------------------------------------------------------------------------------


---------------------------------------------------------------------------------------
| Experiment Run 129/200 [20180207-101112]
---------------------------------------------------------------------------------------


---------------------------------------------------------------------------------------
| Experiment Run 130/200 [20180207-101119]
---------------------------------------------------------------------------------------


---------------------------------------------------------------------------------------
| Experiment Run 131/200 [20180207-101127]
---------------------------------------------------------------------------------------


---------------------------------------------------------------------------------------
| Experiment Run 132/200 [20180207-101135]
---------------------------------------------------------------------------------------


---------------------------------------------------------------------------------------
| Experiment Run 133/200 [20180207-101142]
---------------------------------------------------------------------------------------


---------------------------------------------------------------------------------------
| Experiment Run 134/200 [20180207-101150]
---------------------------------------------------------------------------------------


---------------------------------------------------------------------------------------
| Experiment Run 135/200 [20180207-101158]
---------------------------------------------------------------------------------------


---------------------------------------------------------------------------------------
| Experiment Run 136/200 [20180207-101206]
---------------------------------------------------------------------------------------


---------------------------------------------------------------------------------------
| Experiment Run 137/200 [20180207-101214]
---------------------------------------------------------------------------------------


---------------------------------------------------------------------------------------
| Experiment Run 138/200 [20180207-101222]
---------------------------------------------------------------------------------------


---------------------------------------------------------------------------------------
| Experiment Run 139/200 [20180207-101229]
---------------------------------------------------------------------------------------


---------------------------------------------------------------------------------------
| Experiment Run 140/200 [20180207-101237]
---------------------------------------------------------------------------------------


---------------------------------------------------------------------------------------
| Experiment Run 141/200 [20180207-101245]
---------------------------------------------------------------------------------------


---------------------------------------------------------------------------------------
| Experiment Run 142/200 [20180207-101253]
---------------------------------------------------------------------------------------


---------------------------------------------------------------------------------------
| Experiment Run 143/200 [20180207-101301]
---------------------------------------------------------------------------------------


---------------------------------------------------------------------------------------
| Experiment Run 144/200 [20180207-101309]
---------------------------------------------------------------------------------------


---------------------------------------------------------------------------------------
| Experiment Run 145/200 [20180207-101317]
---------------------------------------------------------------------------------------


---------------------------------------------------------------------------------------
| Experiment Run 146/200 [20180207-101325]
---------------------------------------------------------------------------------------


---------------------------------------------------------------------------------------
| Experiment Run 147/200 [20180207-101333]
---------------------------------------------------------------------------------------


---------------------------------------------------------------------------------------
| Experiment Run 148/200 [20180207-101341]
---------------------------------------------------------------------------------------


---------------------------------------------------------------------------------------
| Experiment Run 149/200 [20180207-101348]
---------------------------------------------------------------------------------------


---------------------------------------------------------------------------------------
| Experiment Run 150/200 [20180207-101356]
---------------------------------------------------------------------------------------


---------------------------------------------------------------------------------------
| Experiment Run 151/200 [20180207-101404]
---------------------------------------------------------------------------------------


---------------------------------------------------------------------------------------
| Experiment Run 152/200 [20180207-101411]
---------------------------------------------------------------------------------------


---------------------------------------------------------------------------------------
| Experiment Run 153/200 [20180207-101419]
---------------------------------------------------------------------------------------


---------------------------------------------------------------------------------------
| Experiment Run 154/200 [20180207-101427]
---------------------------------------------------------------------------------------


---------------------------------------------------------------------------------------
| Experiment Run 155/200 [20180207-101435]
---------------------------------------------------------------------------------------


---------------------------------------------------------------------------------------
| Experiment Run 156/200 [20180207-101443]
---------------------------------------------------------------------------------------


---------------------------------------------------------------------------------------
| Experiment Run 157/200 [20180207-101451]
---------------------------------------------------------------------------------------


---------------------------------------------------------------------------------------
| Experiment Run 158/200 [20180207-101459]
---------------------------------------------------------------------------------------


---------------------------------------------------------------------------------------
| Experiment Run 159/200 [20180207-101508]
---------------------------------------------------------------------------------------


---------------------------------------------------------------------------------------
| Experiment Run 160/200 [20180207-101516]
---------------------------------------------------------------------------------------


---------------------------------------------------------------------------------------
| Experiment Run 161/200 [20180207-101524]
---------------------------------------------------------------------------------------


---------------------------------------------------------------------------------------
| Experiment Run 162/200 [20180207-101531]
---------------------------------------------------------------------------------------


---------------------------------------------------------------------------------------
| Experiment Run 163/200 [20180207-101539]
---------------------------------------------------------------------------------------


---------------------------------------------------------------------------------------
| Experiment Run 164/200 [20180207-101546]
---------------------------------------------------------------------------------------


---------------------------------------------------------------------------------------
| Experiment Run 165/200 [20180207-101555]
---------------------------------------------------------------------------------------


---------------------------------------------------------------------------------------
| Experiment Run 166/200 [20180207-101603]
---------------------------------------------------------------------------------------


---------------------------------------------------------------------------------------
| Experiment Run 167/200 [20180207-101611]
---------------------------------------------------------------------------------------


---------------------------------------------------------------------------------------
| Experiment Run 168/200 [20180207-101619]
---------------------------------------------------------------------------------------


---------------------------------------------------------------------------------------
| Experiment Run 169/200 [20180207-101626]
---------------------------------------------------------------------------------------


---------------------------------------------------------------------------------------
| Experiment Run 170/200 [20180207-101634]
---------------------------------------------------------------------------------------


---------------------------------------------------------------------------------------
| Experiment Run 171/200 [20180207-101642]
---------------------------------------------------------------------------------------


---------------------------------------------------------------------------------------
| Experiment Run 172/200 [20180207-101650]
---------------------------------------------------------------------------------------


---------------------------------------------------------------------------------------
| Experiment Run 173/200 [20180207-101658]
---------------------------------------------------------------------------------------


---------------------------------------------------------------------------------------
| Experiment Run 174/200 [20180207-101707]
---------------------------------------------------------------------------------------


---------------------------------------------------------------------------------------
| Experiment Run 175/200 [20180207-101715]
---------------------------------------------------------------------------------------


---------------------------------------------------------------------------------------
| Experiment Run 176/200 [20180207-101722]
---------------------------------------------------------------------------------------


---------------------------------------------------------------------------------------
| Experiment Run 177/200 [20180207-101729]
---------------------------------------------------------------------------------------


---------------------------------------------------------------------------------------
| Experiment Run 178/200 [20180207-101737]
---------------------------------------------------------------------------------------


---------------------------------------------------------------------------------------
| Experiment Run 179/200 [20180207-101744]
---------------------------------------------------------------------------------------


---------------------------------------------------------------------------------------
| Experiment Run 180/200 [20180207-101752]
---------------------------------------------------------------------------------------


---------------------------------------------------------------------------------------
| Experiment Run 181/200 [20180207-101800]
---------------------------------------------------------------------------------------


---------------------------------------------------------------------------------------
| Experiment Run 182/200 [20180207-101808]
---------------------------------------------------------------------------------------


---------------------------------------------------------------------------------------
| Experiment Run 183/200 [20180207-101816]
---------------------------------------------------------------------------------------


---------------------------------------------------------------------------------------
| Experiment Run 184/200 [20180207-101824]
---------------------------------------------------------------------------------------


---------------------------------------------------------------------------------------
| Experiment Run 185/200 [20180207-101832]
---------------------------------------------------------------------------------------


---------------------------------------------------------------------------------------
| Experiment Run 186/200 [20180207-101840]
---------------------------------------------------------------------------------------


---------------------------------------------------------------------------------------
| Experiment Run 187/200 [20180207-101847]
---------------------------------------------------------------------------------------


---------------------------------------------------------------------------------------
| Experiment Run 188/200 [20180207-101855]
---------------------------------------------------------------------------------------


---------------------------------------------------------------------------------------
| Experiment Run 189/200 [20180207-101903]
---------------------------------------------------------------------------------------


---------------------------------------------------------------------------------------
| Experiment Run 190/200 [20180207-101911]
---------------------------------------------------------------------------------------


---------------------------------------------------------------------------------------
| Experiment Run 191/200 [20180207-101919]
---------------------------------------------------------------------------------------


---------------------------------------------------------------------------------------
| Experiment Run 192/200 [20180207-101926]
---------------------------------------------------------------------------------------


---------------------------------------------------------------------------------------
| Experiment Run 193/200 [20180207-101934]
---------------------------------------------------------------------------------------


---------------------------------------------------------------------------------------
| Experiment Run 194/200 [20180207-101942]
---------------------------------------------------------------------------------------


---------------------------------------------------------------------------------------
| Experiment Run 195/200 [20180207-101950]
---------------------------------------------------------------------------------------


---------------------------------------------------------------------------------------
| Experiment Run 196/200 [20180207-101958]
---------------------------------------------------------------------------------------


---------------------------------------------------------------------------------------
| Experiment Run 197/200 [20180207-102005]
---------------------------------------------------------------------------------------


---------------------------------------------------------------------------------------
| Experiment Run 198/200 [20180207-102014]
---------------------------------------------------------------------------------------


---------------------------------------------------------------------------------------
| Experiment Run 199/200 [20180207-102022]
---------------------------------------------------------------------------------------


---------------------------------------------------------------------------------------
| Experiment Run 200/200 [20180207-102030]
---------------------------------------------------------------------------------------


---------------------------------------------------------------------------------------
| Experiment done! [20180207-102038]
---------------------------------------------------------------------------------------
