=======================================================================================
| Kingdomino AI Experiment
|--------------------------------------------------------------------------------------
|
| Player strategy: FULL_GREEDY
| Opponent strategy: FULL_GREEDY
|
| Runs: 350
| Output file: kdom_exp-20170324-090103-rev-5ce3900/kdom_exp_FULL_GREEDY_vs_FULL_GREEDY.m
|
| Executing: 'java -jar out/kdom-exp.jar FULL_GREEDY FULL_GREEDY kdom_exp-20170324-090103-rev-5ce3900/kdom_exp_FULL_GREEDY_vs_FULL_GREEDY.m'
| Git Revision: 5ce3900
---------------------------------------------------------------------------------------

---------------------------------------------------------------------------------------
| Experiment Run 1/350
---------------------------------------------------------------------------------------


---------------------------------------------------------------------------------------
| Experiment Run 2/350
---------------------------------------------------------------------------------------


---------------------------------------------------------------------------------------
| Experiment Run 3/350
---------------------------------------------------------------------------------------


---------------------------------------------------------------------------------------
| Experiment Run 4/350
---------------------------------------------------------------------------------------


---------------------------------------------------------------------------------------
| Experiment Run 5/350
---------------------------------------------------------------------------------------


---------------------------------------------------------------------------------------
| Experiment Run 6/350
---------------------------------------------------------------------------------------


---------------------------------------------------------------------------------------
| Experiment Run 7/350
---------------------------------------------------------------------------------------


---------------------------------------------------------------------------------------
| Experiment Run 8/350
---------------------------------------------------------------------------------------


---------------------------------------------------------------------------------------
| Experiment Run 9/350
---------------------------------------------------------------------------------------


---------------------------------------------------------------------------------------
| Experiment Run 10/350
---------------------------------------------------------------------------------------


---------------------------------------------------------------------------------------
| Experiment Run 11/350
---------------------------------------------------------------------------------------


---------------------------------------------------------------------------------------
| Experiment Run 12/350
---------------------------------------------------------------------------------------


---------------------------------------------------------------------------------------
| Experiment Run 13/350
---------------------------------------------------------------------------------------


---------------------------------------------------------------------------------------
| Experiment Run 14/350
---------------------------------------------------------------------------------------


---------------------------------------------------------------------------------------
| Experiment Run 15/350
---------------------------------------------------------------------------------------


---------------------------------------------------------------------------------------
| Experiment Run 16/350
---------------------------------------------------------------------------------------


---------------------------------------------------------------------------------------
| Experiment Run 17/350
---------------------------------------------------------------------------------------


---------------------------------------------------------------------------------------
| Experiment Run 18/350
---------------------------------------------------------------------------------------


---------------------------------------------------------------------------------------
| Experiment Run 19/350
---------------------------------------------------------------------------------------


---------------------------------------------------------------------------------------
| Experiment Run 20/350
---------------------------------------------------------------------------------------


---------------------------------------------------------------------------------------
| Experiment Run 21/350
---------------------------------------------------------------------------------------


---------------------------------------------------------------------------------------
| Experiment Run 22/350
---------------------------------------------------------------------------------------


---------------------------------------------------------------------------------------
| Experiment Run 23/350
---------------------------------------------------------------------------------------


---------------------------------------------------------------------------------------
| Experiment Run 24/350
---------------------------------------------------------------------------------------


---------------------------------------------------------------------------------------
| Experiment Run 25/350
---------------------------------------------------------------------------------------


---------------------------------------------------------------------------------------
| Experiment Run 26/350
---------------------------------------------------------------------------------------


---------------------------------------------------------------------------------------
| Experiment Run 27/350
---------------------------------------------------------------------------------------


---------------------------------------------------------------------------------------
| Experiment Run 28/350
---------------------------------------------------------------------------------------


---------------------------------------------------------------------------------------
| Experiment Run 29/350
---------------------------------------------------------------------------------------


---------------------------------------------------------------------------------------
| Experiment Run 30/350
---------------------------------------------------------------------------------------


---------------------------------------------------------------------------------------
| Experiment Run 31/350
---------------------------------------------------------------------------------------


---------------------------------------------------------------------------------------
| Experiment Run 32/350
---------------------------------------------------------------------------------------


---------------------------------------------------------------------------------------
| Experiment Run 33/350
---------------------------------------------------------------------------------------


---------------------------------------------------------------------------------------
| Experiment Run 34/350
---------------------------------------------------------------------------------------


---------------------------------------------------------------------------------------
| Experiment Run 35/350
---------------------------------------------------------------------------------------


---------------------------------------------------------------------------------------
| Experiment Run 36/350
---------------------------------------------------------------------------------------


---------------------------------------------------------------------------------------
| Experiment Run 37/350
---------------------------------------------------------------------------------------


---------------------------------------------------------------------------------------
| Experiment Run 38/350
---------------------------------------------------------------------------------------


---------------------------------------------------------------------------------------
| Experiment Run 39/350
---------------------------------------------------------------------------------------


---------------------------------------------------------------------------------------
| Experiment Run 40/350
---------------------------------------------------------------------------------------


---------------------------------------------------------------------------------------
| Experiment Run 41/350
---------------------------------------------------------------------------------------


---------------------------------------------------------------------------------------
| Experiment Run 42/350
---------------------------------------------------------------------------------------


---------------------------------------------------------------------------------------
| Experiment Run 43/350
---------------------------------------------------------------------------------------


---------------------------------------------------------------------------------------
| Experiment Run 44/350
---------------------------------------------------------------------------------------


---------------------------------------------------------------------------------------
| Experiment Run 45/350
---------------------------------------------------------------------------------------


---------------------------------------------------------------------------------------
| Experiment Run 46/350
---------------------------------------------------------------------------------------


---------------------------------------------------------------------------------------
| Experiment Run 47/350
---------------------------------------------------------------------------------------


---------------------------------------------------------------------------------------
| Experiment Run 48/350
---------------------------------------------------------------------------------------


---------------------------------------------------------------------------------------
| Experiment Run 49/350
---------------------------------------------------------------------------------------


---------------------------------------------------------------------------------------
| Experiment Run 50/350
---------------------------------------------------------------------------------------


---------------------------------------------------------------------------------------
| Experiment Run 51/350
---------------------------------------------------------------------------------------


---------------------------------------------------------------------------------------
| Experiment Run 52/350
---------------------------------------------------------------------------------------


---------------------------------------------------------------------------------------
| Experiment Run 53/350
---------------------------------------------------------------------------------------


---------------------------------------------------------------------------------------
| Experiment Run 54/350
---------------------------------------------------------------------------------------


---------------------------------------------------------------------------------------
| Experiment Run 55/350
---------------------------------------------------------------------------------------


---------------------------------------------------------------------------------------
| Experiment Run 56/350
---------------------------------------------------------------------------------------


---------------------------------------------------------------------------------------
| Experiment Run 57/350
---------------------------------------------------------------------------------------


---------------------------------------------------------------------------------------
| Experiment Run 58/350
---------------------------------------------------------------------------------------


---------------------------------------------------------------------------------------
| Experiment Run 59/350
---------------------------------------------------------------------------------------


---------------------------------------------------------------------------------------
| Experiment Run 60/350
---------------------------------------------------------------------------------------


---------------------------------------------------------------------------------------
| Experiment Run 61/350
---------------------------------------------------------------------------------------


---------------------------------------------------------------------------------------
| Experiment Run 62/350
---------------------------------------------------------------------------------------


---------------------------------------------------------------------------------------
| Experiment Run 63/350
---------------------------------------------------------------------------------------


---------------------------------------------------------------------------------------
| Experiment Run 64/350
---------------------------------------------------------------------------------------


---------------------------------------------------------------------------------------
| Experiment Run 65/350
---------------------------------------------------------------------------------------


---------------------------------------------------------------------------------------
| Experiment Run 66/350
---------------------------------------------------------------------------------------


---------------------------------------------------------------------------------------
| Experiment Run 67/350
---------------------------------------------------------------------------------------


---------------------------------------------------------------------------------------
| Experiment Run 68/350
---------------------------------------------------------------------------------------


---------------------------------------------------------------------------------------
| Experiment Run 69/350
---------------------------------------------------------------------------------------


---------------------------------------------------------------------------------------
| Experiment Run 70/350
---------------------------------------------------------------------------------------


---------------------------------------------------------------------------------------
| Experiment Run 71/350
---------------------------------------------------------------------------------------


---------------------------------------------------------------------------------------
| Experiment Run 72/350
---------------------------------------------------------------------------------------


---------------------------------------------------------------------------------------
| Experiment Run 73/350
---------------------------------------------------------------------------------------


---------------------------------------------------------------------------------------
| Experiment Run 74/350
---------------------------------------------------------------------------------------


---------------------------------------------------------------------------------------
| Experiment Run 75/350
---------------------------------------------------------------------------------------


---------------------------------------------------------------------------------------
| Experiment Run 76/350
---------------------------------------------------------------------------------------


---------------------------------------------------------------------------------------
| Experiment Run 77/350
---------------------------------------------------------------------------------------


---------------------------------------------------------------------------------------
| Experiment Run 78/350
---------------------------------------------------------------------------------------


---------------------------------------------------------------------------------------
| Experiment Run 79/350
---------------------------------------------------------------------------------------


---------------------------------------------------------------------------------------
| Experiment Run 80/350
---------------------------------------------------------------------------------------


---------------------------------------------------------------------------------------
| Experiment Run 81/350
---------------------------------------------------------------------------------------


---------------------------------------------------------------------------------------
| Experiment Run 82/350
---------------------------------------------------------------------------------------


---------------------------------------------------------------------------------------
| Experiment Run 83/350
---------------------------------------------------------------------------------------


---------------------------------------------------------------------------------------
| Experiment Run 84/350
---------------------------------------------------------------------------------------


---------------------------------------------------------------------------------------
| Experiment Run 85/350
---------------------------------------------------------------------------------------


---------------------------------------------------------------------------------------
| Experiment Run 86/350
---------------------------------------------------------------------------------------


---------------------------------------------------------------------------------------
| Experiment Run 87/350
---------------------------------------------------------------------------------------


---------------------------------------------------------------------------------------
| Experiment Run 88/350
---------------------------------------------------------------------------------------


---------------------------------------------------------------------------------------
| Experiment Run 89/350
---------------------------------------------------------------------------------------


---------------------------------------------------------------------------------------
| Experiment Run 90/350
---------------------------------------------------------------------------------------


---------------------------------------------------------------------------------------
| Experiment Run 91/350
---------------------------------------------------------------------------------------


---------------------------------------------------------------------------------------
| Experiment Run 92/350
---------------------------------------------------------------------------------------


---------------------------------------------------------------------------------------
| Experiment Run 93/350
---------------------------------------------------------------------------------------


---------------------------------------------------------------------------------------
| Experiment Run 94/350
---------------------------------------------------------------------------------------


---------------------------------------------------------------------------------------
| Experiment Run 95/350
---------------------------------------------------------------------------------------


---------------------------------------------------------------------------------------
| Experiment Run 96/350
---------------------------------------------------------------------------------------


---------------------------------------------------------------------------------------
| Experiment Run 97/350
---------------------------------------------------------------------------------------


---------------------------------------------------------------------------------------
| Experiment Run 98/350
---------------------------------------------------------------------------------------


---------------------------------------------------------------------------------------
| Experiment Run 99/350
---------------------------------------------------------------------------------------


---------------------------------------------------------------------------------------
| Experiment Run 100/350
---------------------------------------------------------------------------------------


---------------------------------------------------------------------------------------
| Experiment Run 101/350
---------------------------------------------------------------------------------------


---------------------------------------------------------------------------------------
| Experiment Run 102/350
---------------------------------------------------------------------------------------


---------------------------------------------------------------------------------------
| Experiment Run 103/350
---------------------------------------------------------------------------------------


---------------------------------------------------------------------------------------
| Experiment Run 104/350
---------------------------------------------------------------------------------------


---------------------------------------------------------------------------------------
| Experiment Run 105/350
---------------------------------------------------------------------------------------


---------------------------------------------------------------------------------------
| Experiment Run 106/350
---------------------------------------------------------------------------------------


---------------------------------------------------------------------------------------
| Experiment Run 107/350
---------------------------------------------------------------------------------------


---------------------------------------------------------------------------------------
| Experiment Run 108/350
---------------------------------------------------------------------------------------


---------------------------------------------------------------------------------------
| Experiment Run 109/350
---------------------------------------------------------------------------------------


---------------------------------------------------------------------------------------
| Experiment Run 110/350
---------------------------------------------------------------------------------------


---------------------------------------------------------------------------------------
| Experiment Run 111/350
---------------------------------------------------------------------------------------


---------------------------------------------------------------------------------------
| Experiment Run 112/350
---------------------------------------------------------------------------------------


---------------------------------------------------------------------------------------
| Experiment Run 113/350
---------------------------------------------------------------------------------------


---------------------------------------------------------------------------------------
| Experiment Run 114/350
---------------------------------------------------------------------------------------


---------------------------------------------------------------------------------------
| Experiment Run 115/350
---------------------------------------------------------------------------------------


---------------------------------------------------------------------------------------
| Experiment Run 116/350
---------------------------------------------------------------------------------------


---------------------------------------------------------------------------------------
| Experiment Run 117/350
---------------------------------------------------------------------------------------


---------------------------------------------------------------------------------------
| Experiment Run 118/350
---------------------------------------------------------------------------------------


---------------------------------------------------------------------------------------
| Experiment Run 119/350
---------------------------------------------------------------------------------------


---------------------------------------------------------------------------------------
| Experiment Run 120/350
---------------------------------------------------------------------------------------


---------------------------------------------------------------------------------------
| Experiment Run 121/350
---------------------------------------------------------------------------------------


---------------------------------------------------------------------------------------
| Experiment Run 122/350
---------------------------------------------------------------------------------------


---------------------------------------------------------------------------------------
| Experiment Run 123/350
---------------------------------------------------------------------------------------


---------------------------------------------------------------------------------------
| Experiment Run 124/350
---------------------------------------------------------------------------------------


---------------------------------------------------------------------------------------
| Experiment Run 125/350
---------------------------------------------------------------------------------------


---------------------------------------------------------------------------------------
| Experiment Run 126/350
---------------------------------------------------------------------------------------


---------------------------------------------------------------------------------------
| Experiment Run 127/350
---------------------------------------------------------------------------------------


---------------------------------------------------------------------------------------
| Experiment Run 128/350
---------------------------------------------------------------------------------------


---------------------------------------------------------------------------------------
| Experiment Run 129/350
---------------------------------------------------------------------------------------


---------------------------------------------------------------------------------------
| Experiment Run 130/350
---------------------------------------------------------------------------------------


---------------------------------------------------------------------------------------
| Experiment Run 131/350
---------------------------------------------------------------------------------------


---------------------------------------------------------------------------------------
| Experiment Run 132/350
---------------------------------------------------------------------------------------


---------------------------------------------------------------------------------------
| Experiment Run 133/350
---------------------------------------------------------------------------------------


---------------------------------------------------------------------------------------
| Experiment Run 134/350
---------------------------------------------------------------------------------------


---------------------------------------------------------------------------------------
| Experiment Run 135/350
---------------------------------------------------------------------------------------


---------------------------------------------------------------------------------------
| Experiment Run 136/350
---------------------------------------------------------------------------------------


---------------------------------------------------------------------------------------
| Experiment Run 137/350
---------------------------------------------------------------------------------------


---------------------------------------------------------------------------------------
| Experiment Run 138/350
---------------------------------------------------------------------------------------


---------------------------------------------------------------------------------------
| Experiment Run 139/350
---------------------------------------------------------------------------------------


---------------------------------------------------------------------------------------
| Experiment Run 140/350
---------------------------------------------------------------------------------------


---------------------------------------------------------------------------------------
| Experiment Run 141/350
---------------------------------------------------------------------------------------


---------------------------------------------------------------------------------------
| Experiment Run 142/350
---------------------------------------------------------------------------------------


---------------------------------------------------------------------------------------
| Experiment Run 143/350
---------------------------------------------------------------------------------------


---------------------------------------------------------------------------------------
| Experiment Run 144/350
---------------------------------------------------------------------------------------


---------------------------------------------------------------------------------------
| Experiment Run 145/350
---------------------------------------------------------------------------------------


---------------------------------------------------------------------------------------
| Experiment Run 146/350
---------------------------------------------------------------------------------------


---------------------------------------------------------------------------------------
| Experiment Run 147/350
---------------------------------------------------------------------------------------


---------------------------------------------------------------------------------------
| Experiment Run 148/350
---------------------------------------------------------------------------------------


---------------------------------------------------------------------------------------
| Experiment Run 149/350
---------------------------------------------------------------------------------------


---------------------------------------------------------------------------------------
| Experiment Run 150/350
---------------------------------------------------------------------------------------


---------------------------------------------------------------------------------------
| Experiment Run 151/350
---------------------------------------------------------------------------------------


---------------------------------------------------------------------------------------
| Experiment Run 152/350
---------------------------------------------------------------------------------------


---------------------------------------------------------------------------------------
| Experiment Run 153/350
---------------------------------------------------------------------------------------


---------------------------------------------------------------------------------------
| Experiment Run 154/350
---------------------------------------------------------------------------------------


---------------------------------------------------------------------------------------
| Experiment Run 155/350
---------------------------------------------------------------------------------------


---------------------------------------------------------------------------------------
| Experiment Run 156/350
---------------------------------------------------------------------------------------


---------------------------------------------------------------------------------------
| Experiment Run 157/350
---------------------------------------------------------------------------------------


---------------------------------------------------------------------------------------
| Experiment Run 158/350
---------------------------------------------------------------------------------------


---------------------------------------------------------------------------------------
| Experiment Run 159/350
---------------------------------------------------------------------------------------


---------------------------------------------------------------------------------------
| Experiment Run 160/350
---------------------------------------------------------------------------------------


---------------------------------------------------------------------------------------
| Experiment Run 161/350
---------------------------------------------------------------------------------------


---------------------------------------------------------------------------------------
| Experiment Run 162/350
---------------------------------------------------------------------------------------


---------------------------------------------------------------------------------------
| Experiment Run 163/350
---------------------------------------------------------------------------------------


---------------------------------------------------------------------------------------
| Experiment Run 164/350
---------------------------------------------------------------------------------------


---------------------------------------------------------------------------------------
| Experiment Run 165/350
---------------------------------------------------------------------------------------


---------------------------------------------------------------------------------------
| Experiment Run 166/350
---------------------------------------------------------------------------------------


---------------------------------------------------------------------------------------
| Experiment Run 167/350
---------------------------------------------------------------------------------------


---------------------------------------------------------------------------------------
| Experiment Run 168/350
---------------------------------------------------------------------------------------


---------------------------------------------------------------------------------------
| Experiment Run 169/350
---------------------------------------------------------------------------------------


---------------------------------------------------------------------------------------
| Experiment Run 170/350
---------------------------------------------------------------------------------------


---------------------------------------------------------------------------------------
| Experiment Run 171/350
---------------------------------------------------------------------------------------


---------------------------------------------------------------------------------------
| Experiment Run 172/350
---------------------------------------------------------------------------------------


---------------------------------------------------------------------------------------
| Experiment Run 173/350
---------------------------------------------------------------------------------------


---------------------------------------------------------------------------------------
| Experiment Run 174/350
---------------------------------------------------------------------------------------


---------------------------------------------------------------------------------------
| Experiment Run 175/350
---------------------------------------------------------------------------------------


---------------------------------------------------------------------------------------
| Experiment Run 176/350
---------------------------------------------------------------------------------------


---------------------------------------------------------------------------------------
| Experiment Run 177/350
---------------------------------------------------------------------------------------


---------------------------------------------------------------------------------------
| Experiment Run 178/350
---------------------------------------------------------------------------------------


---------------------------------------------------------------------------------------
| Experiment Run 179/350
---------------------------------------------------------------------------------------


---------------------------------------------------------------------------------------
| Experiment Run 180/350
---------------------------------------------------------------------------------------


---------------------------------------------------------------------------------------
| Experiment Run 181/350
---------------------------------------------------------------------------------------


---------------------------------------------------------------------------------------
| Experiment Run 182/350
---------------------------------------------------------------------------------------


---------------------------------------------------------------------------------------
| Experiment Run 183/350
---------------------------------------------------------------------------------------


---------------------------------------------------------------------------------------
| Experiment Run 184/350
---------------------------------------------------------------------------------------


---------------------------------------------------------------------------------------
| Experiment Run 185/350
---------------------------------------------------------------------------------------


---------------------------------------------------------------------------------------
| Experiment Run 186/350
---------------------------------------------------------------------------------------


---------------------------------------------------------------------------------------
| Experiment Run 187/350
---------------------------------------------------------------------------------------


---------------------------------------------------------------------------------------
| Experiment Run 188/350
---------------------------------------------------------------------------------------


---------------------------------------------------------------------------------------
| Experiment Run 189/350
---------------------------------------------------------------------------------------


---------------------------------------------------------------------------------------
| Experiment Run 190/350
---------------------------------------------------------------------------------------


---------------------------------------------------------------------------------------
| Experiment Run 191/350
---------------------------------------------------------------------------------------


---------------------------------------------------------------------------------------
| Experiment Run 192/350
---------------------------------------------------------------------------------------


---------------------------------------------------------------------------------------
| Experiment Run 193/350
---------------------------------------------------------------------------------------


---------------------------------------------------------------------------------------
| Experiment Run 194/350
---------------------------------------------------------------------------------------


---------------------------------------------------------------------------------------
| Experiment Run 195/350
---------------------------------------------------------------------------------------


---------------------------------------------------------------------------------------
| Experiment Run 196/350
---------------------------------------------------------------------------------------


---------------------------------------------------------------------------------------
| Experiment Run 197/350
---------------------------------------------------------------------------------------


---------------------------------------------------------------------------------------
| Experiment Run 198/350
---------------------------------------------------------------------------------------


---------------------------------------------------------------------------------------
| Experiment Run 199/350
---------------------------------------------------------------------------------------


---------------------------------------------------------------------------------------
| Experiment Run 200/350
---------------------------------------------------------------------------------------


---------------------------------------------------------------------------------------
| Experiment Run 201/350
---------------------------------------------------------------------------------------


---------------------------------------------------------------------------------------
| Experiment Run 202/350
---------------------------------------------------------------------------------------


---------------------------------------------------------------------------------------
| Experiment Run 203/350
---------------------------------------------------------------------------------------


---------------------------------------------------------------------------------------
| Experiment Run 204/350
---------------------------------------------------------------------------------------


---------------------------------------------------------------------------------------
| Experiment Run 205/350
---------------------------------------------------------------------------------------


---------------------------------------------------------------------------------------
| Experiment Run 206/350
---------------------------------------------------------------------------------------


---------------------------------------------------------------------------------------
| Experiment Run 207/350
---------------------------------------------------------------------------------------


---------------------------------------------------------------------------------------
| Experiment Run 208/350
---------------------------------------------------------------------------------------


---------------------------------------------------------------------------------------
| Experiment Run 209/350
---------------------------------------------------------------------------------------


---------------------------------------------------------------------------------------
| Experiment Run 210/350
---------------------------------------------------------------------------------------


---------------------------------------------------------------------------------------
| Experiment Run 211/350
---------------------------------------------------------------------------------------


---------------------------------------------------------------------------------------
| Experiment Run 212/350
---------------------------------------------------------------------------------------


---------------------------------------------------------------------------------------
| Experiment Run 213/350
---------------------------------------------------------------------------------------


---------------------------------------------------------------------------------------
| Experiment Run 214/350
---------------------------------------------------------------------------------------


---------------------------------------------------------------------------------------
| Experiment Run 215/350
---------------------------------------------------------------------------------------


---------------------------------------------------------------------------------------
| Experiment Run 216/350
---------------------------------------------------------------------------------------


---------------------------------------------------------------------------------------
| Experiment Run 217/350
---------------------------------------------------------------------------------------


---------------------------------------------------------------------------------------
| Experiment Run 218/350
---------------------------------------------------------------------------------------


---------------------------------------------------------------------------------------
| Experiment Run 219/350
---------------------------------------------------------------------------------------


---------------------------------------------------------------------------------------
| Experiment Run 220/350
---------------------------------------------------------------------------------------


---------------------------------------------------------------------------------------
| Experiment Run 221/350
---------------------------------------------------------------------------------------


---------------------------------------------------------------------------------------
| Experiment Run 222/350
---------------------------------------------------------------------------------------


---------------------------------------------------------------------------------------
| Experiment Run 223/350
---------------------------------------------------------------------------------------


---------------------------------------------------------------------------------------
| Experiment Run 224/350
---------------------------------------------------------------------------------------


---------------------------------------------------------------------------------------
| Experiment Run 225/350
---------------------------------------------------------------------------------------


---------------------------------------------------------------------------------------
| Experiment Run 226/350
---------------------------------------------------------------------------------------


---------------------------------------------------------------------------------------
| Experiment Run 227/350
---------------------------------------------------------------------------------------


---------------------------------------------------------------------------------------
| Experiment Run 228/350
---------------------------------------------------------------------------------------


---------------------------------------------------------------------------------------
| Experiment Run 229/350
---------------------------------------------------------------------------------------


---------------------------------------------------------------------------------------
| Experiment Run 230/350
---------------------------------------------------------------------------------------


---------------------------------------------------------------------------------------
| Experiment Run 231/350
---------------------------------------------------------------------------------------


---------------------------------------------------------------------------------------
| Experiment Run 232/350
---------------------------------------------------------------------------------------


---------------------------------------------------------------------------------------
| Experiment Run 233/350
---------------------------------------------------------------------------------------


---------------------------------------------------------------------------------------
| Experiment Run 234/350
---------------------------------------------------------------------------------------


---------------------------------------------------------------------------------------
| Experiment Run 235/350
---------------------------------------------------------------------------------------


---------------------------------------------------------------------------------------
| Experiment Run 236/350
---------------------------------------------------------------------------------------


---------------------------------------------------------------------------------------
| Experiment Run 237/350
---------------------------------------------------------------------------------------


---------------------------------------------------------------------------------------
| Experiment Run 238/350
---------------------------------------------------------------------------------------


---------------------------------------------------------------------------------------
| Experiment Run 239/350
---------------------------------------------------------------------------------------


---------------------------------------------------------------------------------------
| Experiment Run 240/350
---------------------------------------------------------------------------------------


---------------------------------------------------------------------------------------
| Experiment Run 241/350
---------------------------------------------------------------------------------------


---------------------------------------------------------------------------------------
| Experiment Run 242/350
---------------------------------------------------------------------------------------


---------------------------------------------------------------------------------------
| Experiment Run 243/350
---------------------------------------------------------------------------------------


---------------------------------------------------------------------------------------
| Experiment Run 244/350
---------------------------------------------------------------------------------------


---------------------------------------------------------------------------------------
| Experiment Run 245/350
---------------------------------------------------------------------------------------


---------------------------------------------------------------------------------------
| Experiment Run 246/350
---------------------------------------------------------------------------------------


---------------------------------------------------------------------------------------
| Experiment Run 247/350
---------------------------------------------------------------------------------------


---------------------------------------------------------------------------------------
| Experiment Run 248/350
---------------------------------------------------------------------------------------


---------------------------------------------------------------------------------------
| Experiment Run 249/350
---------------------------------------------------------------------------------------


---------------------------------------------------------------------------------------
| Experiment Run 250/350
---------------------------------------------------------------------------------------


---------------------------------------------------------------------------------------
| Experiment Run 251/350
---------------------------------------------------------------------------------------


---------------------------------------------------------------------------------------
| Experiment Run 252/350
---------------------------------------------------------------------------------------


---------------------------------------------------------------------------------------
| Experiment Run 253/350
---------------------------------------------------------------------------------------


---------------------------------------------------------------------------------------
| Experiment Run 254/350
---------------------------------------------------------------------------------------


---------------------------------------------------------------------------------------
| Experiment Run 255/350
---------------------------------------------------------------------------------------


---------------------------------------------------------------------------------------
| Experiment Run 256/350
---------------------------------------------------------------------------------------


---------------------------------------------------------------------------------------
| Experiment Run 257/350
---------------------------------------------------------------------------------------


---------------------------------------------------------------------------------------
| Experiment Run 258/350
---------------------------------------------------------------------------------------


---------------------------------------------------------------------------------------
| Experiment Run 259/350
---------------------------------------------------------------------------------------


---------------------------------------------------------------------------------------
| Experiment Run 260/350
---------------------------------------------------------------------------------------


---------------------------------------------------------------------------------------
| Experiment Run 261/350
---------------------------------------------------------------------------------------


---------------------------------------------------------------------------------------
| Experiment Run 262/350
---------------------------------------------------------------------------------------


---------------------------------------------------------------------------------------
| Experiment Run 263/350
---------------------------------------------------------------------------------------


---------------------------------------------------------------------------------------
| Experiment Run 264/350
---------------------------------------------------------------------------------------


---------------------------------------------------------------------------------------
| Experiment Run 265/350
---------------------------------------------------------------------------------------


---------------------------------------------------------------------------------------
| Experiment Run 266/350
---------------------------------------------------------------------------------------


---------------------------------------------------------------------------------------
| Experiment Run 267/350
---------------------------------------------------------------------------------------


---------------------------------------------------------------------------------------
| Experiment Run 268/350
---------------------------------------------------------------------------------------


---------------------------------------------------------------------------------------
| Experiment Run 269/350
---------------------------------------------------------------------------------------


---------------------------------------------------------------------------------------
| Experiment Run 270/350
---------------------------------------------------------------------------------------


---------------------------------------------------------------------------------------
| Experiment Run 271/350
---------------------------------------------------------------------------------------


---------------------------------------------------------------------------------------
| Experiment Run 272/350
---------------------------------------------------------------------------------------


---------------------------------------------------------------------------------------
| Experiment Run 273/350
---------------------------------------------------------------------------------------


---------------------------------------------------------------------------------------
| Experiment Run 274/350
---------------------------------------------------------------------------------------


---------------------------------------------------------------------------------------
| Experiment Run 275/350
---------------------------------------------------------------------------------------


---------------------------------------------------------------------------------------
| Experiment Run 276/350
---------------------------------------------------------------------------------------


---------------------------------------------------------------------------------------
| Experiment Run 277/350
---------------------------------------------------------------------------------------


---------------------------------------------------------------------------------------
| Experiment Run 278/350
---------------------------------------------------------------------------------------


---------------------------------------------------------------------------------------
| Experiment Run 279/350
---------------------------------------------------------------------------------------


---------------------------------------------------------------------------------------
| Experiment Run 280/350
---------------------------------------------------------------------------------------


---------------------------------------------------------------------------------------
| Experiment Run 281/350
---------------------------------------------------------------------------------------


---------------------------------------------------------------------------------------
| Experiment Run 282/350
---------------------------------------------------------------------------------------


---------------------------------------------------------------------------------------
| Experiment Run 283/350
---------------------------------------------------------------------------------------


---------------------------------------------------------------------------------------
| Experiment Run 284/350
---------------------------------------------------------------------------------------


---------------------------------------------------------------------------------------
| Experiment Run 285/350
---------------------------------------------------------------------------------------


---------------------------------------------------------------------------------------
| Experiment Run 286/350
---------------------------------------------------------------------------------------


---------------------------------------------------------------------------------------
| Experiment Run 287/350
---------------------------------------------------------------------------------------


---------------------------------------------------------------------------------------
| Experiment Run 288/350
---------------------------------------------------------------------------------------


---------------------------------------------------------------------------------------
| Experiment Run 289/350
---------------------------------------------------------------------------------------


---------------------------------------------------------------------------------------
| Experiment Run 290/350
---------------------------------------------------------------------------------------


---------------------------------------------------------------------------------------
| Experiment Run 291/350
---------------------------------------------------------------------------------------


---------------------------------------------------------------------------------------
| Experiment Run 292/350
---------------------------------------------------------------------------------------


---------------------------------------------------------------------------------------
| Experiment Run 293/350
---------------------------------------------------------------------------------------


---------------------------------------------------------------------------------------
| Experiment Run 294/350
---------------------------------------------------------------------------------------


---------------------------------------------------------------------------------------
| Experiment Run 295/350
---------------------------------------------------------------------------------------


---------------------------------------------------------------------------------------
| Experiment Run 296/350
---------------------------------------------------------------------------------------


---------------------------------------------------------------------------------------
| Experiment Run 297/350
---------------------------------------------------------------------------------------


---------------------------------------------------------------------------------------
| Experiment Run 298/350
---------------------------------------------------------------------------------------


---------------------------------------------------------------------------------------
| Experiment Run 299/350
---------------------------------------------------------------------------------------


---------------------------------------------------------------------------------------
| Experiment Run 300/350
---------------------------------------------------------------------------------------


---------------------------------------------------------------------------------------
| Experiment Run 301/350
---------------------------------------------------------------------------------------


---------------------------------------------------------------------------------------
| Experiment Run 302/350
---------------------------------------------------------------------------------------


---------------------------------------------------------------------------------------
| Experiment Run 303/350
---------------------------------------------------------------------------------------


---------------------------------------------------------------------------------------
| Experiment Run 304/350
---------------------------------------------------------------------------------------


---------------------------------------------------------------------------------------
| Experiment Run 305/350
---------------------------------------------------------------------------------------


---------------------------------------------------------------------------------------
| Experiment Run 306/350
---------------------------------------------------------------------------------------


---------------------------------------------------------------------------------------
| Experiment Run 307/350
---------------------------------------------------------------------------------------


---------------------------------------------------------------------------------------
| Experiment Run 308/350
---------------------------------------------------------------------------------------


---------------------------------------------------------------------------------------
| Experiment Run 309/350
---------------------------------------------------------------------------------------


---------------------------------------------------------------------------------------
| Experiment Run 310/350
---------------------------------------------------------------------------------------


---------------------------------------------------------------------------------------
| Experiment Run 311/350
---------------------------------------------------------------------------------------


---------------------------------------------------------------------------------------
| Experiment Run 312/350
---------------------------------------------------------------------------------------


---------------------------------------------------------------------------------------
| Experiment Run 313/350
---------------------------------------------------------------------------------------


---------------------------------------------------------------------------------------
| Experiment Run 314/350
---------------------------------------------------------------------------------------


---------------------------------------------------------------------------------------
| Experiment Run 315/350
---------------------------------------------------------------------------------------


---------------------------------------------------------------------------------------
| Experiment Run 316/350
---------------------------------------------------------------------------------------


---------------------------------------------------------------------------------------
| Experiment Run 317/350
---------------------------------------------------------------------------------------


---------------------------------------------------------------------------------------
| Experiment Run 318/350
---------------------------------------------------------------------------------------


---------------------------------------------------------------------------------------
| Experiment Run 319/350
---------------------------------------------------------------------------------------


---------------------------------------------------------------------------------------
| Experiment Run 320/350
---------------------------------------------------------------------------------------


---------------------------------------------------------------------------------------
| Experiment Run 321/350
---------------------------------------------------------------------------------------


---------------------------------------------------------------------------------------
| Experiment Run 322/350
---------------------------------------------------------------------------------------


---------------------------------------------------------------------------------------
| Experiment Run 323/350
---------------------------------------------------------------------------------------


---------------------------------------------------------------------------------------
| Experiment Run 324/350
---------------------------------------------------------------------------------------


---------------------------------------------------------------------------------------
| Experiment Run 325/350
---------------------------------------------------------------------------------------


---------------------------------------------------------------------------------------
| Experiment Run 326/350
---------------------------------------------------------------------------------------


---------------------------------------------------------------------------------------
| Experiment Run 327/350
---------------------------------------------------------------------------------------


---------------------------------------------------------------------------------------
| Experiment Run 328/350
---------------------------------------------------------------------------------------


---------------------------------------------------------------------------------------
| Experiment Run 329/350
---------------------------------------------------------------------------------------


---------------------------------------------------------------------------------------
| Experiment Run 330/350
---------------------------------------------------------------------------------------


---------------------------------------------------------------------------------------
| Experiment Run 331/350
---------------------------------------------------------------------------------------


---------------------------------------------------------------------------------------
| Experiment Run 332/350
---------------------------------------------------------------------------------------


---------------------------------------------------------------------------------------
| Experiment Run 333/350
---------------------------------------------------------------------------------------


---------------------------------------------------------------------------------------
| Experiment Run 334/350
---------------------------------------------------------------------------------------


---------------------------------------------------------------------------------------
| Experiment Run 335/350
---------------------------------------------------------------------------------------


---------------------------------------------------------------------------------------
| Experiment Run 336/350
---------------------------------------------------------------------------------------


---------------------------------------------------------------------------------------
| Experiment Run 337/350
---------------------------------------------------------------------------------------


---------------------------------------------------------------------------------------
| Experiment Run 338/350
---------------------------------------------------------------------------------------


---------------------------------------------------------------------------------------
| Experiment Run 339/350
---------------------------------------------------------------------------------------


---------------------------------------------------------------------------------------
| Experiment Run 340/350
---------------------------------------------------------------------------------------


---------------------------------------------------------------------------------------
| Experiment Run 341/350
---------------------------------------------------------------------------------------


---------------------------------------------------------------------------------------
| Experiment Run 342/350
---------------------------------------------------------------------------------------


---------------------------------------------------------------------------------------
| Experiment Run 343/350
---------------------------------------------------------------------------------------


---------------------------------------------------------------------------------------
| Experiment Run 344/350
---------------------------------------------------------------------------------------


---------------------------------------------------------------------------------------
| Experiment Run 345/350
---------------------------------------------------------------------------------------


---------------------------------------------------------------------------------------
| Experiment Run 346/350
---------------------------------------------------------------------------------------


---------------------------------------------------------------------------------------
| Experiment Run 347/350
---------------------------------------------------------------------------------------


---------------------------------------------------------------------------------------
| Experiment Run 348/350
---------------------------------------------------------------------------------------


---------------------------------------------------------------------------------------
| Experiment Run 349/350
---------------------------------------------------------------------------------------


---------------------------------------------------------------------------------------
| Experiment Run 350/350
---------------------------------------------------------------------------------------


---------------------------------------------------------------------------------------
| Experiment done!
---------------------------------------------------------------------------------------
