=======================================================================================
| Kingdomino AI Experiment
|--------------------------------------------------------------------------------------
|
| Player strategy: UCTB_TR_C0_6_W0_1
| Opponent strategy: FULL_GREEDY
|
| Max search time: 10 (s)
| Max playouts: 0
| Runs: 1
|
| System: Linux 3.20GHz
| Output file: kdom_exp-20180225-234749-rev-85d33f5-cpu-3.20GHz/kdom_exp_UCTB_TR_C0_6_W0_1_vs_FULL_GREEDY_G1_T10_P0.dat
|
| Executing: 'java -jar out/kdom-exp.jar UCTB_TR_C0_6_W0_1 FULL_GREEDY 10 0 kdom_exp-20180225-234749-rev-85d33f5-cpu-3.20GHz/kdom_exp_UCTB_TR_C0_6_W0_1_vs_FULL_GREEDY_G1_T10_P0.tmp'
| Git Revision: 85d33f5
|
| Start time: 2018-02-26_01:07:29
---------------------------------------------------------------------------------------

---------------------------------------------------------------------------------------
| Experiment Run 1/1 [2018-02-26_01:07:29]
---------------------------------------------------------------------------------------


---------------------------------------------------------------------------------------
| Experiment done! [2018-02-26_01:09:43]
---------------------------------------------------------------------------------------
