=======================================================================================
| Kingdomino AI Experiment
|--------------------------------------------------------------------------------------
|
| Player strategy: UCT_FG_C0_6
| Opponent strategy: FULL_GREEDY
|
| Max search time: 8 (s)
| Max playouts: 0
| Runs: 1
|
| System: Linux 3.20GHz
| Output file: kdom_exp-20180225-234749-rev-85d33f5-cpu-3.20GHz/kdom_exp_UCT_FG_C0_6_vs_FULL_GREEDY_G1_T8_P0.dat
|
| Executing: 'java -jar out/kdom-exp.jar UCT_FG_C0_6 FULL_GREEDY 8 0 kdom_exp-20180225-234749-rev-85d33f5-cpu-3.20GHz/kdom_exp_UCT_FG_C0_6_vs_FULL_GREEDY_G1_T8_P0.tmp'
| Git Revision: 85d33f5
|
| Start time: 2018-02-25_23:55:35
---------------------------------------------------------------------------------------

---------------------------------------------------------------------------------------
| Experiment Run 1/1 [2018-02-25_23:55:35]
---------------------------------------------------------------------------------------


---------------------------------------------------------------------------------------
| Experiment done! [2018-02-25_23:57:23]
---------------------------------------------------------------------------------------
