=======================================================================================
| Kingdomino AI Experiment
|--------------------------------------------------------------------------------------
|
| Player strategy: MCE_FG_R
| Opponent strategy: FULL_GREEDY
|
| Max search time: 10 (s)
| Max playouts: 0
| Runs: 300
|
| System: Linux 3.20GHz
| Output file: kdom_exp-20170331-213055-rev-3cc76b2-cpu-3.20GHz/kdom_exp_MCE_FG_R_vs_FULL_GREEDY_T10_P0.m
|
| Executing: 'java -jar out/kdom-exp.jar MCE_FG_R FULL_GREEDY kdom_exp-20170331-213055-rev-3cc76b2-cpu-3.20GHz/kdom_exp_MCE_FG_R_vs_FULL_GREEDY_T10_P0.m 10 0'
| Git Revision: 3cc76b2
---------------------------------------------------------------------------------------

---------------------------------------------------------------------------------------
| Experiment Run 1/300
---------------------------------------------------------------------------------------


---------------------------------------------------------------------------------------
| Experiment Run 2/300
---------------------------------------------------------------------------------------


---------------------------------------------------------------------------------------
| Experiment Run 3/300
---------------------------------------------------------------------------------------


---------------------------------------------------------------------------------------
| Experiment Run 4/300
---------------------------------------------------------------------------------------


---------------------------------------------------------------------------------------
| Experiment Run 5/300
---------------------------------------------------------------------------------------


---------------------------------------------------------------------------------------
| Experiment Run 6/300
---------------------------------------------------------------------------------------


---------------------------------------------------------------------------------------
| Experiment Run 7/300
---------------------------------------------------------------------------------------


---------------------------------------------------------------------------------------
| Experiment Run 8/300
---------------------------------------------------------------------------------------


---------------------------------------------------------------------------------------
| Experiment Run 9/300
---------------------------------------------------------------------------------------


---------------------------------------------------------------------------------------
| Experiment Run 10/300
---------------------------------------------------------------------------------------


---------------------------------------------------------------------------------------
| Experiment Run 11/300
---------------------------------------------------------------------------------------


---------------------------------------------------------------------------------------
| Experiment Run 12/300
---------------------------------------------------------------------------------------


---------------------------------------------------------------------------------------
| Experiment Run 13/300
---------------------------------------------------------------------------------------


---------------------------------------------------------------------------------------
| Experiment Run 14/300
---------------------------------------------------------------------------------------


---------------------------------------------------------------------------------------
| Experiment Run 15/300
---------------------------------------------------------------------------------------


---------------------------------------------------------------------------------------
| Experiment Run 16/300
---------------------------------------------------------------------------------------


---------------------------------------------------------------------------------------
| Experiment Run 17/300
---------------------------------------------------------------------------------------


---------------------------------------------------------------------------------------
| Experiment Run 18/300
---------------------------------------------------------------------------------------


---------------------------------------------------------------------------------------
| Experiment Run 19/300
---------------------------------------------------------------------------------------


---------------------------------------------------------------------------------------
| Experiment Run 20/300
---------------------------------------------------------------------------------------


---------------------------------------------------------------------------------------
| Experiment Run 21/300
---------------------------------------------------------------------------------------


---------------------------------------------------------------------------------------
| Experiment Run 22/300
---------------------------------------------------------------------------------------


---------------------------------------------------------------------------------------
| Experiment Run 23/300
---------------------------------------------------------------------------------------


---------------------------------------------------------------------------------------
| Experiment Run 24/300
---------------------------------------------------------------------------------------


---------------------------------------------------------------------------------------
| Experiment Run 25/300
---------------------------------------------------------------------------------------


---------------------------------------------------------------------------------------
| Experiment Run 26/300
---------------------------------------------------------------------------------------


---------------------------------------------------------------------------------------
| Experiment Run 27/300
---------------------------------------------------------------------------------------


---------------------------------------------------------------------------------------
| Experiment Run 28/300
---------------------------------------------------------------------------------------


---------------------------------------------------------------------------------------
| Experiment Run 29/300
---------------------------------------------------------------------------------------


---------------------------------------------------------------------------------------
| Experiment Run 30/300
---------------------------------------------------------------------------------------


---------------------------------------------------------------------------------------
| Experiment Run 31/300
---------------------------------------------------------------------------------------


---------------------------------------------------------------------------------------
| Experiment Run 32/300
---------------------------------------------------------------------------------------


---------------------------------------------------------------------------------------
| Experiment Run 33/300
---------------------------------------------------------------------------------------


---------------------------------------------------------------------------------------
| Experiment Run 34/300
---------------------------------------------------------------------------------------


---------------------------------------------------------------------------------------
| Experiment Run 35/300
---------------------------------------------------------------------------------------


---------------------------------------------------------------------------------------
| Experiment Run 36/300
---------------------------------------------------------------------------------------


---------------------------------------------------------------------------------------
| Experiment Run 37/300
---------------------------------------------------------------------------------------


---------------------------------------------------------------------------------------
| Experiment Run 38/300
---------------------------------------------------------------------------------------


---------------------------------------------------------------------------------------
| Experiment Run 39/300
---------------------------------------------------------------------------------------


---------------------------------------------------------------------------------------
| Experiment Run 40/300
---------------------------------------------------------------------------------------


---------------------------------------------------------------------------------------
| Experiment Run 41/300
---------------------------------------------------------------------------------------


---------------------------------------------------------------------------------------
| Experiment Run 42/300
---------------------------------------------------------------------------------------


---------------------------------------------------------------------------------------
| Experiment Run 43/300
---------------------------------------------------------------------------------------


---------------------------------------------------------------------------------------
| Experiment Run 44/300
---------------------------------------------------------------------------------------


---------------------------------------------------------------------------------------
| Experiment Run 45/300
---------------------------------------------------------------------------------------


---------------------------------------------------------------------------------------
| Experiment Run 46/300
---------------------------------------------------------------------------------------


---------------------------------------------------------------------------------------
| Experiment Run 47/300
---------------------------------------------------------------------------------------


---------------------------------------------------------------------------------------
| Experiment Run 48/300
---------------------------------------------------------------------------------------


---------------------------------------------------------------------------------------
| Experiment Run 49/300
---------------------------------------------------------------------------------------


---------------------------------------------------------------------------------------
| Experiment Run 50/300
---------------------------------------------------------------------------------------


---------------------------------------------------------------------------------------
| Experiment Run 51/300
---------------------------------------------------------------------------------------


---------------------------------------------------------------------------------------
| Experiment Run 52/300
---------------------------------------------------------------------------------------


---------------------------------------------------------------------------------------
| Experiment Run 53/300
---------------------------------------------------------------------------------------


---------------------------------------------------------------------------------------
| Experiment Run 54/300
---------------------------------------------------------------------------------------


---------------------------------------------------------------------------------------
| Experiment Run 55/300
---------------------------------------------------------------------------------------


---------------------------------------------------------------------------------------
| Experiment Run 56/300
---------------------------------------------------------------------------------------


---------------------------------------------------------------------------------------
| Experiment Run 57/300
---------------------------------------------------------------------------------------


---------------------------------------------------------------------------------------
| Experiment Run 58/300
---------------------------------------------------------------------------------------


---------------------------------------------------------------------------------------
| Experiment Run 59/300
---------------------------------------------------------------------------------------


---------------------------------------------------------------------------------------
| Experiment Run 60/300
---------------------------------------------------------------------------------------


---------------------------------------------------------------------------------------
| Experiment Run 61/300
---------------------------------------------------------------------------------------


---------------------------------------------------------------------------------------
| Experiment Run 62/300
---------------------------------------------------------------------------------------


---------------------------------------------------------------------------------------
| Experiment Run 63/300
---------------------------------------------------------------------------------------


---------------------------------------------------------------------------------------
| Experiment Run 64/300
---------------------------------------------------------------------------------------


---------------------------------------------------------------------------------------
| Experiment Run 65/300
---------------------------------------------------------------------------------------


---------------------------------------------------------------------------------------
| Experiment Run 66/300
---------------------------------------------------------------------------------------


---------------------------------------------------------------------------------------
| Experiment Run 67/300
---------------------------------------------------------------------------------------


---------------------------------------------------------------------------------------
| Experiment Run 68/300
---------------------------------------------------------------------------------------


---------------------------------------------------------------------------------------
| Experiment Run 69/300
---------------------------------------------------------------------------------------


---------------------------------------------------------------------------------------
| Experiment Run 70/300
---------------------------------------------------------------------------------------


---------------------------------------------------------------------------------------
| Experiment Run 71/300
---------------------------------------------------------------------------------------


---------------------------------------------------------------------------------------
| Experiment Run 72/300
---------------------------------------------------------------------------------------


---------------------------------------------------------------------------------------
| Experiment Run 73/300
---------------------------------------------------------------------------------------


---------------------------------------------------------------------------------------
| Experiment Run 74/300
---------------------------------------------------------------------------------------


---------------------------------------------------------------------------------------
| Experiment Run 75/300
---------------------------------------------------------------------------------------


---------------------------------------------------------------------------------------
| Experiment Run 76/300
---------------------------------------------------------------------------------------


---------------------------------------------------------------------------------------
| Experiment Run 77/300
---------------------------------------------------------------------------------------


---------------------------------------------------------------------------------------
| Experiment Run 78/300
---------------------------------------------------------------------------------------


---------------------------------------------------------------------------------------
| Experiment Run 79/300
---------------------------------------------------------------------------------------


---------------------------------------------------------------------------------------
| Experiment Run 80/300
---------------------------------------------------------------------------------------


---------------------------------------------------------------------------------------
| Experiment Run 81/300
---------------------------------------------------------------------------------------


---------------------------------------------------------------------------------------
| Experiment Run 82/300
---------------------------------------------------------------------------------------


---------------------------------------------------------------------------------------
| Experiment Run 83/300
---------------------------------------------------------------------------------------


---------------------------------------------------------------------------------------
| Experiment Run 84/300
---------------------------------------------------------------------------------------


---------------------------------------------------------------------------------------
| Experiment Run 85/300
---------------------------------------------------------------------------------------


---------------------------------------------------------------------------------------
| Experiment Run 86/300
---------------------------------------------------------------------------------------


---------------------------------------------------------------------------------------
| Experiment Run 87/300
---------------------------------------------------------------------------------------


---------------------------------------------------------------------------------------
| Experiment Run 88/300
---------------------------------------------------------------------------------------


---------------------------------------------------------------------------------------
| Experiment Run 89/300
---------------------------------------------------------------------------------------


---------------------------------------------------------------------------------------
| Experiment Run 90/300
---------------------------------------------------------------------------------------


---------------------------------------------------------------------------------------
| Experiment Run 91/300
---------------------------------------------------------------------------------------


---------------------------------------------------------------------------------------
| Experiment Run 92/300
---------------------------------------------------------------------------------------


---------------------------------------------------------------------------------------
| Experiment Run 93/300
---------------------------------------------------------------------------------------


---------------------------------------------------------------------------------------
| Experiment Run 94/300
---------------------------------------------------------------------------------------


---------------------------------------------------------------------------------------
| Experiment Run 95/300
---------------------------------------------------------------------------------------


---------------------------------------------------------------------------------------
| Experiment Run 96/300
---------------------------------------------------------------------------------------


---------------------------------------------------------------------------------------
| Experiment Run 97/300
---------------------------------------------------------------------------------------


---------------------------------------------------------------------------------------
| Experiment Run 98/300
---------------------------------------------------------------------------------------


---------------------------------------------------------------------------------------
| Experiment Run 99/300
---------------------------------------------------------------------------------------


---------------------------------------------------------------------------------------
| Experiment Run 100/300
---------------------------------------------------------------------------------------


---------------------------------------------------------------------------------------
| Experiment Run 101/300
---------------------------------------------------------------------------------------


---------------------------------------------------------------------------------------
| Experiment Run 102/300
---------------------------------------------------------------------------------------


---------------------------------------------------------------------------------------
| Experiment Run 103/300
---------------------------------------------------------------------------------------


---------------------------------------------------------------------------------------
| Experiment Run 104/300
---------------------------------------------------------------------------------------


---------------------------------------------------------------------------------------
| Experiment Run 105/300
---------------------------------------------------------------------------------------


---------------------------------------------------------------------------------------
| Experiment Run 106/300
---------------------------------------------------------------------------------------


---------------------------------------------------------------------------------------
| Experiment Run 107/300
---------------------------------------------------------------------------------------


---------------------------------------------------------------------------------------
| Experiment Run 108/300
---------------------------------------------------------------------------------------


---------------------------------------------------------------------------------------
| Experiment Run 109/300
---------------------------------------------------------------------------------------


---------------------------------------------------------------------------------------
| Experiment Run 110/300
---------------------------------------------------------------------------------------


---------------------------------------------------------------------------------------
| Experiment Run 111/300
---------------------------------------------------------------------------------------


---------------------------------------------------------------------------------------
| Experiment Run 112/300
---------------------------------------------------------------------------------------


---------------------------------------------------------------------------------------
| Experiment Run 113/300
---------------------------------------------------------------------------------------


---------------------------------------------------------------------------------------
| Experiment Run 114/300
---------------------------------------------------------------------------------------


---------------------------------------------------------------------------------------
| Experiment Run 115/300
---------------------------------------------------------------------------------------


---------------------------------------------------------------------------------------
| Experiment Run 116/300
---------------------------------------------------------------------------------------


---------------------------------------------------------------------------------------
| Experiment Run 117/300
---------------------------------------------------------------------------------------


---------------------------------------------------------------------------------------
| Experiment Run 118/300
---------------------------------------------------------------------------------------


---------------------------------------------------------------------------------------
| Experiment Run 119/300
---------------------------------------------------------------------------------------


---------------------------------------------------------------------------------------
| Experiment Run 120/300
---------------------------------------------------------------------------------------


---------------------------------------------------------------------------------------
| Experiment Run 121/300
---------------------------------------------------------------------------------------


---------------------------------------------------------------------------------------
| Experiment Run 122/300
---------------------------------------------------------------------------------------


---------------------------------------------------------------------------------------
| Experiment Run 123/300
---------------------------------------------------------------------------------------


---------------------------------------------------------------------------------------
| Experiment Run 124/300
---------------------------------------------------------------------------------------


---------------------------------------------------------------------------------------
| Experiment Run 125/300
---------------------------------------------------------------------------------------


---------------------------------------------------------------------------------------
| Experiment Run 126/300
---------------------------------------------------------------------------------------


---------------------------------------------------------------------------------------
| Experiment Run 127/300
---------------------------------------------------------------------------------------


---------------------------------------------------------------------------------------
| Experiment Run 128/300
---------------------------------------------------------------------------------------


---------------------------------------------------------------------------------------
| Experiment Run 129/300
---------------------------------------------------------------------------------------


---------------------------------------------------------------------------------------
| Experiment Run 130/300
---------------------------------------------------------------------------------------


---------------------------------------------------------------------------------------
| Experiment Run 131/300
---------------------------------------------------------------------------------------


---------------------------------------------------------------------------------------
| Experiment Run 132/300
---------------------------------------------------------------------------------------


---------------------------------------------------------------------------------------
| Experiment Run 133/300
---------------------------------------------------------------------------------------


---------------------------------------------------------------------------------------
| Experiment Run 134/300
---------------------------------------------------------------------------------------


---------------------------------------------------------------------------------------
| Experiment Run 135/300
---------------------------------------------------------------------------------------


---------------------------------------------------------------------------------------
| Experiment Run 136/300
---------------------------------------------------------------------------------------


---------------------------------------------------------------------------------------
| Experiment Run 137/300
---------------------------------------------------------------------------------------


---------------------------------------------------------------------------------------
| Experiment Run 138/300
---------------------------------------------------------------------------------------


---------------------------------------------------------------------------------------
| Experiment Run 139/300
---------------------------------------------------------------------------------------


---------------------------------------------------------------------------------------
| Experiment Run 140/300
---------------------------------------------------------------------------------------


---------------------------------------------------------------------------------------
| Experiment Run 141/300
---------------------------------------------------------------------------------------


---------------------------------------------------------------------------------------
| Experiment Run 142/300
---------------------------------------------------------------------------------------


---------------------------------------------------------------------------------------
| Experiment Run 143/300
---------------------------------------------------------------------------------------


---------------------------------------------------------------------------------------
| Experiment Run 144/300
---------------------------------------------------------------------------------------


---------------------------------------------------------------------------------------
| Experiment Run 145/300
---------------------------------------------------------------------------------------


---------------------------------------------------------------------------------------
| Experiment Run 146/300
---------------------------------------------------------------------------------------


---------------------------------------------------------------------------------------
| Experiment Run 147/300
---------------------------------------------------------------------------------------


---------------------------------------------------------------------------------------
| Experiment Run 148/300
---------------------------------------------------------------------------------------


---------------------------------------------------------------------------------------
| Experiment Run 149/300
---------------------------------------------------------------------------------------


---------------------------------------------------------------------------------------
| Experiment Run 150/300
---------------------------------------------------------------------------------------


---------------------------------------------------------------------------------------
| Experiment Run 151/300
---------------------------------------------------------------------------------------


---------------------------------------------------------------------------------------
| Experiment Run 152/300
---------------------------------------------------------------------------------------


---------------------------------------------------------------------------------------
| Experiment Run 153/300
---------------------------------------------------------------------------------------


---------------------------------------------------------------------------------------
| Experiment Run 154/300
---------------------------------------------------------------------------------------


---------------------------------------------------------------------------------------
| Experiment Run 155/300
---------------------------------------------------------------------------------------


---------------------------------------------------------------------------------------
| Experiment Run 156/300
---------------------------------------------------------------------------------------


---------------------------------------------------------------------------------------
| Experiment Run 157/300
---------------------------------------------------------------------------------------


---------------------------------------------------------------------------------------
| Experiment Run 158/300
---------------------------------------------------------------------------------------


---------------------------------------------------------------------------------------
| Experiment Run 159/300
---------------------------------------------------------------------------------------


---------------------------------------------------------------------------------------
| Experiment Run 160/300
---------------------------------------------------------------------------------------


---------------------------------------------------------------------------------------
| Experiment Run 161/300
---------------------------------------------------------------------------------------


---------------------------------------------------------------------------------------
| Experiment Run 162/300
---------------------------------------------------------------------------------------


---------------------------------------------------------------------------------------
| Experiment Run 163/300
---------------------------------------------------------------------------------------


---------------------------------------------------------------------------------------
| Experiment Run 164/300
---------------------------------------------------------------------------------------


---------------------------------------------------------------------------------------
| Experiment Run 165/300
---------------------------------------------------------------------------------------


---------------------------------------------------------------------------------------
| Experiment Run 166/300
---------------------------------------------------------------------------------------


---------------------------------------------------------------------------------------
| Experiment Run 167/300
---------------------------------------------------------------------------------------


---------------------------------------------------------------------------------------
| Experiment Run 168/300
---------------------------------------------------------------------------------------


---------------------------------------------------------------------------------------
| Experiment Run 169/300
---------------------------------------------------------------------------------------


---------------------------------------------------------------------------------------
| Experiment Run 170/300
---------------------------------------------------------------------------------------


---------------------------------------------------------------------------------------
| Experiment Run 171/300
---------------------------------------------------------------------------------------


---------------------------------------------------------------------------------------
| Experiment Run 172/300
---------------------------------------------------------------------------------------


---------------------------------------------------------------------------------------
| Experiment Run 173/300
---------------------------------------------------------------------------------------


---------------------------------------------------------------------------------------
| Experiment Run 174/300
---------------------------------------------------------------------------------------


---------------------------------------------------------------------------------------
| Experiment Run 175/300
---------------------------------------------------------------------------------------


---------------------------------------------------------------------------------------
| Experiment Run 176/300
---------------------------------------------------------------------------------------


---------------------------------------------------------------------------------------
| Experiment Run 177/300
---------------------------------------------------------------------------------------


---------------------------------------------------------------------------------------
| Experiment Run 178/300
---------------------------------------------------------------------------------------


---------------------------------------------------------------------------------------
| Experiment Run 179/300
---------------------------------------------------------------------------------------


---------------------------------------------------------------------------------------
| Experiment Run 180/300
---------------------------------------------------------------------------------------


---------------------------------------------------------------------------------------
| Experiment Run 181/300
---------------------------------------------------------------------------------------


---------------------------------------------------------------------------------------
| Experiment Run 182/300
---------------------------------------------------------------------------------------


---------------------------------------------------------------------------------------
| Experiment Run 183/300
---------------------------------------------------------------------------------------


---------------------------------------------------------------------------------------
| Experiment Run 184/300
---------------------------------------------------------------------------------------


---------------------------------------------------------------------------------------
| Experiment Run 185/300
---------------------------------------------------------------------------------------


---------------------------------------------------------------------------------------
| Experiment Run 186/300
---------------------------------------------------------------------------------------


---------------------------------------------------------------------------------------
| Experiment Run 187/300
---------------------------------------------------------------------------------------


---------------------------------------------------------------------------------------
| Experiment Run 188/300
---------------------------------------------------------------------------------------


---------------------------------------------------------------------------------------
| Experiment Run 189/300
---------------------------------------------------------------------------------------


---------------------------------------------------------------------------------------
| Experiment Run 190/300
---------------------------------------------------------------------------------------


---------------------------------------------------------------------------------------
| Experiment Run 191/300
---------------------------------------------------------------------------------------


---------------------------------------------------------------------------------------
| Experiment Run 192/300
---------------------------------------------------------------------------------------


---------------------------------------------------------------------------------------
| Experiment Run 193/300
---------------------------------------------------------------------------------------


---------------------------------------------------------------------------------------
| Experiment Run 194/300
---------------------------------------------------------------------------------------


---------------------------------------------------------------------------------------
| Experiment Run 195/300
---------------------------------------------------------------------------------------


---------------------------------------------------------------------------------------
| Experiment Run 196/300
---------------------------------------------------------------------------------------


---------------------------------------------------------------------------------------
| Experiment Run 197/300
---------------------------------------------------------------------------------------


---------------------------------------------------------------------------------------
| Experiment Run 198/300
---------------------------------------------------------------------------------------


---------------------------------------------------------------------------------------
| Experiment Run 199/300
---------------------------------------------------------------------------------------


---------------------------------------------------------------------------------------
| Experiment Run 200/300
---------------------------------------------------------------------------------------


---------------------------------------------------------------------------------------
| Experiment Run 201/300
---------------------------------------------------------------------------------------


---------------------------------------------------------------------------------------
| Experiment Run 202/300
---------------------------------------------------------------------------------------


---------------------------------------------------------------------------------------
| Experiment Run 203/300
---------------------------------------------------------------------------------------


---------------------------------------------------------------------------------------
| Experiment Run 204/300
---------------------------------------------------------------------------------------


---------------------------------------------------------------------------------------
| Experiment Run 205/300
---------------------------------------------------------------------------------------


---------------------------------------------------------------------------------------
| Experiment Run 206/300
---------------------------------------------------------------------------------------


---------------------------------------------------------------------------------------
| Experiment Run 207/300
---------------------------------------------------------------------------------------


---------------------------------------------------------------------------------------
| Experiment Run 208/300
---------------------------------------------------------------------------------------


---------------------------------------------------------------------------------------
| Experiment Run 209/300
---------------------------------------------------------------------------------------


---------------------------------------------------------------------------------------
| Experiment Run 210/300
---------------------------------------------------------------------------------------


---------------------------------------------------------------------------------------
| Experiment Run 211/300
---------------------------------------------------------------------------------------


---------------------------------------------------------------------------------------
| Experiment Run 212/300
---------------------------------------------------------------------------------------


---------------------------------------------------------------------------------------
| Experiment Run 213/300
---------------------------------------------------------------------------------------


---------------------------------------------------------------------------------------
| Experiment Run 214/300
---------------------------------------------------------------------------------------


---------------------------------------------------------------------------------------
| Experiment Run 215/300
---------------------------------------------------------------------------------------


---------------------------------------------------------------------------------------
| Experiment Run 216/300
---------------------------------------------------------------------------------------


---------------------------------------------------------------------------------------
| Experiment Run 217/300
---------------------------------------------------------------------------------------


---------------------------------------------------------------------------------------
| Experiment Run 218/300
---------------------------------------------------------------------------------------


---------------------------------------------------------------------------------------
| Experiment Run 219/300
---------------------------------------------------------------------------------------


---------------------------------------------------------------------------------------
| Experiment Run 220/300
---------------------------------------------------------------------------------------


---------------------------------------------------------------------------------------
| Experiment Run 221/300
---------------------------------------------------------------------------------------


---------------------------------------------------------------------------------------
| Experiment Run 222/300
---------------------------------------------------------------------------------------


---------------------------------------------------------------------------------------
| Experiment Run 223/300
---------------------------------------------------------------------------------------


---------------------------------------------------------------------------------------
| Experiment Run 224/300
---------------------------------------------------------------------------------------


---------------------------------------------------------------------------------------
| Experiment Run 225/300
---------------------------------------------------------------------------------------


---------------------------------------------------------------------------------------
| Experiment Run 226/300
---------------------------------------------------------------------------------------


---------------------------------------------------------------------------------------
| Experiment Run 227/300
---------------------------------------------------------------------------------------


---------------------------------------------------------------------------------------
| Experiment Run 228/300
---------------------------------------------------------------------------------------


---------------------------------------------------------------------------------------
| Experiment Run 229/300
---------------------------------------------------------------------------------------


---------------------------------------------------------------------------------------
| Experiment Run 230/300
---------------------------------------------------------------------------------------


---------------------------------------------------------------------------------------
| Experiment Run 231/300
---------------------------------------------------------------------------------------


---------------------------------------------------------------------------------------
| Experiment Run 232/300
---------------------------------------------------------------------------------------


---------------------------------------------------------------------------------------
| Experiment Run 233/300
---------------------------------------------------------------------------------------


---------------------------------------------------------------------------------------
| Experiment Run 234/300
---------------------------------------------------------------------------------------


---------------------------------------------------------------------------------------
| Experiment Run 235/300
---------------------------------------------------------------------------------------


---------------------------------------------------------------------------------------
| Experiment Run 236/300
---------------------------------------------------------------------------------------


---------------------------------------------------------------------------------------
| Experiment Run 237/300
---------------------------------------------------------------------------------------


---------------------------------------------------------------------------------------
| Experiment Run 238/300
---------------------------------------------------------------------------------------


---------------------------------------------------------------------------------------
| Experiment Run 239/300
---------------------------------------------------------------------------------------


---------------------------------------------------------------------------------------
| Experiment Run 240/300
---------------------------------------------------------------------------------------


---------------------------------------------------------------------------------------
| Experiment Run 241/300
---------------------------------------------------------------------------------------


---------------------------------------------------------------------------------------
| Experiment Run 242/300
---------------------------------------------------------------------------------------


---------------------------------------------------------------------------------------
| Experiment Run 243/300
---------------------------------------------------------------------------------------


---------------------------------------------------------------------------------------
| Experiment Run 244/300
---------------------------------------------------------------------------------------


---------------------------------------------------------------------------------------
| Experiment Run 245/300
---------------------------------------------------------------------------------------


---------------------------------------------------------------------------------------
| Experiment Run 246/300
---------------------------------------------------------------------------------------


---------------------------------------------------------------------------------------
| Experiment Run 247/300
---------------------------------------------------------------------------------------


---------------------------------------------------------------------------------------
| Experiment Run 248/300
---------------------------------------------------------------------------------------


---------------------------------------------------------------------------------------
| Experiment Run 249/300
---------------------------------------------------------------------------------------


---------------------------------------------------------------------------------------
| Experiment Run 250/300
---------------------------------------------------------------------------------------


---------------------------------------------------------------------------------------
| Experiment Run 251/300
---------------------------------------------------------------------------------------


---------------------------------------------------------------------------------------
| Experiment Run 252/300
---------------------------------------------------------------------------------------


---------------------------------------------------------------------------------------
| Experiment Run 253/300
---------------------------------------------------------------------------------------


---------------------------------------------------------------------------------------
| Experiment Run 254/300
---------------------------------------------------------------------------------------


---------------------------------------------------------------------------------------
| Experiment Run 255/300
---------------------------------------------------------------------------------------


---------------------------------------------------------------------------------------
| Experiment Run 256/300
---------------------------------------------------------------------------------------


---------------------------------------------------------------------------------------
| Experiment Run 257/300
---------------------------------------------------------------------------------------


---------------------------------------------------------------------------------------
| Experiment Run 258/300
---------------------------------------------------------------------------------------


---------------------------------------------------------------------------------------
| Experiment Run 259/300
---------------------------------------------------------------------------------------


---------------------------------------------------------------------------------------
| Experiment Run 260/300
---------------------------------------------------------------------------------------


---------------------------------------------------------------------------------------
| Experiment Run 261/300
---------------------------------------------------------------------------------------


---------------------------------------------------------------------------------------
| Experiment Run 262/300
---------------------------------------------------------------------------------------


---------------------------------------------------------------------------------------
| Experiment Run 263/300
---------------------------------------------------------------------------------------


---------------------------------------------------------------------------------------
| Experiment Run 264/300
---------------------------------------------------------------------------------------


---------------------------------------------------------------------------------------
| Experiment Run 265/300
---------------------------------------------------------------------------------------


---------------------------------------------------------------------------------------
| Experiment Run 266/300
---------------------------------------------------------------------------------------


---------------------------------------------------------------------------------------
| Experiment Run 267/300
---------------------------------------------------------------------------------------


---------------------------------------------------------------------------------------
| Experiment Run 268/300
---------------------------------------------------------------------------------------


---------------------------------------------------------------------------------------
| Experiment Run 269/300
---------------------------------------------------------------------------------------


---------------------------------------------------------------------------------------
| Experiment Run 270/300
---------------------------------------------------------------------------------------


---------------------------------------------------------------------------------------
| Experiment Run 271/300
---------------------------------------------------------------------------------------


---------------------------------------------------------------------------------------
| Experiment Run 272/300
---------------------------------------------------------------------------------------


---------------------------------------------------------------------------------------
| Experiment Run 273/300
---------------------------------------------------------------------------------------


---------------------------------------------------------------------------------------
| Experiment Run 274/300
---------------------------------------------------------------------------------------


---------------------------------------------------------------------------------------
| Experiment Run 275/300
---------------------------------------------------------------------------------------


---------------------------------------------------------------------------------------
| Experiment Run 276/300
---------------------------------------------------------------------------------------


---------------------------------------------------------------------------------------
| Experiment Run 277/300
---------------------------------------------------------------------------------------


---------------------------------------------------------------------------------------
| Experiment Run 278/300
---------------------------------------------------------------------------------------


---------------------------------------------------------------------------------------
| Experiment Run 279/300
---------------------------------------------------------------------------------------


---------------------------------------------------------------------------------------
| Experiment Run 280/300
---------------------------------------------------------------------------------------


---------------------------------------------------------------------------------------
| Experiment Run 281/300
---------------------------------------------------------------------------------------


---------------------------------------------------------------------------------------
| Experiment Run 282/300
---------------------------------------------------------------------------------------


---------------------------------------------------------------------------------------
| Experiment Run 283/300
---------------------------------------------------------------------------------------


---------------------------------------------------------------------------------------
| Experiment Run 284/300
---------------------------------------------------------------------------------------


---------------------------------------------------------------------------------------
| Experiment Run 285/300
---------------------------------------------------------------------------------------


---------------------------------------------------------------------------------------
| Experiment Run 286/300
---------------------------------------------------------------------------------------


---------------------------------------------------------------------------------------
| Experiment Run 287/300
---------------------------------------------------------------------------------------


---------------------------------------------------------------------------------------
| Experiment Run 288/300
---------------------------------------------------------------------------------------


---------------------------------------------------------------------------------------
| Experiment Run 289/300
---------------------------------------------------------------------------------------


---------------------------------------------------------------------------------------
| Experiment Run 290/300
---------------------------------------------------------------------------------------


---------------------------------------------------------------------------------------
| Experiment Run 291/300
---------------------------------------------------------------------------------------


---------------------------------------------------------------------------------------
| Experiment Run 292/300
---------------------------------------------------------------------------------------


---------------------------------------------------------------------------------------
| Experiment Run 293/300
---------------------------------------------------------------------------------------


---------------------------------------------------------------------------------------
| Experiment Run 294/300
---------------------------------------------------------------------------------------


---------------------------------------------------------------------------------------
| Experiment Run 295/300
---------------------------------------------------------------------------------------


---------------------------------------------------------------------------------------
| Experiment Run 296/300
---------------------------------------------------------------------------------------


---------------------------------------------------------------------------------------
| Experiment Run 297/300
---------------------------------------------------------------------------------------


---------------------------------------------------------------------------------------
| Experiment Run 298/300
---------------------------------------------------------------------------------------


---------------------------------------------------------------------------------------
| Experiment Run 299/300
---------------------------------------------------------------------------------------


---------------------------------------------------------------------------------------
| Experiment Run 300/300
---------------------------------------------------------------------------------------


---------------------------------------------------------------------------------------
| Experiment done!
---------------------------------------------------------------------------------------
