=======================================================================================
| Kingdomino AI Experiment
|--------------------------------------------------------------------------------------
|
| Player strategy: UCTB_TR_C0_6_W0_1
| Opponent strategy: FULL_GREEDY
|
| Max search time: 1 (s)
| Max playouts: 0
| Runs: 200
|
| System: Linux 3.20GHz
| Output file: kdom_exp-20180226-134616-rev-16285e2-cpu-3.20GHz/kdom_exp_UCTB_TR_C0_6_W0_1_vs_FULL_GREEDY_G200_T1_P0.dat
|
| Executing: 'java -jar out/kdom-exp.jar UCTB_TR_C0_6_W0_1 FULL_GREEDY 1 0 kdom_exp-20180226-134616-rev-16285e2-cpu-3.20GHz/kdom_exp_UCTB_TR_C0_6_W0_1_vs_FULL_GREEDY_G200_T1_P0.tmp'
| Git Revision: 16285e2
|
| Start time: 2018-02-27_09:13:32
---------------------------------------------------------------------------------------

---------------------------------------------------------------------------------------
| Experiment Run 1/200 [2018-02-27_09:13:32]
---------------------------------------------------------------------------------------


---------------------------------------------------------------------------------------
| Experiment Run 2/200 [2018-02-27_09:13:49]
---------------------------------------------------------------------------------------


---------------------------------------------------------------------------------------
| Experiment Run 3/200 [2018-02-27_09:14:06]
---------------------------------------------------------------------------------------


---------------------------------------------------------------------------------------
| Experiment Run 4/200 [2018-02-27_09:14:22]
---------------------------------------------------------------------------------------


---------------------------------------------------------------------------------------
| Experiment Run 5/200 [2018-02-27_09:14:39]
---------------------------------------------------------------------------------------


---------------------------------------------------------------------------------------
| Experiment Run 6/200 [2018-02-27_09:14:56]
---------------------------------------------------------------------------------------


---------------------------------------------------------------------------------------
| Experiment Run 7/200 [2018-02-27_09:15:13]
---------------------------------------------------------------------------------------


---------------------------------------------------------------------------------------
| Experiment Run 8/200 [2018-02-27_09:15:30]
---------------------------------------------------------------------------------------


---------------------------------------------------------------------------------------
| Experiment Run 9/200 [2018-02-27_09:15:47]
---------------------------------------------------------------------------------------


---------------------------------------------------------------------------------------
| Experiment Run 10/200 [2018-02-27_09:16:04]
---------------------------------------------------------------------------------------


---------------------------------------------------------------------------------------
| Experiment Run 11/200 [2018-02-27_09:16:21]
---------------------------------------------------------------------------------------


---------------------------------------------------------------------------------------
| Experiment Run 12/200 [2018-02-27_09:16:37]
---------------------------------------------------------------------------------------


---------------------------------------------------------------------------------------
| Experiment Run 13/200 [2018-02-27_09:16:54]
---------------------------------------------------------------------------------------


---------------------------------------------------------------------------------------
| Experiment Run 14/200 [2018-02-27_09:17:11]
---------------------------------------------------------------------------------------


---------------------------------------------------------------------------------------
| Experiment Run 15/200 [2018-02-27_09:17:28]
---------------------------------------------------------------------------------------


---------------------------------------------------------------------------------------
| Experiment Run 16/200 [2018-02-27_09:17:45]
---------------------------------------------------------------------------------------


---------------------------------------------------------------------------------------
| Experiment Run 17/200 [2018-02-27_09:18:02]
---------------------------------------------------------------------------------------


---------------------------------------------------------------------------------------
| Experiment Run 18/200 [2018-02-27_09:18:19]
---------------------------------------------------------------------------------------


---------------------------------------------------------------------------------------
| Experiment Run 19/200 [2018-02-27_09:18:36]
---------------------------------------------------------------------------------------


---------------------------------------------------------------------------------------
| Experiment Run 20/200 [2018-02-27_09:18:53]
---------------------------------------------------------------------------------------


---------------------------------------------------------------------------------------
| Experiment Run 21/200 [2018-02-27_09:19:09]
---------------------------------------------------------------------------------------


---------------------------------------------------------------------------------------
| Experiment Run 22/200 [2018-02-27_09:19:26]
---------------------------------------------------------------------------------------


---------------------------------------------------------------------------------------
| Experiment Run 23/200 [2018-02-27_09:19:43]
---------------------------------------------------------------------------------------


---------------------------------------------------------------------------------------
| Experiment Run 24/200 [2018-02-27_09:20:00]
---------------------------------------------------------------------------------------


---------------------------------------------------------------------------------------
| Experiment Run 25/200 [2018-02-27_09:20:17]
---------------------------------------------------------------------------------------


---------------------------------------------------------------------------------------
| Experiment Run 26/200 [2018-02-27_09:20:34]
---------------------------------------------------------------------------------------


---------------------------------------------------------------------------------------
| Experiment Run 27/200 [2018-02-27_09:20:50]
---------------------------------------------------------------------------------------


---------------------------------------------------------------------------------------
| Experiment Run 28/200 [2018-02-27_09:21:07]
---------------------------------------------------------------------------------------


---------------------------------------------------------------------------------------
| Experiment Run 29/200 [2018-02-27_09:21:24]
---------------------------------------------------------------------------------------


---------------------------------------------------------------------------------------
| Experiment Run 30/200 [2018-02-27_09:21:41]
---------------------------------------------------------------------------------------


---------------------------------------------------------------------------------------
| Experiment Run 31/200 [2018-02-27_09:21:58]
---------------------------------------------------------------------------------------


---------------------------------------------------------------------------------------
| Experiment Run 32/200 [2018-02-27_09:22:15]
---------------------------------------------------------------------------------------


---------------------------------------------------------------------------------------
| Experiment Run 33/200 [2018-02-27_09:22:31]
---------------------------------------------------------------------------------------


---------------------------------------------------------------------------------------
| Experiment Run 34/200 [2018-02-27_09:22:48]
---------------------------------------------------------------------------------------


---------------------------------------------------------------------------------------
| Experiment Run 35/200 [2018-02-27_09:23:05]
---------------------------------------------------------------------------------------


---------------------------------------------------------------------------------------
| Experiment Run 36/200 [2018-02-27_09:23:22]
---------------------------------------------------------------------------------------


---------------------------------------------------------------------------------------
| Experiment Run 37/200 [2018-02-27_09:23:39]
---------------------------------------------------------------------------------------


---------------------------------------------------------------------------------------
| Experiment Run 38/200 [2018-02-27_09:23:56]
---------------------------------------------------------------------------------------


---------------------------------------------------------------------------------------
| Experiment Run 39/200 [2018-02-27_09:24:12]
---------------------------------------------------------------------------------------


---------------------------------------------------------------------------------------
| Experiment Run 40/200 [2018-02-27_09:24:29]
---------------------------------------------------------------------------------------


---------------------------------------------------------------------------------------
| Experiment Run 41/200 [2018-02-27_09:24:46]
---------------------------------------------------------------------------------------


---------------------------------------------------------------------------------------
| Experiment Run 42/200 [2018-02-27_09:25:03]
---------------------------------------------------------------------------------------


---------------------------------------------------------------------------------------
| Experiment Run 43/200 [2018-02-27_09:25:20]
---------------------------------------------------------------------------------------


---------------------------------------------------------------------------------------
| Experiment Run 44/200 [2018-02-27_09:25:37]
---------------------------------------------------------------------------------------


---------------------------------------------------------------------------------------
| Experiment Run 45/200 [2018-02-27_09:25:55]
---------------------------------------------------------------------------------------


---------------------------------------------------------------------------------------
| Experiment Run 46/200 [2018-02-27_09:26:12]
---------------------------------------------------------------------------------------


---------------------------------------------------------------------------------------
| Experiment Run 47/200 [2018-02-27_09:26:30]
---------------------------------------------------------------------------------------


---------------------------------------------------------------------------------------
| Experiment Run 48/200 [2018-02-27_09:26:47]
---------------------------------------------------------------------------------------


---------------------------------------------------------------------------------------
| Experiment Run 49/200 [2018-02-27_09:27:03]
---------------------------------------------------------------------------------------


---------------------------------------------------------------------------------------
| Experiment Run 50/200 [2018-02-27_09:27:20]
---------------------------------------------------------------------------------------


---------------------------------------------------------------------------------------
| Experiment Run 51/200 [2018-02-27_09:27:37]
---------------------------------------------------------------------------------------


---------------------------------------------------------------------------------------
| Experiment Run 52/200 [2018-02-27_09:27:54]
---------------------------------------------------------------------------------------


---------------------------------------------------------------------------------------
| Experiment Run 53/200 [2018-02-27_09:28:11]
---------------------------------------------------------------------------------------


---------------------------------------------------------------------------------------
| Experiment Run 54/200 [2018-02-27_09:28:28]
---------------------------------------------------------------------------------------


---------------------------------------------------------------------------------------
| Experiment Run 55/200 [2018-02-27_09:28:45]
---------------------------------------------------------------------------------------


---------------------------------------------------------------------------------------
| Experiment Run 56/200 [2018-02-27_09:29:02]
---------------------------------------------------------------------------------------


---------------------------------------------------------------------------------------
| Experiment Run 57/200 [2018-02-27_09:29:18]
---------------------------------------------------------------------------------------


---------------------------------------------------------------------------------------
| Experiment Run 58/200 [2018-02-27_09:29:35]
---------------------------------------------------------------------------------------


---------------------------------------------------------------------------------------
| Experiment Run 59/200 [2018-02-27_09:29:52]
---------------------------------------------------------------------------------------


---------------------------------------------------------------------------------------
| Experiment Run 60/200 [2018-02-27_09:30:09]
---------------------------------------------------------------------------------------


---------------------------------------------------------------------------------------
| Experiment Run 61/200 [2018-02-27_09:30:26]
---------------------------------------------------------------------------------------


---------------------------------------------------------------------------------------
| Experiment Run 62/200 [2018-02-27_09:30:43]
---------------------------------------------------------------------------------------


---------------------------------------------------------------------------------------
| Experiment Run 63/200 [2018-02-27_09:31:00]
---------------------------------------------------------------------------------------


---------------------------------------------------------------------------------------
| Experiment Run 64/200 [2018-02-27_09:31:17]
---------------------------------------------------------------------------------------


---------------------------------------------------------------------------------------
| Experiment Run 65/200 [2018-02-27_09:31:34]
---------------------------------------------------------------------------------------


---------------------------------------------------------------------------------------
| Experiment Run 66/200 [2018-02-27_09:31:50]
---------------------------------------------------------------------------------------


---------------------------------------------------------------------------------------
| Experiment Run 67/200 [2018-02-27_09:32:07]
---------------------------------------------------------------------------------------


---------------------------------------------------------------------------------------
| Experiment Run 68/200 [2018-02-27_09:32:25]
---------------------------------------------------------------------------------------


---------------------------------------------------------------------------------------
| Experiment Run 69/200 [2018-02-27_09:32:42]
---------------------------------------------------------------------------------------


---------------------------------------------------------------------------------------
| Experiment Run 70/200 [2018-02-27_09:32:58]
---------------------------------------------------------------------------------------


---------------------------------------------------------------------------------------
| Experiment Run 71/200 [2018-02-27_09:33:15]
---------------------------------------------------------------------------------------


---------------------------------------------------------------------------------------
| Experiment Run 72/200 [2018-02-27_09:33:33]
---------------------------------------------------------------------------------------


---------------------------------------------------------------------------------------
| Experiment Run 73/200 [2018-02-27_09:33:49]
---------------------------------------------------------------------------------------


---------------------------------------------------------------------------------------
| Experiment Run 74/200 [2018-02-27_09:34:07]
---------------------------------------------------------------------------------------


---------------------------------------------------------------------------------------
| Experiment Run 75/200 [2018-02-27_09:34:24]
---------------------------------------------------------------------------------------


---------------------------------------------------------------------------------------
| Experiment Run 76/200 [2018-02-27_09:34:40]
---------------------------------------------------------------------------------------


---------------------------------------------------------------------------------------
| Experiment Run 77/200 [2018-02-27_09:34:57]
---------------------------------------------------------------------------------------


---------------------------------------------------------------------------------------
| Experiment Run 78/200 [2018-02-27_09:35:14]
---------------------------------------------------------------------------------------


---------------------------------------------------------------------------------------
| Experiment Run 79/200 [2018-02-27_09:35:31]
---------------------------------------------------------------------------------------


---------------------------------------------------------------------------------------
| Experiment Run 80/200 [2018-02-27_09:35:48]
---------------------------------------------------------------------------------------


---------------------------------------------------------------------------------------
| Experiment Run 81/200 [2018-02-27_09:36:05]
---------------------------------------------------------------------------------------


---------------------------------------------------------------------------------------
| Experiment Run 82/200 [2018-02-27_09:36:22]
---------------------------------------------------------------------------------------


---------------------------------------------------------------------------------------
| Experiment Run 83/200 [2018-02-27_09:36:39]
---------------------------------------------------------------------------------------


---------------------------------------------------------------------------------------
| Experiment Run 84/200 [2018-02-27_09:36:56]
---------------------------------------------------------------------------------------


---------------------------------------------------------------------------------------
| Experiment Run 85/200 [2018-02-27_09:37:12]
---------------------------------------------------------------------------------------


---------------------------------------------------------------------------------------
| Experiment Run 86/200 [2018-02-27_09:37:30]
---------------------------------------------------------------------------------------


---------------------------------------------------------------------------------------
| Experiment Run 87/200 [2018-02-27_09:37:46]
---------------------------------------------------------------------------------------


---------------------------------------------------------------------------------------
| Experiment Run 88/200 [2018-02-27_09:38:03]
---------------------------------------------------------------------------------------


---------------------------------------------------------------------------------------
| Experiment Run 89/200 [2018-02-27_09:38:20]
---------------------------------------------------------------------------------------


---------------------------------------------------------------------------------------
| Experiment Run 90/200 [2018-02-27_09:38:37]
---------------------------------------------------------------------------------------


---------------------------------------------------------------------------------------
| Experiment Run 91/200 [2018-02-27_09:38:54]
---------------------------------------------------------------------------------------


---------------------------------------------------------------------------------------
| Experiment Run 92/200 [2018-02-27_09:39:11]
---------------------------------------------------------------------------------------


---------------------------------------------------------------------------------------
| Experiment Run 93/200 [2018-02-27_09:39:28]
---------------------------------------------------------------------------------------


---------------------------------------------------------------------------------------
| Experiment Run 94/200 [2018-02-27_09:39:45]
---------------------------------------------------------------------------------------


---------------------------------------------------------------------------------------
| Experiment Run 95/200 [2018-02-27_09:40:02]
---------------------------------------------------------------------------------------


---------------------------------------------------------------------------------------
| Experiment Run 96/200 [2018-02-27_09:40:19]
---------------------------------------------------------------------------------------


---------------------------------------------------------------------------------------
| Experiment Run 97/200 [2018-02-27_09:40:36]
---------------------------------------------------------------------------------------


---------------------------------------------------------------------------------------
| Experiment Run 98/200 [2018-02-27_09:40:53]
---------------------------------------------------------------------------------------


---------------------------------------------------------------------------------------
| Experiment Run 99/200 [2018-02-27_09:41:10]
---------------------------------------------------------------------------------------


---------------------------------------------------------------------------------------
| Experiment Run 100/200 [2018-02-27_09:41:26]
---------------------------------------------------------------------------------------


---------------------------------------------------------------------------------------
| Experiment Run 101/200 [2018-02-27_09:41:43]
---------------------------------------------------------------------------------------


---------------------------------------------------------------------------------------
| Experiment Run 102/200 [2018-02-27_09:42:00]
---------------------------------------------------------------------------------------


---------------------------------------------------------------------------------------
| Experiment Run 103/200 [2018-02-27_09:42:18]
---------------------------------------------------------------------------------------


---------------------------------------------------------------------------------------
| Experiment Run 104/200 [2018-02-27_09:42:35]
---------------------------------------------------------------------------------------


---------------------------------------------------------------------------------------
| Experiment Run 105/200 [2018-02-27_09:42:52]
---------------------------------------------------------------------------------------


---------------------------------------------------------------------------------------
| Experiment Run 106/200 [2018-02-27_09:43:09]
---------------------------------------------------------------------------------------


---------------------------------------------------------------------------------------
| Experiment Run 107/200 [2018-02-27_09:43:25]
---------------------------------------------------------------------------------------


---------------------------------------------------------------------------------------
| Experiment Run 108/200 [2018-02-27_09:43:42]
---------------------------------------------------------------------------------------


---------------------------------------------------------------------------------------
| Experiment Run 109/200 [2018-02-27_09:43:59]
---------------------------------------------------------------------------------------


---------------------------------------------------------------------------------------
| Experiment Run 110/200 [2018-02-27_09:44:16]
---------------------------------------------------------------------------------------


---------------------------------------------------------------------------------------
| Experiment Run 111/200 [2018-02-27_09:44:32]
---------------------------------------------------------------------------------------


---------------------------------------------------------------------------------------
| Experiment Run 112/200 [2018-02-27_09:44:49]
---------------------------------------------------------------------------------------


---------------------------------------------------------------------------------------
| Experiment Run 113/200 [2018-02-27_09:45:07]
---------------------------------------------------------------------------------------


---------------------------------------------------------------------------------------
| Experiment Run 114/200 [2018-02-27_09:45:24]
---------------------------------------------------------------------------------------


---------------------------------------------------------------------------------------
| Experiment Run 115/200 [2018-02-27_09:45:41]
---------------------------------------------------------------------------------------


---------------------------------------------------------------------------------------
| Experiment Run 116/200 [2018-02-27_09:45:57]
---------------------------------------------------------------------------------------


---------------------------------------------------------------------------------------
| Experiment Run 117/200 [2018-02-27_09:46:14]
---------------------------------------------------------------------------------------


---------------------------------------------------------------------------------------
| Experiment Run 118/200 [2018-02-27_09:46:31]
---------------------------------------------------------------------------------------


---------------------------------------------------------------------------------------
| Experiment Run 119/200 [2018-02-27_09:46:48]
---------------------------------------------------------------------------------------


---------------------------------------------------------------------------------------
| Experiment Run 120/200 [2018-02-27_09:47:05]
---------------------------------------------------------------------------------------


---------------------------------------------------------------------------------------
| Experiment Run 121/200 [2018-02-27_09:47:21]
---------------------------------------------------------------------------------------


---------------------------------------------------------------------------------------
| Experiment Run 122/200 [2018-02-27_09:47:38]
---------------------------------------------------------------------------------------


---------------------------------------------------------------------------------------
| Experiment Run 123/200 [2018-02-27_09:47:55]
---------------------------------------------------------------------------------------


---------------------------------------------------------------------------------------
| Experiment Run 124/200 [2018-02-27_09:48:12]
---------------------------------------------------------------------------------------


---------------------------------------------------------------------------------------
| Experiment Run 125/200 [2018-02-27_09:48:29]
---------------------------------------------------------------------------------------


---------------------------------------------------------------------------------------
| Experiment Run 126/200 [2018-02-27_09:48:46]
---------------------------------------------------------------------------------------


---------------------------------------------------------------------------------------
| Experiment Run 127/200 [2018-02-27_09:49:03]
---------------------------------------------------------------------------------------


---------------------------------------------------------------------------------------
| Experiment Run 128/200 [2018-02-27_09:49:20]
---------------------------------------------------------------------------------------


---------------------------------------------------------------------------------------
| Experiment Run 129/200 [2018-02-27_09:49:36]
---------------------------------------------------------------------------------------


---------------------------------------------------------------------------------------
| Experiment Run 130/200 [2018-02-27_09:49:53]
---------------------------------------------------------------------------------------


---------------------------------------------------------------------------------------
| Experiment Run 131/200 [2018-02-27_09:50:10]
---------------------------------------------------------------------------------------


---------------------------------------------------------------------------------------
| Experiment Run 132/200 [2018-02-27_09:50:27]
---------------------------------------------------------------------------------------


---------------------------------------------------------------------------------------
| Experiment Run 133/200 [2018-02-27_09:50:44]
---------------------------------------------------------------------------------------


---------------------------------------------------------------------------------------
| Experiment Run 134/200 [2018-02-27_09:51:01]
---------------------------------------------------------------------------------------


---------------------------------------------------------------------------------------
| Experiment Run 135/200 [2018-02-27_09:51:18]
---------------------------------------------------------------------------------------


---------------------------------------------------------------------------------------
| Experiment Run 136/200 [2018-02-27_09:51:35]
---------------------------------------------------------------------------------------


---------------------------------------------------------------------------------------
| Experiment Run 137/200 [2018-02-27_09:51:52]
---------------------------------------------------------------------------------------


---------------------------------------------------------------------------------------
| Experiment Run 138/200 [2018-02-27_09:52:09]
---------------------------------------------------------------------------------------


---------------------------------------------------------------------------------------
| Experiment Run 139/200 [2018-02-27_09:52:26]
---------------------------------------------------------------------------------------


---------------------------------------------------------------------------------------
| Experiment Run 140/200 [2018-02-27_09:52:43]
---------------------------------------------------------------------------------------


---------------------------------------------------------------------------------------
| Experiment Run 141/200 [2018-02-27_09:53:00]
---------------------------------------------------------------------------------------


---------------------------------------------------------------------------------------
| Experiment Run 142/200 [2018-02-27_09:53:17]
---------------------------------------------------------------------------------------


---------------------------------------------------------------------------------------
| Experiment Run 143/200 [2018-02-27_09:53:33]
---------------------------------------------------------------------------------------


---------------------------------------------------------------------------------------
| Experiment Run 144/200 [2018-02-27_09:53:50]
---------------------------------------------------------------------------------------


---------------------------------------------------------------------------------------
| Experiment Run 145/200 [2018-02-27_09:54:07]
---------------------------------------------------------------------------------------


---------------------------------------------------------------------------------------
| Experiment Run 146/200 [2018-02-27_09:54:24]
---------------------------------------------------------------------------------------


---------------------------------------------------------------------------------------
| Experiment Run 147/200 [2018-02-27_09:54:41]
---------------------------------------------------------------------------------------


---------------------------------------------------------------------------------------
| Experiment Run 148/200 [2018-02-27_09:54:58]
---------------------------------------------------------------------------------------


---------------------------------------------------------------------------------------
| Experiment Run 149/200 [2018-02-27_09:55:17]
---------------------------------------------------------------------------------------


---------------------------------------------------------------------------------------
| Experiment Run 150/200 [2018-02-27_09:55:34]
---------------------------------------------------------------------------------------


---------------------------------------------------------------------------------------
| Experiment Run 151/200 [2018-02-27_09:55:51]
---------------------------------------------------------------------------------------


---------------------------------------------------------------------------------------
| Experiment Run 152/200 [2018-02-27_09:56:08]
---------------------------------------------------------------------------------------


---------------------------------------------------------------------------------------
| Experiment Run 153/200 [2018-02-27_09:56:24]
---------------------------------------------------------------------------------------


---------------------------------------------------------------------------------------
| Experiment Run 154/200 [2018-02-27_09:56:41]
---------------------------------------------------------------------------------------


---------------------------------------------------------------------------------------
| Experiment Run 155/200 [2018-02-27_09:56:58]
---------------------------------------------------------------------------------------


---------------------------------------------------------------------------------------
| Experiment Run 156/200 [2018-02-27_09:57:15]
---------------------------------------------------------------------------------------


---------------------------------------------------------------------------------------
| Experiment Run 157/200 [2018-02-27_09:57:31]
---------------------------------------------------------------------------------------


---------------------------------------------------------------------------------------
| Experiment Run 158/200 [2018-02-27_09:57:48]
---------------------------------------------------------------------------------------


---------------------------------------------------------------------------------------
| Experiment Run 159/200 [2018-02-27_09:58:05]
---------------------------------------------------------------------------------------


---------------------------------------------------------------------------------------
| Experiment Run 160/200 [2018-02-27_09:58:22]
---------------------------------------------------------------------------------------


---------------------------------------------------------------------------------------
| Experiment Run 161/200 [2018-02-27_09:58:39]
---------------------------------------------------------------------------------------


---------------------------------------------------------------------------------------
| Experiment Run 162/200 [2018-02-27_09:58:56]
---------------------------------------------------------------------------------------


---------------------------------------------------------------------------------------
| Experiment Run 163/200 [2018-02-27_09:59:12]
---------------------------------------------------------------------------------------


---------------------------------------------------------------------------------------
| Experiment Run 164/200 [2018-02-27_09:59:29]
---------------------------------------------------------------------------------------


---------------------------------------------------------------------------------------
| Experiment Run 165/200 [2018-02-27_09:59:46]
---------------------------------------------------------------------------------------


---------------------------------------------------------------------------------------
| Experiment Run 166/200 [2018-02-27_10:00:03]
---------------------------------------------------------------------------------------


---------------------------------------------------------------------------------------
| Experiment Run 167/200 [2018-02-27_10:00:20]
---------------------------------------------------------------------------------------


---------------------------------------------------------------------------------------
| Experiment Run 168/200 [2018-02-27_10:00:37]
---------------------------------------------------------------------------------------


---------------------------------------------------------------------------------------
| Experiment Run 169/200 [2018-02-27_10:00:53]
---------------------------------------------------------------------------------------


---------------------------------------------------------------------------------------
| Experiment Run 170/200 [2018-02-27_10:01:10]
---------------------------------------------------------------------------------------


---------------------------------------------------------------------------------------
| Experiment Run 171/200 [2018-02-27_10:01:26]
---------------------------------------------------------------------------------------


---------------------------------------------------------------------------------------
| Experiment Run 172/200 [2018-02-27_10:01:43]
---------------------------------------------------------------------------------------


---------------------------------------------------------------------------------------
| Experiment Run 173/200 [2018-02-27_10:01:59]
---------------------------------------------------------------------------------------


---------------------------------------------------------------------------------------
| Experiment Run 174/200 [2018-02-27_10:02:17]
---------------------------------------------------------------------------------------


---------------------------------------------------------------------------------------
| Experiment Run 175/200 [2018-02-27_10:02:33]
---------------------------------------------------------------------------------------


---------------------------------------------------------------------------------------
| Experiment Run 176/200 [2018-02-27_10:02:50]
---------------------------------------------------------------------------------------


---------------------------------------------------------------------------------------
| Experiment Run 177/200 [2018-02-27_10:03:07]
---------------------------------------------------------------------------------------


---------------------------------------------------------------------------------------
| Experiment Run 178/200 [2018-02-27_10:03:23]
---------------------------------------------------------------------------------------


---------------------------------------------------------------------------------------
| Experiment Run 179/200 [2018-02-27_10:03:40]
---------------------------------------------------------------------------------------


---------------------------------------------------------------------------------------
| Experiment Run 180/200 [2018-02-27_10:03:57]
---------------------------------------------------------------------------------------


---------------------------------------------------------------------------------------
| Experiment Run 181/200 [2018-02-27_10:04:14]
---------------------------------------------------------------------------------------


---------------------------------------------------------------------------------------
| Experiment Run 182/200 [2018-02-27_10:04:31]
---------------------------------------------------------------------------------------


---------------------------------------------------------------------------------------
| Experiment Run 183/200 [2018-02-27_10:04:48]
---------------------------------------------------------------------------------------


---------------------------------------------------------------------------------------
| Experiment Run 184/200 [2018-02-27_10:05:05]
---------------------------------------------------------------------------------------


---------------------------------------------------------------------------------------
| Experiment Run 185/200 [2018-02-27_10:05:22]
---------------------------------------------------------------------------------------


---------------------------------------------------------------------------------------
| Experiment Run 186/200 [2018-02-27_10:05:39]
---------------------------------------------------------------------------------------


---------------------------------------------------------------------------------------
| Experiment Run 187/200 [2018-02-27_10:05:56]
---------------------------------------------------------------------------------------


---------------------------------------------------------------------------------------
| Experiment Run 188/200 [2018-02-27_10:06:13]
---------------------------------------------------------------------------------------


---------------------------------------------------------------------------------------
| Experiment Run 189/200 [2018-02-27_10:06:30]
---------------------------------------------------------------------------------------


---------------------------------------------------------------------------------------
| Experiment Run 190/200 [2018-02-27_10:06:47]
---------------------------------------------------------------------------------------


---------------------------------------------------------------------------------------
| Experiment Run 191/200 [2018-02-27_10:07:04]
---------------------------------------------------------------------------------------


---------------------------------------------------------------------------------------
| Experiment Run 192/200 [2018-02-27_10:07:21]
---------------------------------------------------------------------------------------


---------------------------------------------------------------------------------------
| Experiment Run 193/200 [2018-02-27_10:07:38]
---------------------------------------------------------------------------------------


---------------------------------------------------------------------------------------
| Experiment Run 194/200 [2018-02-27_10:07:55]
---------------------------------------------------------------------------------------


---------------------------------------------------------------------------------------
| Experiment Run 195/200 [2018-02-27_10:08:12]
---------------------------------------------------------------------------------------


---------------------------------------------------------------------------------------
| Experiment Run 196/200 [2018-02-27_10:08:29]
---------------------------------------------------------------------------------------


---------------------------------------------------------------------------------------
| Experiment Run 197/200 [2018-02-27_10:08:46]
---------------------------------------------------------------------------------------


---------------------------------------------------------------------------------------
| Experiment Run 198/200 [2018-02-27_10:09:03]
---------------------------------------------------------------------------------------


---------------------------------------------------------------------------------------
| Experiment Run 199/200 [2018-02-27_10:09:19]
---------------------------------------------------------------------------------------


---------------------------------------------------------------------------------------
| Experiment Run 200/200 [2018-02-27_10:09:36]
---------------------------------------------------------------------------------------


---------------------------------------------------------------------------------------
| Experiment done! [2018-02-27_10:09:53]
---------------------------------------------------------------------------------------
