=======================================================================================
| Kingdomino AI Experiment
|--------------------------------------------------------------------------------------
|
| Player strategy: UCTW_TR_C0_6_W0_1
| Opponent strategy: FULL_GREEDY
|
| Max search time: 1 (s)
| Max playouts: 0
| Runs: 200
|
| System: Linux 3.20GHz
| Output file: kdom_exp-20180226-134616-rev-16285e2-cpu-3.20GHz/kdom_exp_UCTW_TR_C0_6_W0_1_vs_FULL_GREEDY_G200_T1_P0.dat
|
| Executing: 'java -jar out/kdom-exp.jar UCTW_TR_C0_6_W0_1 FULL_GREEDY 1 0 kdom_exp-20180226-134616-rev-16285e2-cpu-3.20GHz/kdom_exp_UCTW_TR_C0_6_W0_1_vs_FULL_GREEDY_G200_T1_P0.tmp'
| Git Revision: 16285e2
|
| Start time: 2018-02-27_05:27:59
---------------------------------------------------------------------------------------

---------------------------------------------------------------------------------------
| Experiment Run 1/200 [2018-02-27_05:27:59]
---------------------------------------------------------------------------------------


---------------------------------------------------------------------------------------
| Experiment Run 2/200 [2018-02-27_05:28:16]
---------------------------------------------------------------------------------------


---------------------------------------------------------------------------------------
| Experiment Run 3/200 [2018-02-27_05:28:33]
---------------------------------------------------------------------------------------


---------------------------------------------------------------------------------------
| Experiment Run 4/200 [2018-02-27_05:28:50]
---------------------------------------------------------------------------------------


---------------------------------------------------------------------------------------
| Experiment Run 5/200 [2018-02-27_05:29:07]
---------------------------------------------------------------------------------------


---------------------------------------------------------------------------------------
| Experiment Run 6/200 [2018-02-27_05:29:24]
---------------------------------------------------------------------------------------


---------------------------------------------------------------------------------------
| Experiment Run 7/200 [2018-02-27_05:29:41]
---------------------------------------------------------------------------------------


---------------------------------------------------------------------------------------
| Experiment Run 8/200 [2018-02-27_05:29:58]
---------------------------------------------------------------------------------------


---------------------------------------------------------------------------------------
| Experiment Run 9/200 [2018-02-27_05:30:15]
---------------------------------------------------------------------------------------


---------------------------------------------------------------------------------------
| Experiment Run 10/200 [2018-02-27_05:30:32]
---------------------------------------------------------------------------------------


---------------------------------------------------------------------------------------
| Experiment Run 11/200 [2018-02-27_05:30:49]
---------------------------------------------------------------------------------------


---------------------------------------------------------------------------------------
| Experiment Run 12/200 [2018-02-27_05:31:06]
---------------------------------------------------------------------------------------


---------------------------------------------------------------------------------------
| Experiment Run 13/200 [2018-02-27_05:31:23]
---------------------------------------------------------------------------------------


---------------------------------------------------------------------------------------
| Experiment Run 14/200 [2018-02-27_05:31:40]
---------------------------------------------------------------------------------------


---------------------------------------------------------------------------------------
| Experiment Run 15/200 [2018-02-27_05:31:57]
---------------------------------------------------------------------------------------


---------------------------------------------------------------------------------------
| Experiment Run 16/200 [2018-02-27_05:32:13]
---------------------------------------------------------------------------------------


---------------------------------------------------------------------------------------
| Experiment Run 17/200 [2018-02-27_05:32:30]
---------------------------------------------------------------------------------------


---------------------------------------------------------------------------------------
| Experiment Run 18/200 [2018-02-27_05:32:47]
---------------------------------------------------------------------------------------


---------------------------------------------------------------------------------------
| Experiment Run 19/200 [2018-02-27_05:33:05]
---------------------------------------------------------------------------------------


---------------------------------------------------------------------------------------
| Experiment Run 20/200 [2018-02-27_05:33:22]
---------------------------------------------------------------------------------------


---------------------------------------------------------------------------------------
| Experiment Run 21/200 [2018-02-27_05:33:38]
---------------------------------------------------------------------------------------


---------------------------------------------------------------------------------------
| Experiment Run 22/200 [2018-02-27_05:33:55]
---------------------------------------------------------------------------------------


---------------------------------------------------------------------------------------
| Experiment Run 23/200 [2018-02-27_05:34:12]
---------------------------------------------------------------------------------------


---------------------------------------------------------------------------------------
| Experiment Run 24/200 [2018-02-27_05:34:29]
---------------------------------------------------------------------------------------


---------------------------------------------------------------------------------------
| Experiment Run 25/200 [2018-02-27_05:34:46]
---------------------------------------------------------------------------------------


---------------------------------------------------------------------------------------
| Experiment Run 26/200 [2018-02-27_05:35:03]
---------------------------------------------------------------------------------------


---------------------------------------------------------------------------------------
| Experiment Run 27/200 [2018-02-27_05:35:20]
---------------------------------------------------------------------------------------


---------------------------------------------------------------------------------------
| Experiment Run 28/200 [2018-02-27_05:35:37]
---------------------------------------------------------------------------------------


---------------------------------------------------------------------------------------
| Experiment Run 29/200 [2018-02-27_05:35:54]
---------------------------------------------------------------------------------------


---------------------------------------------------------------------------------------
| Experiment Run 30/200 [2018-02-27_05:36:11]
---------------------------------------------------------------------------------------


---------------------------------------------------------------------------------------
| Experiment Run 31/200 [2018-02-27_05:36:28]
---------------------------------------------------------------------------------------


---------------------------------------------------------------------------------------
| Experiment Run 32/200 [2018-02-27_05:36:44]
---------------------------------------------------------------------------------------


---------------------------------------------------------------------------------------
| Experiment Run 33/200 [2018-02-27_05:37:01]
---------------------------------------------------------------------------------------


---------------------------------------------------------------------------------------
| Experiment Run 34/200 [2018-02-27_05:37:18]
---------------------------------------------------------------------------------------


---------------------------------------------------------------------------------------
| Experiment Run 35/200 [2018-02-27_05:37:35]
---------------------------------------------------------------------------------------


---------------------------------------------------------------------------------------
| Experiment Run 36/200 [2018-02-27_05:37:51]
---------------------------------------------------------------------------------------


---------------------------------------------------------------------------------------
| Experiment Run 37/200 [2018-02-27_05:38:08]
---------------------------------------------------------------------------------------


---------------------------------------------------------------------------------------
| Experiment Run 38/200 [2018-02-27_05:38:25]
---------------------------------------------------------------------------------------


---------------------------------------------------------------------------------------
| Experiment Run 39/200 [2018-02-27_05:38:42]
---------------------------------------------------------------------------------------


---------------------------------------------------------------------------------------
| Experiment Run 40/200 [2018-02-27_05:38:59]
---------------------------------------------------------------------------------------


---------------------------------------------------------------------------------------
| Experiment Run 41/200 [2018-02-27_05:39:16]
---------------------------------------------------------------------------------------


---------------------------------------------------------------------------------------
| Experiment Run 42/200 [2018-02-27_05:39:33]
---------------------------------------------------------------------------------------


---------------------------------------------------------------------------------------
| Experiment Run 43/200 [2018-02-27_05:39:51]
---------------------------------------------------------------------------------------


---------------------------------------------------------------------------------------
| Experiment Run 44/200 [2018-02-27_05:40:07]
---------------------------------------------------------------------------------------


---------------------------------------------------------------------------------------
| Experiment Run 45/200 [2018-02-27_05:40:24]
---------------------------------------------------------------------------------------


---------------------------------------------------------------------------------------
| Experiment Run 46/200 [2018-02-27_05:40:41]
---------------------------------------------------------------------------------------


---------------------------------------------------------------------------------------
| Experiment Run 47/200 [2018-02-27_05:40:58]
---------------------------------------------------------------------------------------


---------------------------------------------------------------------------------------
| Experiment Run 48/200 [2018-02-27_05:41:15]
---------------------------------------------------------------------------------------


---------------------------------------------------------------------------------------
| Experiment Run 49/200 [2018-02-27_05:41:32]
---------------------------------------------------------------------------------------


---------------------------------------------------------------------------------------
| Experiment Run 50/200 [2018-02-27_05:41:49]
---------------------------------------------------------------------------------------


---------------------------------------------------------------------------------------
| Experiment Run 51/200 [2018-02-27_05:42:06]
---------------------------------------------------------------------------------------


---------------------------------------------------------------------------------------
| Experiment Run 52/200 [2018-02-27_05:42:22]
---------------------------------------------------------------------------------------


---------------------------------------------------------------------------------------
| Experiment Run 53/200 [2018-02-27_05:42:40]
---------------------------------------------------------------------------------------


---------------------------------------------------------------------------------------
| Experiment Run 54/200 [2018-02-27_05:42:57]
---------------------------------------------------------------------------------------


---------------------------------------------------------------------------------------
| Experiment Run 55/200 [2018-02-27_05:43:14]
---------------------------------------------------------------------------------------


---------------------------------------------------------------------------------------
| Experiment Run 56/200 [2018-02-27_05:43:31]
---------------------------------------------------------------------------------------


---------------------------------------------------------------------------------------
| Experiment Run 57/200 [2018-02-27_05:43:48]
---------------------------------------------------------------------------------------


---------------------------------------------------------------------------------------
| Experiment Run 58/200 [2018-02-27_05:44:04]
---------------------------------------------------------------------------------------


---------------------------------------------------------------------------------------
| Experiment Run 59/200 [2018-02-27_05:44:21]
---------------------------------------------------------------------------------------


---------------------------------------------------------------------------------------
| Experiment Run 60/200 [2018-02-27_05:44:39]
---------------------------------------------------------------------------------------


---------------------------------------------------------------------------------------
| Experiment Run 61/200 [2018-02-27_05:44:57]
---------------------------------------------------------------------------------------


---------------------------------------------------------------------------------------
| Experiment Run 62/200 [2018-02-27_05:45:13]
---------------------------------------------------------------------------------------


---------------------------------------------------------------------------------------
| Experiment Run 63/200 [2018-02-27_05:45:30]
---------------------------------------------------------------------------------------


---------------------------------------------------------------------------------------
| Experiment Run 64/200 [2018-02-27_05:45:47]
---------------------------------------------------------------------------------------


---------------------------------------------------------------------------------------
| Experiment Run 65/200 [2018-02-27_05:46:04]
---------------------------------------------------------------------------------------


---------------------------------------------------------------------------------------
| Experiment Run 66/200 [2018-02-27_05:46:21]
---------------------------------------------------------------------------------------


---------------------------------------------------------------------------------------
| Experiment Run 67/200 [2018-02-27_05:46:38]
---------------------------------------------------------------------------------------


---------------------------------------------------------------------------------------
| Experiment Run 68/200 [2018-02-27_05:46:55]
---------------------------------------------------------------------------------------


---------------------------------------------------------------------------------------
| Experiment Run 69/200 [2018-02-27_05:47:11]
---------------------------------------------------------------------------------------


---------------------------------------------------------------------------------------
| Experiment Run 70/200 [2018-02-27_05:47:28]
---------------------------------------------------------------------------------------


---------------------------------------------------------------------------------------
| Experiment Run 71/200 [2018-02-27_05:47:45]
---------------------------------------------------------------------------------------


---------------------------------------------------------------------------------------
| Experiment Run 72/200 [2018-02-27_05:48:02]
---------------------------------------------------------------------------------------


---------------------------------------------------------------------------------------
| Experiment Run 73/200 [2018-02-27_05:48:19]
---------------------------------------------------------------------------------------


---------------------------------------------------------------------------------------
| Experiment Run 74/200 [2018-02-27_05:48:36]
---------------------------------------------------------------------------------------


---------------------------------------------------------------------------------------
| Experiment Run 75/200 [2018-02-27_05:48:53]
---------------------------------------------------------------------------------------


---------------------------------------------------------------------------------------
| Experiment Run 76/200 [2018-02-27_05:49:10]
---------------------------------------------------------------------------------------


---------------------------------------------------------------------------------------
| Experiment Run 77/200 [2018-02-27_05:49:27]
---------------------------------------------------------------------------------------


---------------------------------------------------------------------------------------
| Experiment Run 78/200 [2018-02-27_05:49:44]
---------------------------------------------------------------------------------------


---------------------------------------------------------------------------------------
| Experiment Run 79/200 [2018-02-27_05:50:01]
---------------------------------------------------------------------------------------


---------------------------------------------------------------------------------------
| Experiment Run 80/200 [2018-02-27_05:50:18]
---------------------------------------------------------------------------------------


---------------------------------------------------------------------------------------
| Experiment Run 81/200 [2018-02-27_05:50:35]
---------------------------------------------------------------------------------------


---------------------------------------------------------------------------------------
| Experiment Run 82/200 [2018-02-27_05:50:51]
---------------------------------------------------------------------------------------


---------------------------------------------------------------------------------------
| Experiment Run 83/200 [2018-02-27_05:51:08]
---------------------------------------------------------------------------------------


---------------------------------------------------------------------------------------
| Experiment Run 84/200 [2018-02-27_05:51:25]
---------------------------------------------------------------------------------------


---------------------------------------------------------------------------------------
| Experiment Run 85/200 [2018-02-27_05:51:42]
---------------------------------------------------------------------------------------


---------------------------------------------------------------------------------------
| Experiment Run 86/200 [2018-02-27_05:51:59]
---------------------------------------------------------------------------------------


---------------------------------------------------------------------------------------
| Experiment Run 87/200 [2018-02-27_05:52:16]
---------------------------------------------------------------------------------------


---------------------------------------------------------------------------------------
| Experiment Run 88/200 [2018-02-27_05:52:33]
---------------------------------------------------------------------------------------


---------------------------------------------------------------------------------------
| Experiment Run 89/200 [2018-02-27_05:52:49]
---------------------------------------------------------------------------------------


---------------------------------------------------------------------------------------
| Experiment Run 90/200 [2018-02-27_05:53:06]
---------------------------------------------------------------------------------------


---------------------------------------------------------------------------------------
| Experiment Run 91/200 [2018-02-27_05:53:23]
---------------------------------------------------------------------------------------


---------------------------------------------------------------------------------------
| Experiment Run 92/200 [2018-02-27_05:53:40]
---------------------------------------------------------------------------------------


---------------------------------------------------------------------------------------
| Experiment Run 93/200 [2018-02-27_05:53:57]
---------------------------------------------------------------------------------------


---------------------------------------------------------------------------------------
| Experiment Run 94/200 [2018-02-27_05:54:14]
---------------------------------------------------------------------------------------


---------------------------------------------------------------------------------------
| Experiment Run 95/200 [2018-02-27_05:54:31]
---------------------------------------------------------------------------------------


---------------------------------------------------------------------------------------
| Experiment Run 96/200 [2018-02-27_05:54:48]
---------------------------------------------------------------------------------------


---------------------------------------------------------------------------------------
| Experiment Run 97/200 [2018-02-27_05:55:04]
---------------------------------------------------------------------------------------


---------------------------------------------------------------------------------------
| Experiment Run 98/200 [2018-02-27_05:55:21]
---------------------------------------------------------------------------------------


---------------------------------------------------------------------------------------
| Experiment Run 99/200 [2018-02-27_05:55:38]
---------------------------------------------------------------------------------------


---------------------------------------------------------------------------------------
| Experiment Run 100/200 [2018-02-27_05:55:55]
---------------------------------------------------------------------------------------


---------------------------------------------------------------------------------------
| Experiment Run 101/200 [2018-02-27_05:56:12]
---------------------------------------------------------------------------------------


---------------------------------------------------------------------------------------
| Experiment Run 102/200 [2018-02-27_05:56:29]
---------------------------------------------------------------------------------------


---------------------------------------------------------------------------------------
| Experiment Run 103/200 [2018-02-27_05:56:46]
---------------------------------------------------------------------------------------


---------------------------------------------------------------------------------------
| Experiment Run 104/200 [2018-02-27_05:57:02]
---------------------------------------------------------------------------------------


---------------------------------------------------------------------------------------
| Experiment Run 105/200 [2018-02-27_05:57:19]
---------------------------------------------------------------------------------------


---------------------------------------------------------------------------------------
| Experiment Run 106/200 [2018-02-27_05:57:36]
---------------------------------------------------------------------------------------


---------------------------------------------------------------------------------------
| Experiment Run 107/200 [2018-02-27_05:57:53]
---------------------------------------------------------------------------------------


---------------------------------------------------------------------------------------
| Experiment Run 108/200 [2018-02-27_05:58:10]
---------------------------------------------------------------------------------------


---------------------------------------------------------------------------------------
| Experiment Run 109/200 [2018-02-27_05:58:26]
---------------------------------------------------------------------------------------


---------------------------------------------------------------------------------------
| Experiment Run 110/200 [2018-02-27_05:58:43]
---------------------------------------------------------------------------------------


---------------------------------------------------------------------------------------
| Experiment Run 111/200 [2018-02-27_05:59:00]
---------------------------------------------------------------------------------------


---------------------------------------------------------------------------------------
| Experiment Run 112/200 [2018-02-27_05:59:17]
---------------------------------------------------------------------------------------


---------------------------------------------------------------------------------------
| Experiment Run 113/200 [2018-02-27_05:59:34]
---------------------------------------------------------------------------------------


---------------------------------------------------------------------------------------
| Experiment Run 114/200 [2018-02-27_05:59:51]
---------------------------------------------------------------------------------------


---------------------------------------------------------------------------------------
| Experiment Run 115/200 [2018-02-27_06:00:07]
---------------------------------------------------------------------------------------


---------------------------------------------------------------------------------------
| Experiment Run 116/200 [2018-02-27_06:00:25]
---------------------------------------------------------------------------------------


---------------------------------------------------------------------------------------
| Experiment Run 117/200 [2018-02-27_06:00:42]
---------------------------------------------------------------------------------------


---------------------------------------------------------------------------------------
| Experiment Run 118/200 [2018-02-27_06:00:59]
---------------------------------------------------------------------------------------


---------------------------------------------------------------------------------------
| Experiment Run 119/200 [2018-02-27_06:01:16]
---------------------------------------------------------------------------------------


---------------------------------------------------------------------------------------
| Experiment Run 120/200 [2018-02-27_06:01:33]
---------------------------------------------------------------------------------------


---------------------------------------------------------------------------------------
| Experiment Run 121/200 [2018-02-27_06:01:50]
---------------------------------------------------------------------------------------


---------------------------------------------------------------------------------------
| Experiment Run 122/200 [2018-02-27_06:02:06]
---------------------------------------------------------------------------------------


---------------------------------------------------------------------------------------
| Experiment Run 123/200 [2018-02-27_06:02:23]
---------------------------------------------------------------------------------------


---------------------------------------------------------------------------------------
| Experiment Run 124/200 [2018-02-27_06:02:40]
---------------------------------------------------------------------------------------


---------------------------------------------------------------------------------------
| Experiment Run 125/200 [2018-02-27_06:02:57]
---------------------------------------------------------------------------------------


---------------------------------------------------------------------------------------
| Experiment Run 126/200 [2018-02-27_06:03:14]
---------------------------------------------------------------------------------------


---------------------------------------------------------------------------------------
| Experiment Run 127/200 [2018-02-27_06:03:31]
---------------------------------------------------------------------------------------


---------------------------------------------------------------------------------------
| Experiment Run 128/200 [2018-02-27_06:03:48]
---------------------------------------------------------------------------------------


---------------------------------------------------------------------------------------
| Experiment Run 129/200 [2018-02-27_06:04:04]
---------------------------------------------------------------------------------------


---------------------------------------------------------------------------------------
| Experiment Run 130/200 [2018-02-27_06:04:21]
---------------------------------------------------------------------------------------


---------------------------------------------------------------------------------------
| Experiment Run 131/200 [2018-02-27_06:04:38]
---------------------------------------------------------------------------------------


---------------------------------------------------------------------------------------
| Experiment Run 132/200 [2018-02-27_06:04:55]
---------------------------------------------------------------------------------------


---------------------------------------------------------------------------------------
| Experiment Run 133/200 [2018-02-27_06:05:12]
---------------------------------------------------------------------------------------


---------------------------------------------------------------------------------------
| Experiment Run 134/200 [2018-02-27_06:05:29]
---------------------------------------------------------------------------------------


---------------------------------------------------------------------------------------
| Experiment Run 135/200 [2018-02-27_06:05:46]
---------------------------------------------------------------------------------------


---------------------------------------------------------------------------------------
| Experiment Run 136/200 [2018-02-27_06:06:03]
---------------------------------------------------------------------------------------


---------------------------------------------------------------------------------------
| Experiment Run 137/200 [2018-02-27_06:06:20]
---------------------------------------------------------------------------------------


---------------------------------------------------------------------------------------
| Experiment Run 138/200 [2018-02-27_06:06:37]
---------------------------------------------------------------------------------------


---------------------------------------------------------------------------------------
| Experiment Run 139/200 [2018-02-27_06:06:54]
---------------------------------------------------------------------------------------


---------------------------------------------------------------------------------------
| Experiment Run 140/200 [2018-02-27_06:07:11]
---------------------------------------------------------------------------------------


---------------------------------------------------------------------------------------
| Experiment Run 141/200 [2018-02-27_06:07:28]
---------------------------------------------------------------------------------------


---------------------------------------------------------------------------------------
| Experiment Run 142/200 [2018-02-27_06:07:45]
---------------------------------------------------------------------------------------


---------------------------------------------------------------------------------------
| Experiment Run 143/200 [2018-02-27_06:08:01]
---------------------------------------------------------------------------------------


---------------------------------------------------------------------------------------
| Experiment Run 144/200 [2018-02-27_06:08:18]
---------------------------------------------------------------------------------------


---------------------------------------------------------------------------------------
| Experiment Run 145/200 [2018-02-27_06:08:35]
---------------------------------------------------------------------------------------


---------------------------------------------------------------------------------------
| Experiment Run 146/200 [2018-02-27_06:08:52]
---------------------------------------------------------------------------------------


---------------------------------------------------------------------------------------
| Experiment Run 147/200 [2018-02-27_06:09:10]
---------------------------------------------------------------------------------------


---------------------------------------------------------------------------------------
| Experiment Run 148/200 [2018-02-27_06:09:27]
---------------------------------------------------------------------------------------


---------------------------------------------------------------------------------------
| Experiment Run 149/200 [2018-02-27_06:09:44]
---------------------------------------------------------------------------------------


---------------------------------------------------------------------------------------
| Experiment Run 150/200 [2018-02-27_06:10:01]
---------------------------------------------------------------------------------------


---------------------------------------------------------------------------------------
| Experiment Run 151/200 [2018-02-27_06:10:18]
---------------------------------------------------------------------------------------


---------------------------------------------------------------------------------------
| Experiment Run 152/200 [2018-02-27_06:10:35]
---------------------------------------------------------------------------------------


---------------------------------------------------------------------------------------
| Experiment Run 153/200 [2018-02-27_06:10:52]
---------------------------------------------------------------------------------------


---------------------------------------------------------------------------------------
| Experiment Run 154/200 [2018-02-27_06:11:09]
---------------------------------------------------------------------------------------


---------------------------------------------------------------------------------------
| Experiment Run 155/200 [2018-02-27_06:11:26]
---------------------------------------------------------------------------------------


---------------------------------------------------------------------------------------
| Experiment Run 156/200 [2018-02-27_06:11:42]
---------------------------------------------------------------------------------------


---------------------------------------------------------------------------------------
| Experiment Run 157/200 [2018-02-27_06:11:59]
---------------------------------------------------------------------------------------


---------------------------------------------------------------------------------------
| Experiment Run 158/200 [2018-02-27_06:12:16]
---------------------------------------------------------------------------------------


---------------------------------------------------------------------------------------
| Experiment Run 159/200 [2018-02-27_06:12:33]
---------------------------------------------------------------------------------------


---------------------------------------------------------------------------------------
| Experiment Run 160/200 [2018-02-27_06:12:50]
---------------------------------------------------------------------------------------


---------------------------------------------------------------------------------------
| Experiment Run 161/200 [2018-02-27_06:13:07]
---------------------------------------------------------------------------------------


---------------------------------------------------------------------------------------
| Experiment Run 162/200 [2018-02-27_06:13:25]
---------------------------------------------------------------------------------------


---------------------------------------------------------------------------------------
| Experiment Run 163/200 [2018-02-27_06:13:41]
---------------------------------------------------------------------------------------


---------------------------------------------------------------------------------------
| Experiment Run 164/200 [2018-02-27_06:13:58]
---------------------------------------------------------------------------------------


---------------------------------------------------------------------------------------
| Experiment Run 165/200 [2018-02-27_06:14:16]
---------------------------------------------------------------------------------------


---------------------------------------------------------------------------------------
| Experiment Run 166/200 [2018-02-27_06:14:33]
---------------------------------------------------------------------------------------


---------------------------------------------------------------------------------------
| Experiment Run 167/200 [2018-02-27_06:14:50]
---------------------------------------------------------------------------------------


---------------------------------------------------------------------------------------
| Experiment Run 168/200 [2018-02-27_06:15:06]
---------------------------------------------------------------------------------------


---------------------------------------------------------------------------------------
| Experiment Run 169/200 [2018-02-27_06:15:23]
---------------------------------------------------------------------------------------


---------------------------------------------------------------------------------------
| Experiment Run 170/200 [2018-02-27_06:15:40]
---------------------------------------------------------------------------------------


---------------------------------------------------------------------------------------
| Experiment Run 171/200 [2018-02-27_06:15:57]
---------------------------------------------------------------------------------------


---------------------------------------------------------------------------------------
| Experiment Run 172/200 [2018-02-27_06:16:14]
---------------------------------------------------------------------------------------


---------------------------------------------------------------------------------------
| Experiment Run 173/200 [2018-02-27_06:16:31]
---------------------------------------------------------------------------------------


---------------------------------------------------------------------------------------
| Experiment Run 174/200 [2018-02-27_06:16:48]
---------------------------------------------------------------------------------------


---------------------------------------------------------------------------------------
| Experiment Run 175/200 [2018-02-27_06:17:06]
---------------------------------------------------------------------------------------


---------------------------------------------------------------------------------------
| Experiment Run 176/200 [2018-02-27_06:17:23]
---------------------------------------------------------------------------------------


---------------------------------------------------------------------------------------
| Experiment Run 177/200 [2018-02-27_06:17:39]
---------------------------------------------------------------------------------------


---------------------------------------------------------------------------------------
| Experiment Run 178/200 [2018-02-27_06:17:56]
---------------------------------------------------------------------------------------


---------------------------------------------------------------------------------------
| Experiment Run 179/200 [2018-02-27_06:18:13]
---------------------------------------------------------------------------------------


---------------------------------------------------------------------------------------
| Experiment Run 180/200 [2018-02-27_06:18:30]
---------------------------------------------------------------------------------------


---------------------------------------------------------------------------------------
| Experiment Run 181/200 [2018-02-27_06:18:48]
---------------------------------------------------------------------------------------


---------------------------------------------------------------------------------------
| Experiment Run 182/200 [2018-02-27_06:19:05]
---------------------------------------------------------------------------------------


---------------------------------------------------------------------------------------
| Experiment Run 183/200 [2018-02-27_06:19:22]
---------------------------------------------------------------------------------------


---------------------------------------------------------------------------------------
| Experiment Run 184/200 [2018-02-27_06:19:39]
---------------------------------------------------------------------------------------


---------------------------------------------------------------------------------------
| Experiment Run 185/200 [2018-02-27_06:19:56]
---------------------------------------------------------------------------------------


---------------------------------------------------------------------------------------
| Experiment Run 186/200 [2018-02-27_06:20:12]
---------------------------------------------------------------------------------------


---------------------------------------------------------------------------------------
| Experiment Run 187/200 [2018-02-27_06:20:29]
---------------------------------------------------------------------------------------


---------------------------------------------------------------------------------------
| Experiment Run 188/200 [2018-02-27_06:20:46]
---------------------------------------------------------------------------------------


---------------------------------------------------------------------------------------
| Experiment Run 189/200 [2018-02-27_06:21:03]
---------------------------------------------------------------------------------------


---------------------------------------------------------------------------------------
| Experiment Run 190/200 [2018-02-27_06:21:20]
---------------------------------------------------------------------------------------


---------------------------------------------------------------------------------------
| Experiment Run 191/200 [2018-02-27_06:21:37]
---------------------------------------------------------------------------------------


---------------------------------------------------------------------------------------
| Experiment Run 192/200 [2018-02-27_06:21:53]
---------------------------------------------------------------------------------------


---------------------------------------------------------------------------------------
| Experiment Run 193/200 [2018-02-27_06:22:10]
---------------------------------------------------------------------------------------


---------------------------------------------------------------------------------------
| Experiment Run 194/200 [2018-02-27_06:22:27]
---------------------------------------------------------------------------------------


---------------------------------------------------------------------------------------
| Experiment Run 195/200 [2018-02-27_06:22:44]
---------------------------------------------------------------------------------------


---------------------------------------------------------------------------------------
| Experiment Run 196/200 [2018-02-27_06:23:01]
---------------------------------------------------------------------------------------


---------------------------------------------------------------------------------------
| Experiment Run 197/200 [2018-02-27_06:23:18]
---------------------------------------------------------------------------------------


---------------------------------------------------------------------------------------
| Experiment Run 198/200 [2018-02-27_06:23:35]
---------------------------------------------------------------------------------------


---------------------------------------------------------------------------------------
| Experiment Run 199/200 [2018-02-27_06:23:52]
---------------------------------------------------------------------------------------


---------------------------------------------------------------------------------------
| Experiment Run 200/200 [2018-02-27_06:24:10]
---------------------------------------------------------------------------------------


---------------------------------------------------------------------------------------
| Experiment done! [2018-02-27_06:24:26]
---------------------------------------------------------------------------------------
