=======================================================================================
| Kingdomino AI Experiment
|--------------------------------------------------------------------------------------
|
| Player strategy: UCT_FG_C0_1_W0_0
| Opponent strategy: FULL_GREEDY
|
| Max search time: 0.5 (s)
| Max playouts: 0
| Runs: 20
|
| System: Mac 2.70GHz
| Output file: kdom_exp-20180118-231022-rev-1903193-cpu-2.70GHz/kdom_exp_UCT_FG_C0_1_W0_0_vs_FULL_GREEDY_T0.5_P0.dat
|
| Executing: 'java -jar out/kdom-exp.jar UCT_FG_C0_1_W0_0 FULL_GREEDY 0.5 0 kdom_exp-20180118-231022-rev-1903193-cpu-2.70GHz/kdom_exp_UCT_FG_C0_1_W0_0_vs_FULL_GREEDY_T0.5_P0.tmp'
| Git Revision: 1903193
---------------------------------------------------------------------------------------

---------------------------------------------------------------------------------------
| Experiment Run 1/20
---------------------------------------------------------------------------------------


---------------------------------------------------------------------------------------
| Experiment Run 2/20
---------------------------------------------------------------------------------------


---------------------------------------------------------------------------------------
| Experiment Run 3/20
---------------------------------------------------------------------------------------


---------------------------------------------------------------------------------------
| Experiment Run 4/20
---------------------------------------------------------------------------------------


---------------------------------------------------------------------------------------
| Experiment Run 5/20
---------------------------------------------------------------------------------------


---------------------------------------------------------------------------------------
| Experiment Run 6/20
---------------------------------------------------------------------------------------


---------------------------------------------------------------------------------------
| Experiment Run 7/20
---------------------------------------------------------------------------------------


---------------------------------------------------------------------------------------
| Experiment Run 8/20
---------------------------------------------------------------------------------------


---------------------------------------------------------------------------------------
| Experiment Run 9/20
---------------------------------------------------------------------------------------


---------------------------------------------------------------------------------------
| Experiment Run 10/20
---------------------------------------------------------------------------------------


---------------------------------------------------------------------------------------
| Experiment Run 11/20
---------------------------------------------------------------------------------------


---------------------------------------------------------------------------------------
| Experiment Run 12/20
---------------------------------------------------------------------------------------


---------------------------------------------------------------------------------------
| Experiment Run 13/20
---------------------------------------------------------------------------------------


---------------------------------------------------------------------------------------
| Experiment Run 14/20
---------------------------------------------------------------------------------------


---------------------------------------------------------------------------------------
| Experiment Run 15/20
---------------------------------------------------------------------------------------


---------------------------------------------------------------------------------------
| Experiment Run 16/20
---------------------------------------------------------------------------------------


---------------------------------------------------------------------------------------
| Experiment Run 17/20
---------------------------------------------------------------------------------------


---------------------------------------------------------------------------------------
| Experiment Run 18/20
---------------------------------------------------------------------------------------


---------------------------------------------------------------------------------------
| Experiment Run 19/20
---------------------------------------------------------------------------------------


---------------------------------------------------------------------------------------
| Experiment Run 20/20
---------------------------------------------------------------------------------------


---------------------------------------------------------------------------------------
| Experiment done!
---------------------------------------------------------------------------------------
